-------------------------------------------------------------------------------
Test set: runners.RunnerTest
-------------------------------------------------------------------------------
Tests run: 269, Failures: 14, Errors: 0, Skipped: 34, Time elapsed: 708.514 s <<< FAILURE! - in runners.RunnerTest
Scenario: Add one book to the User`s Profile.And I see the Profile Book Catalog empty  Time elapsed: 0.007 s  <<< FAILURE!
List size mismatch: expected: = 0, actual: 2, collection: [class ='rt-tr-group'].filter(not empty: attribute value="" and exact text "")
Screenshot: file:/C:/Users/alexd/Projetos/BookStore_Cucumber/build/reports/tests/1702573756951.0.png
Page source: file:/C:/Users/alexd/Projetos/BookStore_Cucumber/build/reports/tests/1702573756951.0.html
Timeout: 4 s.
	at com.codeborne.selenide.collections.CollectionSizeCondition.fail(CollectionSizeCondition.java:40)
	at com.codeborne.selenide.collections.ListSize.fail(ListSize.java:6)
	at com.codeborne.selenide.ElementsCollection.waitUntil(ElementsCollection.java:200)
	at com.codeborne.selenide.ElementsCollection.should(ElementsCollection.java:145)
	at com.codeborne.selenide.ElementsCollection.shouldHave(ElementsCollection.java:119)
	at steps.ProfileSteps.iSeeTheProfileBookCatalogEmpty(ProfileSteps.java:19)
	at ✽.And I see the Profile Book Catalog empty(AddAndDeleteAllBooks.feature:11)

Scenario: Add one book to the User`s Profile  Time elapsed: 0.008 s  <<< FAILURE!
List size mismatch: expected: = 0, actual: 2, collection: [class ='rt-tr-group'].filter(not empty: attribute value="" and exact text "")
Screenshot: file:/C:/Users/alexd/Projetos/BookStore_Cucumber/build/reports/tests/1702573756951.0.png
Page source: file:/C:/Users/alexd/Projetos/BookStore_Cucumber/build/reports/tests/1702573756951.0.html
Timeout: 4 s.
	at com.codeborne.selenide.collections.CollectionSizeCondition.fail(CollectionSizeCondition.java:40)
	at com.codeborne.selenide.collections.ListSize.fail(ListSize.java:6)
	at com.codeborne.selenide.ElementsCollection.waitUntil(ElementsCollection.java:200)
	at com.codeborne.selenide.ElementsCollection.should(ElementsCollection.java:145)
	at com.codeborne.selenide.ElementsCollection.shouldHave(ElementsCollection.java:119)
	at steps.ProfileSteps.iSeeTheProfileBookCatalogEmpty(ProfileSteps.java:19)
	at ✽.And I see the Profile Book Catalog empty(AddAndDeleteAllBooks.feature:11)

Scenario: Add one book to the User`s Profile.And I see the Profile Book Catalog empty  Time elapsed: 0.001 s  <<< FAILURE!
List size mismatch: expected: = 0, actual: 2, collection: [class ='rt-tr-group'].filter(not empty: attribute value="" and exact text "")
Screenshot: file:/C:/Users/alexd/Projetos/BookStore_Cucumber/build/reports/tests/1702573784832.1.png
Page source: file:/C:/Users/alexd/Projetos/BookStore_Cucumber/build/reports/tests/1702573784832.1.html
Timeout: 4 s.
	at com.codeborne.selenide.collections.CollectionSizeCondition.fail(CollectionSizeCondition.java:40)
	at com.codeborne.selenide.collections.ListSize.fail(ListSize.java:6)
	at com.codeborne.selenide.ElementsCollection.waitUntil(ElementsCollection.java:200)
	at com.codeborne.selenide.ElementsCollection.should(ElementsCollection.java:145)
	at com.codeborne.selenide.ElementsCollection.shouldHave(ElementsCollection.java:119)
	at steps.ProfileSteps.iSeeTheProfileBookCatalogEmpty(ProfileSteps.java:19)
	at ✽.And I see the Profile Book Catalog empty(AddAndDeleteOneBookTest.feature:11)

Scenario: Add one book to the User`s Profile  Time elapsed: 0.003 s  <<< FAILURE!
List size mismatch: expected: = 0, actual: 2, collection: [class ='rt-tr-group'].filter(not empty: attribute value="" and exact text "")
Screenshot: file:/C:/Users/alexd/Projetos/BookStore_Cucumber/build/reports/tests/1702573784832.1.png
Page source: file:/C:/Users/alexd/Projetos/BookStore_Cucumber/build/reports/tests/1702573784832.1.html
Timeout: 4 s.
	at com.codeborne.selenide.collections.CollectionSizeCondition.fail(CollectionSizeCondition.java:40)
	at com.codeborne.selenide.collections.ListSize.fail(ListSize.java:6)
	at com.codeborne.selenide.ElementsCollection.waitUntil(ElementsCollection.java:200)
	at com.codeborne.selenide.ElementsCollection.should(ElementsCollection.java:145)
	at com.codeborne.selenide.ElementsCollection.shouldHave(ElementsCollection.java:119)
	at steps.ProfileSteps.iSeeTheProfileBookCatalogEmpty(ProfileSteps.java:19)
	at ✽.And I see the Profile Book Catalog empty(AddAndDeleteOneBookTest.feature:11)

Scenario: Sort books by title A_Z.Then I see the books sorted in A_Z order  Time elapsed: 0 s  <<< FAILURE!
java.lang.AssertionError: expected:<[Designing Evolvable Web APIs with ASP.NET, Eloquent JavaScript, Second Edition, Git Pocket Guide, Learning JavaScript Design Patterns, Programming JavaScript Applications, Speaking JavaScript, Understanding ECMAScript 6, You Don't Know JS]> but was:<[Git Pocket Guide, Learning JavaScript Design Patterns, Designing Evolvable Web APIs with ASP.NET, Speaking JavaScript, You Don't Know JS, Programming JavaScript Applications, Eloquent JavaScript, Second Edition, Understanding ECMAScript 6]>
	at org.junit.Assert.fail(Assert.java:88)
	at org.junit.Assert.failNotEquals(Assert.java:834)
	at org.junit.Assert.assertEquals(Assert.java:118)
	at org.junit.Assert.assertEquals(Assert.java:144)
	at steps.BookStoreSteps.iSeeTheBooksSortedInA_ZOrder(BookStoreSteps.java:83)
	at ✽.Then I see the books sorted in A_Z order(BookStoreSortTest.feature:10)

Scenario: Sort books by title A_Z  Time elapsed: 0.002 s  <<< FAILURE!
java.lang.AssertionError: expected:<[Designing Evolvable Web APIs with ASP.NET, Eloquent JavaScript, Second Edition, Git Pocket Guide, Learning JavaScript Design Patterns, Programming JavaScript Applications, Speaking JavaScript, Understanding ECMAScript 6, You Don't Know JS]> but was:<[Git Pocket Guide, Learning JavaScript Design Patterns, Designing Evolvable Web APIs with ASP.NET, Speaking JavaScript, You Don't Know JS, Programming JavaScript Applications, Eloquent JavaScript, Second Edition, Understanding ECMAScript 6]>
	at org.junit.Assert.fail(Assert.java:88)
	at org.junit.Assert.failNotEquals(Assert.java:834)
	at org.junit.Assert.assertEquals(Assert.java:118)
	at org.junit.Assert.assertEquals(Assert.java:144)
	at steps.BookStoreSteps.iSeeTheBooksSortedInA_ZOrder(BookStoreSteps.java:83)
	at ✽.Then I see the books sorted in A_Z order(BookStoreSortTest.feature:10)

Scenario: Sort books by title Z_A.Then I see the books sorted in Z_A order  Time elapsed: 0.003 s  <<< FAILURE!
java.lang.AssertionError: expected:<[You Don't Know JS, Understanding ECMAScript 6, Speaking JavaScript, Programming JavaScript Applications, Learning JavaScript Design Patterns, Git Pocket Guide, Eloquent JavaScript, Second Edition, Designing Evolvable Web APIs with ASP.NET]> but was:<[Understanding ECMAScript 6, Eloquent JavaScript, Second Edition, Programming JavaScript Applications, You Don't Know JS, Speaking JavaScript, Designing Evolvable Web APIs with ASP.NET, Learning JavaScript Design Patterns, Git Pocket Guide]>
	at org.junit.Assert.fail(Assert.java:88)
	at org.junit.Assert.failNotEquals(Assert.java:834)
	at org.junit.Assert.assertEquals(Assert.java:118)
	at org.junit.Assert.assertEquals(Assert.java:144)
	at steps.BookStoreSteps.iSeeTheBooksSortedInZ_AOrder(BookStoreSteps.java:96)
	at ✽.Then I see the books sorted in Z_A order(BookStoreSortTest.feature:15)

Scenario: Sort books by title Z_A  Time elapsed: 0.006 s  <<< FAILURE!
java.lang.AssertionError: expected:<[You Don't Know JS, Understanding ECMAScript 6, Speaking JavaScript, Programming JavaScript Applications, Learning JavaScript Design Patterns, Git Pocket Guide, Eloquent JavaScript, Second Edition, Designing Evolvable Web APIs with ASP.NET]> but was:<[Understanding ECMAScript 6, Eloquent JavaScript, Second Edition, Programming JavaScript Applications, You Don't Know JS, Speaking JavaScript, Designing Evolvable Web APIs with ASP.NET, Learning JavaScript Design Patterns, Git Pocket Guide]>
	at org.junit.Assert.fail(Assert.java:88)
	at org.junit.Assert.failNotEquals(Assert.java:834)
	at org.junit.Assert.assertEquals(Assert.java:118)
	at org.junit.Assert.assertEquals(Assert.java:144)
	at steps.BookStoreSteps.iSeeTheBooksSortedInZ_AOrder(BookStoreSteps.java:96)
	at ✽.Then I see the books sorted in Z_A order(BookStoreSortTest.feature:15)

Scenario: Open book website link.Then I am on the "Learning JavaScript Design Patterns" book page  Time elapsed: 0.012 s  <<< FAILURE!
Element not found {By.xpath: //*[text()='Learning JavaScript Design Patterns']}
Expected: exist
Screenshot: file:/C:/Users/alexd/Projetos/BookStore_Cucumber/build/reports/tests/1702574251626.2.png
Page source: file:/C:/Users/alexd/Projetos/BookStore_Cucumber/build/reports/tests/1702574251626.2.html
Timeout: 4 s.
Caused by: NoSuchElementException: no such element: Unable to locate element: {"method":"xpath","selector":"//*[text()='Learning JavaScript Design Patterns']"}
	at com.codeborne.selenide.impl.WebElementSource.createElementNotFoundError(WebElementSource.java:91)
	at com.codeborne.selenide.impl.ElementFinder.createElementNotFoundError(ElementFinder.java:142)
	at com.codeborne.selenide.impl.ExceptionWrapper.wrap(ExceptionWrapper.java:32)
	at com.codeborne.selenide.impl.SelenideElementProxy.dispatchAndRetry(SelenideElementProxy.java:154)
	at com.codeborne.selenide.impl.SelenideElementProxy.invoke(SelenideElementProxy.java:84)
	at jdk.proxy2/jdk.proxy2.$Proxy22.scrollIntoView(Unknown Source)
	at steps.DetailedInformation.iAmOnTheBookPage(DetailedInformation.java:39)
	at ✽.Then I am on the "Learning JavaScript Design Patterns" book page(RegisteredUserReadBook.feature:13)
Caused by: org.openqa.selenium.NoSuchElementException: no such element: Unable to locate element: {"method":"xpath","selector":"//*[text()='Learning JavaScript Design Patterns']"}
  (Session info: chrome=120.0.6099.71)
For documentation on this error, please visit: https://www.selenium.dev/documentation/webdriver/troubleshooting/errors#no-such-element-exception
Build info: version: '4.11.0', revision: '040bc5406b'
System info: os.name: 'Windows 11', os.arch: 'amd64', os.version: '10.0', java.version: '19.0.2'
Driver info: org.openqa.selenium.chrome.ChromeDriver
Command: [162296046d448c2f01f37bec35dad7a1, findElement {using=xpath, value=//*[text()='Learning JavaScript Design Patterns']}]
Capabilities {acceptInsecureCerts: true, browserName: chrome, browserVersion: 120.0.6099.71, chrome: {chromedriverVersion: 120.0.6099.71 (9729082fe617..., userDataDir: C:\Users\alexd\AppData\Loca...}, fedcm:accounts: true, goog:chromeOptions: {debuggerAddress: localhost:64168}, networkConnectionEnabled: false, pageLoadStrategy: normal, platformName: windows, proxy: Proxy(), se:cdp: ws://localhost:64168/devtoo..., se:cdpVersion: 120.0.6099.71, setWindowRect: true, strictFileInteractability: false, timeouts: {implicit: 0, pageLoad: 300000, script: 30000}, unhandledPromptBehavior: accept, webauthn:extension:credBlob: true, webauthn:extension:largeBlob: true, webauthn:extension:minPinLength: true, webauthn:extension:prf: true, webauthn:virtualAuthenticators: true}
Session ID: 162296046d448c2f01f37bec35dad7a1
	at java.base/jdk.internal.reflect.DirectConstructorHandleAccessor.newInstance(DirectConstructorHandleAccessor.java:67)
	at java.base/java.lang.reflect.Constructor.newInstanceWithCaller(Constructor.java:500)
	at java.base/java.lang.reflect.Constructor.newInstance(Constructor.java:484)
	at org.openqa.selenium.remote.codec.w3c.W3CHttpResponseCodec.createException(W3CHttpResponseCodec.java:200)
	at org.openqa.selenium.remote.codec.w3c.W3CHttpResponseCodec.decode(W3CHttpResponseCodec.java:133)
	at org.openqa.selenium.remote.codec.w3c.W3CHttpResponseCodec.decode(W3CHttpResponseCodec.java:52)
	at org.openqa.selenium.remote.HttpCommandExecutor.execute(HttpCommandExecutor.java:191)
	at org.openqa.selenium.remote.service.DriverCommandExecutor.invokeExecute(DriverCommandExecutor.java:196)
	at org.openqa.selenium.remote.service.DriverCommandExecutor.execute(DriverCommandExecutor.java:171)
	at org.openqa.selenium.remote.RemoteWebDriver.execute(RemoteWebDriver.java:518)
	at org.openqa.selenium.remote.ElementLocation$ElementFinder$2.findElement(ElementLocation.java:165)
	at org.openqa.selenium.remote.ElementLocation.findElement(ElementLocation.java:59)
	at org.openqa.selenium.remote.RemoteWebDriver.findElement(RemoteWebDriver.java:355)
	at org.openqa.selenium.remote.RemoteWebDriver.findElement(RemoteWebDriver.java:349)
	at com.codeborne.selenide.impl.WebElementSelector.findElement(WebElementSelector.java:70)
	at com.codeborne.selenide.impl.WebElementSelector.findElement(WebElementSelector.java:44)
	at com.codeborne.selenide.impl.WebElementSelector.findElement(WebElementSelector.java:33)
	at com.codeborne.selenide.impl.ElementFinder.getWebElement(ElementFinder.java:122)
	at com.codeborne.selenide.commands.ScrollIntoView.execute(ScrollIntoView.java:20)
	at com.codeborne.selenide.commands.ScrollIntoView.execute(ScrollIntoView.java:14)
	at com.codeborne.selenide.commands.Commands.execute(Commands.java:163)
	at com.codeborne.selenide.impl.SelenideElementProxy.dispatchAndRetry(SelenideElementProxy.java:132)
	at com.codeborne.selenide.impl.SelenideElementProxy.invoke(SelenideElementProxy.java:84)
	at jdk.proxy2/jdk.proxy2.$Proxy22.scrollIntoView(Unknown Source)
	at steps.DetailedInformation.iAmOnTheBookPage(DetailedInformation.java:39)
	at java.base/jdk.internal.reflect.DirectMethodHandleAccessor.invoke(DirectMethodHandleAccessor.java:104)
	at java.base/java.lang.reflect.Method.invoke(Method.java:578)
	at cucumber.runtime.Utils$1.call(Utils.java:40)
	at cucumber.runtime.Timeout.timeout(Timeout.java:16)
	at cucumber.runtime.Utils.invoke(Utils.java:34)
	at cucumber.runtime.java.JavaStepDefinition.execute(JavaStepDefinition.java:38)
	at cucumber.runtime.StepDefinitionMatch.runStep(StepDefinitionMatch.java:37)
	at cucumber.runtime.Runtime.runStep(Runtime.java:300)
	at cucumber.runtime.model.StepContainer.runStep(StepContainer.java:44)
	at cucumber.runtime.model.StepContainer.runSteps(StepContainer.java:39)
	at cucumber.runtime.model.CucumberScenario.run(CucumberScenario.java:44)
	at cucumber.runtime.junit.ExecutionUnitRunner.run(ExecutionUnitRunner.java:102)
	at cucumber.runtime.junit.FeatureRunner.runChild(FeatureRunner.java:63)
	at cucumber.runtime.junit.FeatureRunner.runChild(FeatureRunner.java:18)
	at org.junit.runners.ParentRunner$3.run(ParentRunner.java:290)
	at org.junit.runners.ParentRunner$1.schedule(ParentRunner.java:71)
	at org.junit.runners.ParentRunner.runChildren(ParentRunner.java:288)
	at org.junit.runners.ParentRunner.access$000(ParentRunner.java:58)
	at org.junit.runners.ParentRunner$2.evaluate(ParentRunner.java:268)
	at org.junit.runners.ParentRunner.run(ParentRunner.java:363)
	at cucumber.runtime.junit.FeatureRunner.run(FeatureRunner.java:70)
	at cucumber.api.junit.Cucumber.runChild(Cucumber.java:95)
	at cucumber.api.junit.Cucumber.runChild(Cucumber.java:38)
	at org.junit.runners.ParentRunner$3.run(ParentRunner.java:290)
	at org.junit.runners.ParentRunner$1.schedule(ParentRunner.java:71)
	at org.junit.runners.ParentRunner.runChildren(ParentRunner.java:288)
	at org.junit.runners.ParentRunner.access$000(ParentRunner.java:58)
	at org.junit.runners.ParentRunner$2.evaluate(ParentRunner.java:268)
	at org.junit.runners.ParentRunner.run(ParentRunner.java:363)
	at cucumber.api.junit.Cucumber.run(Cucumber.java:100)
	at org.apache.maven.surefire.junit4.JUnit4Provider.execute(JUnit4Provider.java:377)
	at org.apache.maven.surefire.junit4.JUnit4Provider.executeWithRerun(JUnit4Provider.java:284)
	at org.apache.maven.surefire.junit4.JUnit4Provider.executeTestSet(JUnit4Provider.java:248)
	at org.apache.maven.surefire.junit4.JUnit4Provider.invoke(JUnit4Provider.java:167)
	at org.apache.maven.surefire.booter.ForkedBooter.runSuitesInProcess(ForkedBooter.java:456)
	at org.apache.maven.surefire.booter.ForkedBooter.execute(ForkedBooter.java:169)
	at org.apache.maven.surefire.booter.ForkedBooter.run(ForkedBooter.java:595)
	at org.apache.maven.surefire.booter.ForkedBooter.main(ForkedBooter.java:581)

Scenario: Open book website link  Time elapsed: 0.012 s  <<< FAILURE!
Element not found {By.xpath: //*[text()='Learning JavaScript Design Patterns']}
Expected: exist
Screenshot: file:/C:/Users/alexd/Projetos/BookStore_Cucumber/build/reports/tests/1702574251626.2.png
Page source: file:/C:/Users/alexd/Projetos/BookStore_Cucumber/build/reports/tests/1702574251626.2.html
Timeout: 4 s.
Caused by: NoSuchElementException: no such element: Unable to locate element: {"method":"xpath","selector":"//*[text()='Learning JavaScript Design Patterns']"}
	at com.codeborne.selenide.impl.WebElementSource.createElementNotFoundError(WebElementSource.java:91)
	at com.codeborne.selenide.impl.ElementFinder.createElementNotFoundError(ElementFinder.java:142)
	at com.codeborne.selenide.impl.ExceptionWrapper.wrap(ExceptionWrapper.java:32)
	at com.codeborne.selenide.impl.SelenideElementProxy.dispatchAndRetry(SelenideElementProxy.java:154)
	at com.codeborne.selenide.impl.SelenideElementProxy.invoke(SelenideElementProxy.java:84)
	at jdk.proxy2/jdk.proxy2.$Proxy22.scrollIntoView(Unknown Source)
	at steps.DetailedInformation.iAmOnTheBookPage(DetailedInformation.java:39)
	at ✽.Then I am on the "Learning JavaScript Design Patterns" book page(RegisteredUserReadBook.feature:13)
Caused by: org.openqa.selenium.NoSuchElementException: no such element: Unable to locate element: {"method":"xpath","selector":"//*[text()='Learning JavaScript Design Patterns']"}
  (Session info: chrome=120.0.6099.71)
For documentation on this error, please visit: https://www.selenium.dev/documentation/webdriver/troubleshooting/errors#no-such-element-exception
Build info: version: '4.11.0', revision: '040bc5406b'
System info: os.name: 'Windows 11', os.arch: 'amd64', os.version: '10.0', java.version: '19.0.2'
Driver info: org.openqa.selenium.chrome.ChromeDriver
Command: [162296046d448c2f01f37bec35dad7a1, findElement {using=xpath, value=//*[text()='Learning JavaScript Design Patterns']}]
Capabilities {acceptInsecureCerts: true, browserName: chrome, browserVersion: 120.0.6099.71, chrome: {chromedriverVersion: 120.0.6099.71 (9729082fe617..., userDataDir: C:\Users\alexd\AppData\Loca...}, fedcm:accounts: true, goog:chromeOptions: {debuggerAddress: localhost:64168}, networkConnectionEnabled: false, pageLoadStrategy: normal, platformName: windows, proxy: Proxy(), se:cdp: ws://localhost:64168/devtoo..., se:cdpVersion: 120.0.6099.71, setWindowRect: true, strictFileInteractability: false, timeouts: {implicit: 0, pageLoad: 300000, script: 30000}, unhandledPromptBehavior: accept, webauthn:extension:credBlob: true, webauthn:extension:largeBlob: true, webauthn:extension:minPinLength: true, webauthn:extension:prf: true, webauthn:virtualAuthenticators: true}
Session ID: 162296046d448c2f01f37bec35dad7a1
	at java.base/jdk.internal.reflect.DirectConstructorHandleAccessor.newInstance(DirectConstructorHandleAccessor.java:67)
	at java.base/java.lang.reflect.Constructor.newInstanceWithCaller(Constructor.java:500)
	at java.base/java.lang.reflect.Constructor.newInstance(Constructor.java:484)
	at org.openqa.selenium.remote.codec.w3c.W3CHttpResponseCodec.createException(W3CHttpResponseCodec.java:200)
	at org.openqa.selenium.remote.codec.w3c.W3CHttpResponseCodec.decode(W3CHttpResponseCodec.java:133)
	at org.openqa.selenium.remote.codec.w3c.W3CHttpResponseCodec.decode(W3CHttpResponseCodec.java:52)
	at org.openqa.selenium.remote.HttpCommandExecutor.execute(HttpCommandExecutor.java:191)
	at org.openqa.selenium.remote.service.DriverCommandExecutor.invokeExecute(DriverCommandExecutor.java:196)
	at org.openqa.selenium.remote.service.DriverCommandExecutor.execute(DriverCommandExecutor.java:171)
	at org.openqa.selenium.remote.RemoteWebDriver.execute(RemoteWebDriver.java:518)
	at org.openqa.selenium.remote.ElementLocation$ElementFinder$2.findElement(ElementLocation.java:165)
	at org.openqa.selenium.remote.ElementLocation.findElement(ElementLocation.java:59)
	at org.openqa.selenium.remote.RemoteWebDriver.findElement(RemoteWebDriver.java:355)
	at org.openqa.selenium.remote.RemoteWebDriver.findElement(RemoteWebDriver.java:349)
	at com.codeborne.selenide.impl.WebElementSelector.findElement(WebElementSelector.java:70)
	at com.codeborne.selenide.impl.WebElementSelector.findElement(WebElementSelector.java:44)
	at com.codeborne.selenide.impl.WebElementSelector.findElement(WebElementSelector.java:33)
	at com.codeborne.selenide.impl.ElementFinder.getWebElement(ElementFinder.java:122)
	at com.codeborne.selenide.commands.ScrollIntoView.execute(ScrollIntoView.java:20)
	at com.codeborne.selenide.commands.ScrollIntoView.execute(ScrollIntoView.java:14)
	at com.codeborne.selenide.commands.Commands.execute(Commands.java:163)
	at com.codeborne.selenide.impl.SelenideElementProxy.dispatchAndRetry(SelenideElementProxy.java:132)
	at com.codeborne.selenide.impl.SelenideElementProxy.invoke(SelenideElementProxy.java:84)
	at jdk.proxy2/jdk.proxy2.$Proxy22.scrollIntoView(Unknown Source)
	at steps.DetailedInformation.iAmOnTheBookPage(DetailedInformation.java:39)
	at java.base/jdk.internal.reflect.DirectMethodHandleAccessor.invoke(DirectMethodHandleAccessor.java:104)
	at java.base/java.lang.reflect.Method.invoke(Method.java:578)
	at cucumber.runtime.Utils$1.call(Utils.java:40)
	at cucumber.runtime.Timeout.timeout(Timeout.java:16)
	at cucumber.runtime.Utils.invoke(Utils.java:34)
	at cucumber.runtime.java.JavaStepDefinition.execute(JavaStepDefinition.java:38)
	at cucumber.runtime.StepDefinitionMatch.runStep(StepDefinitionMatch.java:37)
	at cucumber.runtime.Runtime.runStep(Runtime.java:300)
	at cucumber.runtime.model.StepContainer.runStep(StepContainer.java:44)
	at cucumber.runtime.model.StepContainer.runSteps(StepContainer.java:39)
	at cucumber.runtime.model.CucumberScenario.run(CucumberScenario.java:44)
	at cucumber.runtime.junit.ExecutionUnitRunner.run(ExecutionUnitRunner.java:102)
	at cucumber.runtime.junit.FeatureRunner.runChild(FeatureRunner.java:63)
	at cucumber.runtime.junit.FeatureRunner.runChild(FeatureRunner.java:18)
	at org.junit.runners.ParentRunner$3.run(ParentRunner.java:290)
	at org.junit.runners.ParentRunner$1.schedule(ParentRunner.java:71)
	at org.junit.runners.ParentRunner.runChildren(ParentRunner.java:288)
	at org.junit.runners.ParentRunner.access$000(ParentRunner.java:58)
	at org.junit.runners.ParentRunner$2.evaluate(ParentRunner.java:268)
	at org.junit.runners.ParentRunner.run(ParentRunner.java:363)
	at cucumber.runtime.junit.FeatureRunner.run(FeatureRunner.java:70)
	at cucumber.api.junit.Cucumber.runChild(Cucumber.java:95)
	at cucumber.api.junit.Cucumber.runChild(Cucumber.java:38)
	at org.junit.runners.ParentRunner$3.run(ParentRunner.java:290)
	at org.junit.runners.ParentRunner$1.schedule(ParentRunner.java:71)
	at org.junit.runners.ParentRunner.runChildren(ParentRunner.java:288)
	at org.junit.runners.ParentRunner.access$000(ParentRunner.java:58)
	at org.junit.runners.ParentRunner$2.evaluate(ParentRunner.java:268)
	at org.junit.runners.ParentRunner.run(ParentRunner.java:363)
	at cucumber.api.junit.Cucumber.run(Cucumber.java:100)
	at org.apache.maven.surefire.junit4.JUnit4Provider.execute(JUnit4Provider.java:377)
	at org.apache.maven.surefire.junit4.JUnit4Provider.executeWithRerun(JUnit4Provider.java:284)
	at org.apache.maven.surefire.junit4.JUnit4Provider.executeTestSet(JUnit4Provider.java:248)
	at org.apache.maven.surefire.junit4.JUnit4Provider.invoke(JUnit4Provider.java:167)
	at org.apache.maven.surefire.booter.ForkedBooter.runSuitesInProcess(ForkedBooter.java:456)
	at org.apache.maven.surefire.booter.ForkedBooter.execute(ForkedBooter.java:169)
	at org.apache.maven.surefire.booter.ForkedBooter.run(ForkedBooter.java:595)
	at org.apache.maven.surefire.booter.ForkedBooter.main(ForkedBooter.java:581)

Scenario: Sort books by title A_Z.Then I see the books sorted in A_Z order  Time elapsed: 0.001 s  <<< FAILURE!
java.lang.AssertionError: expected:<[Designing Evolvable Web APIs with ASP.NET, Eloquent JavaScript, Second Edition, Git Pocket Guide, Learning JavaScript Design Patterns, Programming JavaScript Applications, Speaking JavaScript, Understanding ECMAScript 6, You Don't Know JS]> but was:<[Git Pocket Guide, Learning JavaScript Design Patterns, Designing Evolvable Web APIs with ASP.NET, Speaking JavaScript, You Don't Know JS, Programming JavaScript Applications, Eloquent JavaScript, Second Edition, Understanding ECMAScript 6]>
	at org.junit.Assert.fail(Assert.java:88)
	at org.junit.Assert.failNotEquals(Assert.java:834)
	at org.junit.Assert.assertEquals(Assert.java:118)
	at org.junit.Assert.assertEquals(Assert.java:144)
	at steps.BookStoreSteps.iSeeTheBooksSortedInA_ZOrder(BookStoreSteps.java:83)
	at ✽.Then I see the books sorted in A_Z order(RegisteredUserSort.feature:16)

Scenario: Sort books by title A_Z  Time elapsed: 0.002 s  <<< FAILURE!
java.lang.AssertionError: expected:<[Designing Evolvable Web APIs with ASP.NET, Eloquent JavaScript, Second Edition, Git Pocket Guide, Learning JavaScript Design Patterns, Programming JavaScript Applications, Speaking JavaScript, Understanding ECMAScript 6, You Don't Know JS]> but was:<[Git Pocket Guide, Learning JavaScript Design Patterns, Designing Evolvable Web APIs with ASP.NET, Speaking JavaScript, You Don't Know JS, Programming JavaScript Applications, Eloquent JavaScript, Second Edition, Understanding ECMAScript 6]>
	at org.junit.Assert.fail(Assert.java:88)
	at org.junit.Assert.failNotEquals(Assert.java:834)
	at org.junit.Assert.assertEquals(Assert.java:118)
	at org.junit.Assert.assertEquals(Assert.java:144)
	at steps.BookStoreSteps.iSeeTheBooksSortedInA_ZOrder(BookStoreSteps.java:83)
	at ✽.Then I see the books sorted in A_Z order(RegisteredUserSort.feature:16)

Scenario: Sort books by title Z_A.Then I see the books sorted in Z_A order  Time elapsed: 0.001 s  <<< FAILURE!
java.lang.AssertionError: expected:<[You Don't Know JS, Understanding ECMAScript 6, Speaking JavaScript, Programming JavaScript Applications, Learning JavaScript Design Patterns, Git Pocket Guide, Eloquent JavaScript, Second Edition, Designing Evolvable Web APIs with ASP.NET]> but was:<[Understanding ECMAScript 6, Eloquent JavaScript, Second Edition, Programming JavaScript Applications, You Don't Know JS, Speaking JavaScript, Designing Evolvable Web APIs with ASP.NET, Learning JavaScript Design Patterns, Git Pocket Guide]>
	at org.junit.Assert.fail(Assert.java:88)
	at org.junit.Assert.failNotEquals(Assert.java:834)
	at org.junit.Assert.assertEquals(Assert.java:118)
	at org.junit.Assert.assertEquals(Assert.java:144)
	at steps.BookStoreSteps.iSeeTheBooksSortedInZ_AOrder(BookStoreSteps.java:96)
	at ✽.Then I see the books sorted in Z_A order(RegisteredUserSort.feature:23)

Scenario: Sort books by title Z_A  Time elapsed: 0.001 s  <<< FAILURE!
java.lang.AssertionError: expected:<[You Don't Know JS, Understanding ECMAScript 6, Speaking JavaScript, Programming JavaScript Applications, Learning JavaScript Design Patterns, Git Pocket Guide, Eloquent JavaScript, Second Edition, Designing Evolvable Web APIs with ASP.NET]> but was:<[Understanding ECMAScript 6, Eloquent JavaScript, Second Edition, Programming JavaScript Applications, You Don't Know JS, Speaking JavaScript, Designing Evolvable Web APIs with ASP.NET, Learning JavaScript Design Patterns, Git Pocket Guide]>
	at org.junit.Assert.fail(Assert.java:88)
	at org.junit.Assert.failNotEquals(Assert.java:834)
	at org.junit.Assert.assertEquals(Assert.java:118)
	at org.junit.Assert.assertEquals(Assert.java:144)
	at steps.BookStoreSteps.iSeeTheBooksSortedInZ_AOrder(BookStoreSteps.java:96)
	at ✽.Then I see the books sorted in Z_A order(RegisteredUserSort.feature:23)

