<?xml version="1.0" encoding="UTF-8"?>
<testsuite xmlns:xsi="http://www.w3.org/2001/XMLSchema-instance" xsi:noNamespaceSchemaLocation="https://maven.apache.org/surefire/maven-surefire-plugin/xsd/surefire-test-report-3.0.xsd" version="3.0" name="runners.RunnerTest" time="708.514" tests="269" errors="0" skipped="34" failures="14">
  <properties>
    <property name="java.specification.version" value="19"/>
    <property name="sun.cpu.isalist" value="amd64"/>
    <property name="sun.jnu.encoding" value="UTF-8"/>
    <property name="java.class.path" value="C:\Users\alexd\Projetos\BookStore_Cucumber\target\test-classes;C:\Users\alexd\Projetos\BookStore_Cucumber\target\classes;C:\Users\alexd\.m2\repository\com\codeborne\selenide\6.17.0\selenide-6.17.0.jar;C:\Users\alexd\.m2\repository\org\seleniumhq\selenium\selenium-java\4.11.0\selenium-java-4.11.0.jar;C:\Users\alexd\.m2\repository\org\seleniumhq\selenium\selenium-api\4.11.0\selenium-api-4.11.0.jar;C:\Users\alexd\.m2\repository\org\seleniumhq\selenium\selenium-chrome-driver\4.11.0\selenium-chrome-driver-4.11.0.jar;C:\Users\alexd\.m2\repository\com\google\auto\service\auto-service-annotations\1.0.1\auto-service-annotations-1.0.1.jar;C:\Users\alexd\.m2\repository\org\seleniumhq\selenium\selenium-chromium-driver\4.11.0\selenium-chromium-driver-4.11.0.jar;C:\Users\alexd\.m2\repository\org\seleniumhq\selenium\selenium-json\4.11.0\selenium-json-4.11.0.jar;C:\Users\alexd\.m2\repository\org\seleniumhq\selenium\selenium-manager\4.11.0\selenium-manager-4.11.0.jar;C:\Users\alexd\.m2\repository\org\seleniumhq\selenium\selenium-devtools-v113\4.11.0\selenium-devtools-v113-4.11.0.jar;C:\Users\alexd\.m2\repository\org\seleniumhq\selenium\selenium-devtools-v114\4.11.0\selenium-devtools-v114-4.11.0.jar;C:\Users\alexd\.m2\repository\org\seleniumhq\selenium\selenium-devtools-v115\4.11.0\selenium-devtools-v115-4.11.0.jar;C:\Users\alexd\.m2\repository\org\seleniumhq\selenium\selenium-devtools-v85\4.11.0\selenium-devtools-v85-4.11.0.jar;C:\Users\alexd\.m2\repository\org\seleniumhq\selenium\selenium-edge-driver\4.11.0\selenium-edge-driver-4.11.0.jar;C:\Users\alexd\.m2\repository\org\seleniumhq\selenium\selenium-firefox-driver\4.11.0\selenium-firefox-driver-4.11.0.jar;C:\Users\alexd\.m2\repository\org\seleniumhq\selenium\selenium-http\4.11.0\selenium-http-4.11.0.jar;C:\Users\alexd\.m2\repository\dev\failsafe\failsafe\3.3.1\failsafe-3.3.1.jar;C:\Users\alexd\.m2\repository\org\seleniumhq\selenium\selenium-ie-driver\4.11.0\selenium-ie-driver-4.11.0.jar;C:\Users\alexd\.m2\repository\org\seleniumhq\selenium\selenium-remote-driver\4.11.0\selenium-remote-driver-4.11.0.jar;C:\Users\alexd\.m2\repository\io\netty\netty-buffer\4.1.92.Final\netty-buffer-4.1.92.Final.jar;C:\Users\alexd\.m2\repository\io\netty\netty-codec-http\4.1.92.Final\netty-codec-http-4.1.92.Final.jar;C:\Users\alexd\.m2\repository\io\netty\netty-codec\4.1.92.Final\netty-codec-4.1.92.Final.jar;C:\Users\alexd\.m2\repository\io\netty\netty-handler\4.1.92.Final\netty-handler-4.1.92.Final.jar;C:\Users\alexd\.m2\repository\io\netty\netty-common\4.1.92.Final\netty-common-4.1.92.Final.jar;C:\Users\alexd\.m2\repository\io\netty\netty-transport-classes-epoll\4.1.92.Final\netty-transport-classes-epoll-4.1.92.Final.jar;C:\Users\alexd\.m2\repository\io\netty\netty-transport-classes-kqueue\4.1.92.Final\netty-transport-classes-kqueue-4.1.92.Final.jar;C:\Users\alexd\.m2\repository\io\netty\netty-transport-native-epoll\4.1.92.Final\netty-transport-native-epoll-4.1.92.Final.jar;C:\Users\alexd\.m2\repository\io\netty\netty-transport-native-kqueue\4.1.92.Final\netty-transport-native-kqueue-4.1.92.Final.jar;C:\Users\alexd\.m2\repository\io\netty\netty-transport-native-unix-common\4.1.92.Final\netty-transport-native-unix-common-4.1.92.Final.jar;C:\Users\alexd\.m2\repository\io\netty\netty-transport\4.1.92.Final\netty-transport-4.1.92.Final.jar;C:\Users\alexd\.m2\repository\io\netty\netty-resolver\4.1.92.Final\netty-resolver-4.1.92.Final.jar;C:\Users\alexd\.m2\repository\io\opentelemetry\opentelemetry-api\1.26.0\opentelemetry-api-1.26.0.jar;C:\Users\alexd\.m2\repository\io\opentelemetry\opentelemetry-context\1.26.0\opentelemetry-context-1.26.0.jar;C:\Users\alexd\.m2\repository\io\opentelemetry\opentelemetry-exporter-logging\1.26.0\opentelemetry-exporter-logging-1.26.0.jar;C:\Users\alexd\.m2\repository\io\opentelemetry\opentelemetry-sdk-metrics\1.26.0\opentelemetry-sdk-metrics-1.26.0.jar;C:\Users\alexd\.m2\repository\io\opentelemetry\opentelemetry-extension-incubator\1.26.0-alpha\opentelemetry-extension-incubator-1.26.0-alpha.jar;C:\Users\alexd\.m2\repository\io\opentelemetry\opentelemetry-sdk-logs\1.26.0-alpha\opentelemetry-sdk-logs-1.26.0-alpha.jar;C:\Users\alexd\.m2\repository\io\opentelemetry\opentelemetry-api-logs\1.26.0-alpha\opentelemetry-api-logs-1.26.0-alpha.jar;C:\Users\alexd\.m2\repository\io\opentelemetry\opentelemetry-api-events\1.26.0-alpha\opentelemetry-api-events-1.26.0-alpha.jar;C:\Users\alexd\.m2\repository\io\opentelemetry\opentelemetry-sdk-common\1.26.0\opentelemetry-sdk-common-1.26.0.jar;C:\Users\alexd\.m2\repository\io\opentelemetry\opentelemetry-sdk-extension-autoconfigure-spi\1.26.0\opentelemetry-sdk-extension-autoconfigure-spi-1.26.0.jar;C:\Users\alexd\.m2\repository\io\opentelemetry\opentelemetry-sdk-extension-autoconfigure\1.26.0-alpha\opentelemetry-sdk-extension-autoconfigure-1.26.0-alpha.jar;C:\Users\alexd\.m2\repository\io\opentelemetry\opentelemetry-sdk-trace\1.26.0\opentelemetry-sdk-trace-1.26.0.jar;C:\Users\alexd\.m2\repository\io\opentelemetry\opentelemetry-sdk\1.26.0\opentelemetry-sdk-1.26.0.jar;C:\Users\alexd\.m2\repository\io\opentelemetry\opentelemetry-semconv\1.26.0-alpha\opentelemetry-semconv-1.26.0-alpha.jar;C:\Users\alexd\.m2\repository\net\bytebuddy\byte-buddy\1.14.4\byte-buddy-1.14.4.jar;C:\Users\alexd\.m2\repository\org\apache\commons\commons-exec\1.3\commons-exec-1.3.jar;C:\Users\alexd\.m2\repository\org\asynchttpclient\async-http-client\2.12.3\async-http-client-2.12.3.jar;C:\Users\alexd\.m2\repository\org\asynchttpclient\async-http-client-netty-utils\2.12.3\async-http-client-netty-utils-2.12.3.jar;C:\Users\alexd\.m2\repository\io\netty\netty-codec-socks\4.1.60.Final\netty-codec-socks-4.1.60.Final.jar;C:\Users\alexd\.m2\repository\io\netty\netty-handler-proxy\4.1.60.Final\netty-handler-proxy-4.1.60.Final.jar;C:\Users\alexd\.m2\repository\io\netty\netty-transport-native-epoll\4.1.60.Final\netty-transport-native-epoll-4.1.60.Final-linux-x86_64.jar;C:\Users\alexd\.m2\repository\io\netty\netty-transport-native-kqueue\4.1.60.Final\netty-transport-native-kqueue-4.1.60.Final-osx-x86_64.jar;C:\Users\alexd\.m2\repository\org\reactivestreams\reactive-streams\1.0.3\reactive-streams-1.0.3.jar;C:\Users\alexd\.m2\repository\com\typesafe\netty\netty-reactive-streams\2.0.4\netty-reactive-streams-2.0.4.jar;C:\Users\alexd\.m2\repository\com\sun\activation\jakarta.activation\1.2.2\jakarta.activation-1.2.2.jar;C:\Users\alexd\.m2\repository\org\seleniumhq\selenium\selenium-safari-driver\4.11.0\selenium-safari-driver-4.11.0.jar;C:\Users\alexd\.m2\repository\org\seleniumhq\selenium\selenium-support\4.11.0\selenium-support-4.11.0.jar;C:\Users\alexd\.m2\repository\org\slf4j\slf4j-api\2.0.7\slf4j-api-2.0.7.jar;C:\Users\alexd\.m2\repository\com\codeborne\selenide-core\6.17.0\selenide-core-6.17.0.jar;C:\Users\alexd\.m2\repository\org\opentest4j\opentest4j\1.3.0\opentest4j-1.3.0.jar;C:\Users\alexd\.m2\repository\org\apache\commons\commons-compress\1.23.0\commons-compress-1.23.0.jar;C:\Users\alexd\.m2\repository\org\apache\httpcomponents\client5\httpclient5\5.2.1\httpclient5-5.2.1.jar;C:\Users\alexd\.m2\repository\org\apache\httpcomponents\core5\httpcore5\5.2\httpcore5-5.2.jar;C:\Users\alexd\.m2\repository\org\apache\httpcomponents\core5\httpcore5-h2\5.2\httpcore5-h2-5.2.jar;C:\Users\alexd\.m2\repository\com\google\guava\guava\32.1.2-jre\guava-32.1.2-jre.jar;C:\Users\alexd\.m2\repository\com\google\guava\failureaccess\1.0.1\failureaccess-1.0.1.jar;C:\Users\alexd\.m2\repository\com\google\guava\listenablefuture\9999.0-empty-to-avoid-conflict-with-guava\listenablefuture-9999.0-empty-to-avoid-conflict-with-guava.jar;C:\Users\alexd\.m2\repository\com\google\code\findbugs\jsr305\3.0.2\jsr305-3.0.2.jar;C:\Users\alexd\.m2\repository\org\checkerframework\checker-qual\3.33.0\checker-qual-3.33.0.jar;C:\Users\alexd\.m2\repository\com\google\errorprone\error_prone_annotations\2.18.0\error_prone_annotations-2.18.0.jar;C:\Users\alexd\.m2\repository\com\google\j2objc\j2objc-annotations\2.8\j2objc-annotations-2.8.jar;C:\Users\alexd\.m2\repository\org\apache\commons\commons-lang3\3.13.0\commons-lang3-3.13.0.jar;C:\Users\alexd\.m2\repository\commons-io\commons-io\2.13.0\commons-io-2.13.0.jar;C:\Users\alexd\.m2\repository\com\github\javafaker\javafaker\1.0.2\javafaker-1.0.2.jar;C:\Users\alexd\.m2\repository\org\yaml\snakeyaml\1.23\snakeyaml-1.23-android.jar;C:\Users\alexd\.m2\repository\com\github\mifmif\generex\1.0.2\generex-1.0.2.jar;C:\Users\alexd\.m2\repository\dk\brics\automaton\automaton\1.11-8\automaton-1.11-8.jar;C:\Users\alexd\.m2\repository\io\qameta\allure\allure-junit4\2.13.1\allure-junit4-2.13.1.jar;C:\Users\alexd\.m2\repository\io\qameta\allure\allure-java-commons\2.13.1\allure-java-commons-2.13.1.jar;C:\Users\alexd\.m2\repository\io\qameta\allure\allure-model\2.13.1\allure-model-2.13.1.jar;C:\Users\alexd\.m2\repository\com\fasterxml\jackson\core\jackson-databind\2.9.8\jackson-databind-2.9.8.jar;C:\Users\alexd\.m2\repository\com\fasterxml\jackson\core\jackson-annotations\2.9.0\jackson-annotations-2.9.0.jar;C:\Users\alexd\.m2\repository\com\fasterxml\jackson\core\jackson-core\2.9.8\jackson-core-2.9.8.jar;C:\Users\alexd\.m2\repository\org\apache\tika\tika-core\1.20\tika-core-1.20.jar;C:\Users\alexd\.m2\repository\org\jooq\joor-java-8\0.9.10\joor-java-8-0.9.10.jar;C:\Users\alexd\.m2\repository\junit\junit\4.12\junit-4.12.jar;C:\Users\alexd\.m2\repository\org\hamcrest\hamcrest-core\1.3\hamcrest-core-1.3.jar;C:\Users\alexd\.m2\repository\io\qameta\allure\allure-cucumber-jvm\2.13.1\allure-cucumber-jvm-2.13.1.jar;C:\Users\alexd\.m2\repository\info\cukes\cucumber-core\1.2.5\cucumber-core-1.2.5.jar;C:\Users\alexd\.m2\repository\info\cukes\cucumber-html\0.2.3\cucumber-html-0.2.3.jar;C:\Users\alexd\.m2\repository\info\cukes\cucumber-jvm-deps\1.0.5\cucumber-jvm-deps-1.0.5.jar;C:\Users\alexd\.m2\repository\info\cukes\cucumber-java\1.2.5\cucumber-java-1.2.5.jar;C:\Users\alexd\.m2\repository\info\cukes\gherkin\2.12.2\gherkin-2.12.2.jar;C:\Users\alexd\.m2\repository\io\qameta\allure\allure-selenide\2.13.1\allure-selenide-2.13.1.jar;C:\Users\alexd\.m2\repository\io\cucumber\cucumber-junit\1.2.6\cucumber-junit-1.2.6.jar;C:\Users\alexd\.m2\repository\io\cucumber\cucumber-core\1.2.6\cucumber-core-1.2.6.jar;C:\Users\alexd\.m2\repository\org\slf4j\slf4j-simple\2.0.6\slf4j-simple-2.0.6.jar;"/>
    <property name="java.vm.vendor" value="Oracle Corporation"/>
    <property name="sun.arch.data.model" value="64"/>
    <property name="user.variant" value=""/>
    <property name="java.vendor.url" value="https://java.oracle.com/"/>
    <property name="user.timezone" value="Europe/Berlin"/>
    <property name="os.name" value="Windows 11"/>
    <property name="java.vm.specification.version" value="19"/>
    <property name="sun.java.launcher" value="SUN_STANDARD"/>
    <property name="user.country" value="US"/>
    <property name="sun.boot.library.path" value="C:\Program Files\Java\jdk-19\bin"/>
    <property name="sun.java.command" value="C:\Users\alexd\AppData\Local\Temp\surefire16238089179984264222\surefirebooter-20231214180834960_3.jar C:\Users\alexd\AppData\Local\Temp\surefire16238089179984264222 2023-12-14T18-08-34_541-jvmRun1 surefire-20231214180834960_1tmp surefire_0-20231214180834960_2tmp"/>
    <property name="jdk.debug" value="release"/>
    <property name="surefire.test.class.path" value="C:\Users\alexd\Projetos\BookStore_Cucumber\target\test-classes;C:\Users\alexd\Projetos\BookStore_Cucumber\target\classes;C:\Users\alexd\.m2\repository\com\codeborne\selenide\6.17.0\selenide-6.17.0.jar;C:\Users\alexd\.m2\repository\org\seleniumhq\selenium\selenium-java\4.11.0\selenium-java-4.11.0.jar;C:\Users\alexd\.m2\repository\org\seleniumhq\selenium\selenium-api\4.11.0\selenium-api-4.11.0.jar;C:\Users\alexd\.m2\repository\org\seleniumhq\selenium\selenium-chrome-driver\4.11.0\selenium-chrome-driver-4.11.0.jar;C:\Users\alexd\.m2\repository\com\google\auto\service\auto-service-annotations\1.0.1\auto-service-annotations-1.0.1.jar;C:\Users\alexd\.m2\repository\org\seleniumhq\selenium\selenium-chromium-driver\4.11.0\selenium-chromium-driver-4.11.0.jar;C:\Users\alexd\.m2\repository\org\seleniumhq\selenium\selenium-json\4.11.0\selenium-json-4.11.0.jar;C:\Users\alexd\.m2\repository\org\seleniumhq\selenium\selenium-manager\4.11.0\selenium-manager-4.11.0.jar;C:\Users\alexd\.m2\repository\org\seleniumhq\selenium\selenium-devtools-v113\4.11.0\selenium-devtools-v113-4.11.0.jar;C:\Users\alexd\.m2\repository\org\seleniumhq\selenium\selenium-devtools-v114\4.11.0\selenium-devtools-v114-4.11.0.jar;C:\Users\alexd\.m2\repository\org\seleniumhq\selenium\selenium-devtools-v115\4.11.0\selenium-devtools-v115-4.11.0.jar;C:\Users\alexd\.m2\repository\org\seleniumhq\selenium\selenium-devtools-v85\4.11.0\selenium-devtools-v85-4.11.0.jar;C:\Users\alexd\.m2\repository\org\seleniumhq\selenium\selenium-edge-driver\4.11.0\selenium-edge-driver-4.11.0.jar;C:\Users\alexd\.m2\repository\org\seleniumhq\selenium\selenium-firefox-driver\4.11.0\selenium-firefox-driver-4.11.0.jar;C:\Users\alexd\.m2\repository\org\seleniumhq\selenium\selenium-http\4.11.0\selenium-http-4.11.0.jar;C:\Users\alexd\.m2\repository\dev\failsafe\failsafe\3.3.1\failsafe-3.3.1.jar;C:\Users\alexd\.m2\repository\org\seleniumhq\selenium\selenium-ie-driver\4.11.0\selenium-ie-driver-4.11.0.jar;C:\Users\alexd\.m2\repository\org\seleniumhq\selenium\selenium-remote-driver\4.11.0\selenium-remote-driver-4.11.0.jar;C:\Users\alexd\.m2\repository\io\netty\netty-buffer\4.1.92.Final\netty-buffer-4.1.92.Final.jar;C:\Users\alexd\.m2\repository\io\netty\netty-codec-http\4.1.92.Final\netty-codec-http-4.1.92.Final.jar;C:\Users\alexd\.m2\repository\io\netty\netty-codec\4.1.92.Final\netty-codec-4.1.92.Final.jar;C:\Users\alexd\.m2\repository\io\netty\netty-handler\4.1.92.Final\netty-handler-4.1.92.Final.jar;C:\Users\alexd\.m2\repository\io\netty\netty-common\4.1.92.Final\netty-common-4.1.92.Final.jar;C:\Users\alexd\.m2\repository\io\netty\netty-transport-classes-epoll\4.1.92.Final\netty-transport-classes-epoll-4.1.92.Final.jar;C:\Users\alexd\.m2\repository\io\netty\netty-transport-classes-kqueue\4.1.92.Final\netty-transport-classes-kqueue-4.1.92.Final.jar;C:\Users\alexd\.m2\repository\io\netty\netty-transport-native-epoll\4.1.92.Final\netty-transport-native-epoll-4.1.92.Final.jar;C:\Users\alexd\.m2\repository\io\netty\netty-transport-native-kqueue\4.1.92.Final\netty-transport-native-kqueue-4.1.92.Final.jar;C:\Users\alexd\.m2\repository\io\netty\netty-transport-native-unix-common\4.1.92.Final\netty-transport-native-unix-common-4.1.92.Final.jar;C:\Users\alexd\.m2\repository\io\netty\netty-transport\4.1.92.Final\netty-transport-4.1.92.Final.jar;C:\Users\alexd\.m2\repository\io\netty\netty-resolver\4.1.92.Final\netty-resolver-4.1.92.Final.jar;C:\Users\alexd\.m2\repository\io\opentelemetry\opentelemetry-api\1.26.0\opentelemetry-api-1.26.0.jar;C:\Users\alexd\.m2\repository\io\opentelemetry\opentelemetry-context\1.26.0\opentelemetry-context-1.26.0.jar;C:\Users\alexd\.m2\repository\io\opentelemetry\opentelemetry-exporter-logging\1.26.0\opentelemetry-exporter-logging-1.26.0.jar;C:\Users\alexd\.m2\repository\io\opentelemetry\opentelemetry-sdk-metrics\1.26.0\opentelemetry-sdk-metrics-1.26.0.jar;C:\Users\alexd\.m2\repository\io\opentelemetry\opentelemetry-extension-incubator\1.26.0-alpha\opentelemetry-extension-incubator-1.26.0-alpha.jar;C:\Users\alexd\.m2\repository\io\opentelemetry\opentelemetry-sdk-logs\1.26.0-alpha\opentelemetry-sdk-logs-1.26.0-alpha.jar;C:\Users\alexd\.m2\repository\io\opentelemetry\opentelemetry-api-logs\1.26.0-alpha\opentelemetry-api-logs-1.26.0-alpha.jar;C:\Users\alexd\.m2\repository\io\opentelemetry\opentelemetry-api-events\1.26.0-alpha\opentelemetry-api-events-1.26.0-alpha.jar;C:\Users\alexd\.m2\repository\io\opentelemetry\opentelemetry-sdk-common\1.26.0\opentelemetry-sdk-common-1.26.0.jar;C:\Users\alexd\.m2\repository\io\opentelemetry\opentelemetry-sdk-extension-autoconfigure-spi\1.26.0\opentelemetry-sdk-extension-autoconfigure-spi-1.26.0.jar;C:\Users\alexd\.m2\repository\io\opentelemetry\opentelemetry-sdk-extension-autoconfigure\1.26.0-alpha\opentelemetry-sdk-extension-autoconfigure-1.26.0-alpha.jar;C:\Users\alexd\.m2\repository\io\opentelemetry\opentelemetry-sdk-trace\1.26.0\opentelemetry-sdk-trace-1.26.0.jar;C:\Users\alexd\.m2\repository\io\opentelemetry\opentelemetry-sdk\1.26.0\opentelemetry-sdk-1.26.0.jar;C:\Users\alexd\.m2\repository\io\opentelemetry\opentelemetry-semconv\1.26.0-alpha\opentelemetry-semconv-1.26.0-alpha.jar;C:\Users\alexd\.m2\repository\net\bytebuddy\byte-buddy\1.14.4\byte-buddy-1.14.4.jar;C:\Users\alexd\.m2\repository\org\apache\commons\commons-exec\1.3\commons-exec-1.3.jar;C:\Users\alexd\.m2\repository\org\asynchttpclient\async-http-client\2.12.3\async-http-client-2.12.3.jar;C:\Users\alexd\.m2\repository\org\asynchttpclient\async-http-client-netty-utils\2.12.3\async-http-client-netty-utils-2.12.3.jar;C:\Users\alexd\.m2\repository\io\netty\netty-codec-socks\4.1.60.Final\netty-codec-socks-4.1.60.Final.jar;C:\Users\alexd\.m2\repository\io\netty\netty-handler-proxy\4.1.60.Final\netty-handler-proxy-4.1.60.Final.jar;C:\Users\alexd\.m2\repository\io\netty\netty-transport-native-epoll\4.1.60.Final\netty-transport-native-epoll-4.1.60.Final-linux-x86_64.jar;C:\Users\alexd\.m2\repository\io\netty\netty-transport-native-kqueue\4.1.60.Final\netty-transport-native-kqueue-4.1.60.Final-osx-x86_64.jar;C:\Users\alexd\.m2\repository\org\reactivestreams\reactive-streams\1.0.3\reactive-streams-1.0.3.jar;C:\Users\alexd\.m2\repository\com\typesafe\netty\netty-reactive-streams\2.0.4\netty-reactive-streams-2.0.4.jar;C:\Users\alexd\.m2\repository\com\sun\activation\jakarta.activation\1.2.2\jakarta.activation-1.2.2.jar;C:\Users\alexd\.m2\repository\org\seleniumhq\selenium\selenium-safari-driver\4.11.0\selenium-safari-driver-4.11.0.jar;C:\Users\alexd\.m2\repository\org\seleniumhq\selenium\selenium-support\4.11.0\selenium-support-4.11.0.jar;C:\Users\alexd\.m2\repository\org\slf4j\slf4j-api\2.0.7\slf4j-api-2.0.7.jar;C:\Users\alexd\.m2\repository\com\codeborne\selenide-core\6.17.0\selenide-core-6.17.0.jar;C:\Users\alexd\.m2\repository\org\opentest4j\opentest4j\1.3.0\opentest4j-1.3.0.jar;C:\Users\alexd\.m2\repository\org\apache\commons\commons-compress\1.23.0\commons-compress-1.23.0.jar;C:\Users\alexd\.m2\repository\org\apache\httpcomponents\client5\httpclient5\5.2.1\httpclient5-5.2.1.jar;C:\Users\alexd\.m2\repository\org\apache\httpcomponents\core5\httpcore5\5.2\httpcore5-5.2.jar;C:\Users\alexd\.m2\repository\org\apache\httpcomponents\core5\httpcore5-h2\5.2\httpcore5-h2-5.2.jar;C:\Users\alexd\.m2\repository\com\google\guava\guava\32.1.2-jre\guava-32.1.2-jre.jar;C:\Users\alexd\.m2\repository\com\google\guava\failureaccess\1.0.1\failureaccess-1.0.1.jar;C:\Users\alexd\.m2\repository\com\google\guava\listenablefuture\9999.0-empty-to-avoid-conflict-with-guava\listenablefuture-9999.0-empty-to-avoid-conflict-with-guava.jar;C:\Users\alexd\.m2\repository\com\google\code\findbugs\jsr305\3.0.2\jsr305-3.0.2.jar;C:\Users\alexd\.m2\repository\org\checkerframework\checker-qual\3.33.0\checker-qual-3.33.0.jar;C:\Users\alexd\.m2\repository\com\google\errorprone\error_prone_annotations\2.18.0\error_prone_annotations-2.18.0.jar;C:\Users\alexd\.m2\repository\com\google\j2objc\j2objc-annotations\2.8\j2objc-annotations-2.8.jar;C:\Users\alexd\.m2\repository\org\apache\commons\commons-lang3\3.13.0\commons-lang3-3.13.0.jar;C:\Users\alexd\.m2\repository\commons-io\commons-io\2.13.0\commons-io-2.13.0.jar;C:\Users\alexd\.m2\repository\com\github\javafaker\javafaker\1.0.2\javafaker-1.0.2.jar;C:\Users\alexd\.m2\repository\org\yaml\snakeyaml\1.23\snakeyaml-1.23-android.jar;C:\Users\alexd\.m2\repository\com\github\mifmif\generex\1.0.2\generex-1.0.2.jar;C:\Users\alexd\.m2\repository\dk\brics\automaton\automaton\1.11-8\automaton-1.11-8.jar;C:\Users\alexd\.m2\repository\io\qameta\allure\allure-junit4\2.13.1\allure-junit4-2.13.1.jar;C:\Users\alexd\.m2\repository\io\qameta\allure\allure-java-commons\2.13.1\allure-java-commons-2.13.1.jar;C:\Users\alexd\.m2\repository\io\qameta\allure\allure-model\2.13.1\allure-model-2.13.1.jar;C:\Users\alexd\.m2\repository\com\fasterxml\jackson\core\jackson-databind\2.9.8\jackson-databind-2.9.8.jar;C:\Users\alexd\.m2\repository\com\fasterxml\jackson\core\jackson-annotations\2.9.0\jackson-annotations-2.9.0.jar;C:\Users\alexd\.m2\repository\com\fasterxml\jackson\core\jackson-core\2.9.8\jackson-core-2.9.8.jar;C:\Users\alexd\.m2\repository\org\apache\tika\tika-core\1.20\tika-core-1.20.jar;C:\Users\alexd\.m2\repository\org\jooq\joor-java-8\0.9.10\joor-java-8-0.9.10.jar;C:\Users\alexd\.m2\repository\junit\junit\4.12\junit-4.12.jar;C:\Users\alexd\.m2\repository\org\hamcrest\hamcrest-core\1.3\hamcrest-core-1.3.jar;C:\Users\alexd\.m2\repository\io\qameta\allure\allure-cucumber-jvm\2.13.1\allure-cucumber-jvm-2.13.1.jar;C:\Users\alexd\.m2\repository\info\cukes\cucumber-core\1.2.5\cucumber-core-1.2.5.jar;C:\Users\alexd\.m2\repository\info\cukes\cucumber-html\0.2.3\cucumber-html-0.2.3.jar;C:\Users\alexd\.m2\repository\info\cukes\cucumber-jvm-deps\1.0.5\cucumber-jvm-deps-1.0.5.jar;C:\Users\alexd\.m2\repository\info\cukes\cucumber-java\1.2.5\cucumber-java-1.2.5.jar;C:\Users\alexd\.m2\repository\info\cukes\gherkin\2.12.2\gherkin-2.12.2.jar;C:\Users\alexd\.m2\repository\io\qameta\allure\allure-selenide\2.13.1\allure-selenide-2.13.1.jar;C:\Users\alexd\.m2\repository\io\cucumber\cucumber-junit\1.2.6\cucumber-junit-1.2.6.jar;C:\Users\alexd\.m2\repository\io\cucumber\cucumber-core\1.2.6\cucumber-core-1.2.6.jar;C:\Users\alexd\.m2\repository\org\slf4j\slf4j-simple\2.0.6\slf4j-simple-2.0.6.jar;"/>
    <property name="allure.results.directory" value="C:\Users\alexd\Projetos\BookStore_Cucumber\target/allure-results"/>
    <property name="sun.cpu.endian" value="little"/>
    <property name="user.home" value="C:\Users\alexd"/>
    <property name="user.language" value="en"/>
    <property name="java.specification.vendor" value="Oracle Corporation"/>
    <property name="java.version.date" value="2023-01-17"/>
    <property name="java.home" value="C:\Program Files\Java\jdk-19"/>
    <property name="file.separator" value="\"/>
    <property name="basedir" value="C:\Users\alexd\Projetos\BookStore_Cucumber"/>
    <property name="java.vm.compressedOopsMode" value="32-bit"/>
    <property name="line.separator" value="&#10;"/>
    <property name="java.vm.specification.vendor" value="Oracle Corporation"/>
    <property name="java.specification.name" value="Java Platform API Specification"/>
    <property name="surefire.real.class.path" value="C:\Users\alexd\AppData\Local\Temp\surefire16238089179984264222\surefirebooter-20231214180834960_3.jar"/>
    <property name="user.script" value=""/>
    <property name="sun.management.compiler" value="HotSpot 64-Bit Tiered Compilers"/>
    <property name="java.runtime.version" value="19.0.2+7-44"/>
    <property name="user.name" value="alexd"/>
    <property name="stdout.encoding" value="UTF-8"/>
    <property name="path.separator" value=";"/>
    <property name="os.version" value="10.0"/>
    <property name="java.runtime.name" value="Java(TM) SE Runtime Environment"/>
    <property name="file.encoding" value="UTF-8"/>
    <property name="java.vm.name" value="Java HotSpot(TM) 64-Bit Server VM"/>
    <property name="localRepository" value="C:\Users\alexd\.m2\repository"/>
    <property name="cucumber.options" value="--plugin io.qameta.allure.cucumberjvm.AllureCucumberJvm"/>
    <property name="java.vendor.url.bug" value="https://bugreport.java.com/bugreport/"/>
    <property name="java.io.tmpdir" value="C:\Users\alexd\AppData\Local\Temp\"/>
    <property name="java.version" value="19.0.2"/>
    <property name="user.dir" value="C:\Users\alexd\Projetos\BookStore_Cucumber"/>
    <property name="os.arch" value="amd64"/>
    <property name="java.vm.specification.name" value="Java Virtual Machine Specification"/>
    <property name="sun.os.patch.level" value=""/>
    <property name="native.encoding" value="UTF-8"/>
    <property name="java.library.path" value="C:\Program Files\Java\jdk-19\bin;C:\WINDOWS\Sun\Java\bin;C:\WINDOWS\system32;C:\WINDOWS;C:\Program Files\Common Files\Oracle\Java\javapath;C:\WINDOWS\system32;C:\WINDOWS;C:\WINDOWS\System32\Wbem;C:\WINDOWS\System32\WindowsPowerShell\v1.0\;C:\WINDOWS\System32\OpenSSH\;C:\Program Files (x86)\Intel\Intel(R) Management Engine Components\DAL;C:\Program Files\Intel\Intel(R) Management Engine Components\DAL;C:\Program Files\dotnet\;C:\Program Files\Java\jdk-19\bin;C:\Users\alexd\OneDrive\Documents\apache-maven-3.9.2-bin\apache-maven-3.9.2\bin;C:\Users\alexd\OneDrive\Documents\apache-maven-3.9.2-bin.zip\apache-maven-3.9.2\bin;C:\Program Files\Git\cmd;C:\Tools\;;C:\Program Files\Docker\Docker\resources\bin;C:\Program Files\MySQL\MySQL Shell 8.0\bin\;C:\Users\alexd\AppData\Local\Microsoft\WindowsApps;C:\Users\alexd\AppData\Local\Programs\Microsoft VS Code\bin;%M2_HOME\bin;C:\Users\alexd\AppData\Local\GitHubDesktop\bin;."/>
    <property name="java.vm.info" value="mixed mode, sharing"/>
    <property name="stderr.encoding" value="UTF-8"/>
    <property name="java.vendor" value="Oracle Corporation"/>
    <property name="java.vm.version" value="19.0.2+7-44"/>
    <property name="sun.io.unicode.encoding" value="UnicodeLittle"/>
    <property name="java.class.version" value="63.0"/>
  </properties>
  <testcase name="Given I open Book Store" classname="Scenario: Add one book to the User`s Profile" time="0.003">
    <system-err><![CDATA[[main] INFO com.codeborne.selenide.impl.WebDriverThreadLocalContainer - No webdriver is bound to current thread: 1 - let's create a new webdriver
[main] INFO com.codeborne.selenide.impl.FileHelper - Creating folder: C:\Users\alexd\Projetos\BookStore_Cucumber\build\downloads\1702573718901_29552_1
[main] INFO com.codeborne.selenide.webdriver.SelenideNettyClientFactory - Changed readTimeout from PT3M to PT1M30S
[main] INFO com.codeborne.selenide.webdriver.SelenideNettyClientFactory - Changed readTimeout from PT3M to PT1M30S
Dec 14, 2023 6:08:47 PM org.openqa.selenium.devtools.CdpVersionFinder findNearestMatch
WARNING: Unable to find CDP implementation matching 120
Dec 14, 2023 6:08:47 PM org.openqa.selenium.chromium.ChromiumDriver lambda$new$5
WARNING: Unable to find version of CDP to use for 120.0.6099.71. You may need to include a dependency on a specific version of the CDP using something similar to `org.seleniumhq.selenium:selenium-devtools-v86:4.11.0` where the version ("v86") matches the version of the chromium-based browser you're using and the version number of the artifact is the same as Selenium's.
[main] INFO com.codeborne.selenide.webdriver.WebDriverFactory - BrowserName=chrome Version=120.0.6099.71 Platform=windows
[main] INFO com.codeborne.selenide.webdriver.WebDriverFactory - Selenide v. 6.17.0
[main] INFO com.codeborne.selenide.webdriver.WebDriverFactory - Selenium WebDriver v. 4.11.0 build revision: 040bc5406b
[main] INFO com.codeborne.selenide.drivercommands.CreateDriverCommand - Created webdriver in thread 1: ChromeDriver -> ChromeDriver: chrome on windows (a2b63a9d9726022c2518f0d181854ccc)
[main] INFO com.codeborne.selenide.drivercommands.DisposablesRegistry - Register WebDriverInstance[config=StaticConfig,webDriver=ChromeDriver: chrome on windows (a2b63a9d9726022c2518f0d181854ccc),proxy=null,downloadsFolder=C:\Users\alexd\Projetos\BookStore_Cucumber\build\downloads\1702573718901_29552_1] in 1 [size=1]
[main] INFO com.codeborne.selenide.drivercommands.DisposablesRegistry - Add shutdown hook in 1 [size=1]
]]></system-err>
  </testcase>
  <testcase name="Given I open Book Store" classname="Scenario: Add one book to the User`s Profile" time="0">
    <system-err><![CDATA[[main] INFO com.codeborne.selenide.impl.FileHelper - Deleted empty folder: C:\Users\alexd\Projetos\BookStore_Cucumber\build\downloads\1702573718901_29552_1
[main] INFO com.codeborne.selenide.drivercommands.CloseDriverCommand - Close webdriver: 1 -> ChromeDriver: chrome on windows (a2b63a9d9726022c2518f0d181854ccc)...
[AsyncHttpClient-1-4] WARN org.asynchttpclient.netty.handler.WebSocketHandler - onError
java.net.SocketException: Connection reset
	at java.base/sun.nio.ch.SocketChannelImpl.throwConnectionReset(SocketChannelImpl.java:401)
	at java.base/sun.nio.ch.SocketChannelImpl.read(SocketChannelImpl.java:434)
	at io.netty.buffer.PooledByteBuf.setBytes(PooledByteBuf.java:256)
	at io.netty.buffer.AbstractByteBuf.writeBytes(AbstractByteBuf.java:1132)
	at io.netty.channel.socket.nio.NioSocketChannel.doReadBytes(NioSocketChannel.java:357)
	at io.netty.channel.nio.AbstractNioByteChannel$NioByteUnsafe.read(AbstractNioByteChannel.java:151)
	at io.netty.channel.nio.NioEventLoop.processSelectedKey(NioEventLoop.java:788)
	at io.netty.channel.nio.NioEventLoop.processSelectedKeysOptimized(NioEventLoop.java:724)
	at io.netty.channel.nio.NioEventLoop.processSelectedKeys(NioEventLoop.java:650)
	at io.netty.channel.nio.NioEventLoop.run(NioEventLoop.java:562)
	at io.netty.util.concurrent.SingleThreadEventExecutor$4.run(SingleThreadEventExecutor.java:997)
	at io.netty.util.internal.ThreadExecutorMap$2.run(ThreadExecutorMap.java:74)
	at io.netty.util.concurrent.FastThreadLocalRunnable.run(FastThreadLocalRunnable.java:30)
	at java.base/java.lang.Thread.run(Thread.java:1589)
Dec 14, 2023 6:09:17 PM org.openqa.selenium.remote.http.WebSocket$Listener onError
WARNING: Connection reset
java.net.SocketException: Connection reset
	at java.base/sun.nio.ch.SocketChannelImpl.throwConnectionReset(SocketChannelImpl.java:401)
	at java.base/sun.nio.ch.SocketChannelImpl.read(SocketChannelImpl.java:434)
	at io.netty.buffer.PooledByteBuf.setBytes(PooledByteBuf.java:256)
	at io.netty.buffer.AbstractByteBuf.writeBytes(AbstractByteBuf.java:1132)
	at io.netty.channel.socket.nio.NioSocketChannel.doReadBytes(NioSocketChannel.java:357)
	at io.netty.channel.nio.AbstractNioByteChannel$NioByteUnsafe.read(AbstractNioByteChannel.java:151)
	at io.netty.channel.nio.NioEventLoop.processSelectedKey(NioEventLoop.java:788)
	at io.netty.channel.nio.NioEventLoop.processSelectedKeysOptimized(NioEventLoop.java:724)
	at io.netty.channel.nio.NioEventLoop.processSelectedKeys(NioEventLoop.java:650)
	at io.netty.channel.nio.NioEventLoop.run(NioEventLoop.java:562)
	at io.netty.util.concurrent.SingleThreadEventExecutor$4.run(SingleThreadEventExecutor.java:997)
	at io.netty.util.internal.ThreadExecutorMap$2.run(ThreadExecutorMap.java:74)
	at io.netty.util.concurrent.FastThreadLocalRunnable.run(FastThreadLocalRunnable.java:30)
	at java.base/java.lang.Thread.run(Thread.java:1589)

[main] INFO com.codeborne.selenide.drivercommands.CloseDriverCommand - Closed webdriver 1 in 777 ms
[main] INFO com.codeborne.selenide.drivercommands.DisposablesRegistry - Unregister WebDriverInstance[config=StaticConfig,webDriver=ChromeDriver: chrome on windows (null),proxy=null,downloadsFolder=C:\Users\alexd\Projetos\BookStore_Cucumber\build\downloads\1702573718901_29552_1] in 1 [size=0]
[main] INFO com.codeborne.selenide.impl.WebDriverThreadLocalContainer - No webdriver is bound to current thread: 1 - let's create a new webdriver
[main] INFO com.codeborne.selenide.impl.FileHelper - Creating folder: C:\Users\alexd\Projetos\BookStore_Cucumber\build\downloads\1702573758842_29552_1
[main] INFO com.codeborne.selenide.webdriver.SelenideNettyClientFactory - Changed readTimeout from PT3M to PT1M30S
[main] INFO com.codeborne.selenide.webdriver.SelenideNettyClientFactory - Changed readTimeout from PT3M to PT1M30S
Dec 14, 2023 6:09:22 PM org.openqa.selenium.devtools.CdpVersionFinder findNearestMatch
WARNING: Unable to find CDP implementation matching 120
Dec 14, 2023 6:09:22 PM org.openqa.selenium.chromium.ChromiumDriver lambda$new$5
WARNING: Unable to find version of CDP to use for 120.0.6099.71. You may need to include a dependency on a specific version of the CDP using something similar to `org.seleniumhq.selenium:selenium-devtools-v86:4.11.0` where the version ("v86") matches the version of the chromium-based browser you're using and the version number of the artifact is the same as Selenium's.
[main] INFO com.codeborne.selenide.webdriver.WebDriverFactory - BrowserName=chrome Version=120.0.6099.71 Platform=windows
[main] INFO com.codeborne.selenide.webdriver.WebDriverFactory - Selenide v. 6.17.0
[main] INFO com.codeborne.selenide.webdriver.WebDriverFactory - Selenium WebDriver v. 4.11.0 build revision: 040bc5406b
[main] INFO com.codeborne.selenide.drivercommands.CreateDriverCommand - Created webdriver in thread 1: ChromeDriver -> ChromeDriver: chrome on windows (1dc216d36bc604b8f21357ab6115da20)
[main] INFO com.codeborne.selenide.drivercommands.DisposablesRegistry - Register WebDriverInstance[config=StaticConfig,webDriver=ChromeDriver: chrome on windows (1dc216d36bc604b8f21357ab6115da20),proxy=null,downloadsFolder=C:\Users\alexd\Projetos\BookStore_Cucumber\build\downloads\1702573758842_29552_1] in 1 [size=1]
]]></system-err>
  </testcase>
  <testcase name="When I follow Login Link" classname="Scenario: Add one book to the User`s Profile" time="0"/>
  <testcase name="When I follow Login Link" classname="Scenario: Add one book to the User`s Profile" time="0"/>
  <testcase name="And I input &quot;Ronny&quot; to userName field" classname="Scenario: Add one book to the User`s Profile" time="0.001"/>
  <testcase name="And I input &quot;Ronny&quot; to userName field" classname="Scenario: Add one book to the User`s Profile" time="0"/>
  <testcase name="And I input &quot;123Ron321&amp;&quot; to password field" classname="Scenario: Add one book to the User`s Profile" time="0"/>
  <testcase name="And I input &quot;123Ron321&amp;&quot; to password field" classname="Scenario: Add one book to the User`s Profile" time="0"/>
  <testcase name="When I click the Login button" classname="Scenario: Add one book to the User`s Profile" time="0"/>
  <testcase name="When I click the Login button" classname="Scenario: Add one book to the User`s Profile" time="0"/>
  <testcase name="Then I am on the Profile page" classname="Scenario: Add one book to the User`s Profile" time="0"/>
  <testcase name="Then I am on the Profile page" classname="Scenario: Add one book to the User`s Profile" time="0"/>
  <testcase name="And I see the Profile Book Catalog empty" classname="Scenario: Add one book to the User`s Profile" time="0.007">
    <failure message="List size mismatch: expected: = 0, actual: 2, collection: [class =&apos;rt-tr-group&apos;].filter(not empty: attribute value=&quot;&quot; and exact text &quot;&quot;)&#10;Screenshot: file:/C:/Users/alexd/Projetos/BookStore_Cucumber/build/reports/tests/1702573756951.0.png&#10;Page source: file:/C:/Users/alexd/Projetos/BookStore_Cucumber/build/reports/tests/1702573756951.0.html&#10;Timeout: 4 s." type="List size mismatch"><![CDATA[List size mismatch: expected: = 0, actual: 2, collection: [class ='rt-tr-group'].filter(not empty: attribute value="" and exact text "")
Screenshot: file:/C:/Users/alexd/Projetos/BookStore_Cucumber/build/reports/tests/1702573756951.0.png
Page source: file:/C:/Users/alexd/Projetos/BookStore_Cucumber/build/reports/tests/1702573756951.0.html
Timeout: 4 s.
	at com.codeborne.selenide.collections.CollectionSizeCondition.fail(CollectionSizeCondition.java:40)
	at com.codeborne.selenide.collections.ListSize.fail(ListSize.java:6)
	at com.codeborne.selenide.ElementsCollection.waitUntil(ElementsCollection.java:200)
	at com.codeborne.selenide.ElementsCollection.should(ElementsCollection.java:145)
	at com.codeborne.selenide.ElementsCollection.shouldHave(ElementsCollection.java:119)
	at steps.ProfileSteps.iSeeTheProfileBookCatalogEmpty(ProfileSteps.java:19)
	at ✽.And I see the Profile Book Catalog empty(AddAndDeleteAllBooks.feature:11)
]]></failure>
  </testcase>
  <testcase name="And I see the Profile Book Catalog empty" classname="Scenario: Add one book to the User`s Profile" time="0.001">
    <failure message="List size mismatch: expected: = 0, actual: 2, collection: [class =&apos;rt-tr-group&apos;].filter(not empty: attribute value=&quot;&quot; and exact text &quot;&quot;)&#10;Screenshot: file:/C:/Users/alexd/Projetos/BookStore_Cucumber/build/reports/tests/1702573784832.1.png&#10;Page source: file:/C:/Users/alexd/Projetos/BookStore_Cucumber/build/reports/tests/1702573784832.1.html&#10;Timeout: 4 s." type="List size mismatch"><![CDATA[List size mismatch: expected: = 0, actual: 2, collection: [class ='rt-tr-group'].filter(not empty: attribute value="" and exact text "")
Screenshot: file:/C:/Users/alexd/Projetos/BookStore_Cucumber/build/reports/tests/1702573784832.1.png
Page source: file:/C:/Users/alexd/Projetos/BookStore_Cucumber/build/reports/tests/1702573784832.1.html
Timeout: 4 s.
	at com.codeborne.selenide.collections.CollectionSizeCondition.fail(CollectionSizeCondition.java:40)
	at com.codeborne.selenide.collections.ListSize.fail(ListSize.java:6)
	at com.codeborne.selenide.ElementsCollection.waitUntil(ElementsCollection.java:200)
	at com.codeborne.selenide.ElementsCollection.should(ElementsCollection.java:145)
	at com.codeborne.selenide.ElementsCollection.shouldHave(ElementsCollection.java:119)
	at steps.ProfileSteps.iSeeTheProfileBookCatalogEmpty(ProfileSteps.java:19)
	at ✽.And I see the Profile Book Catalog empty(AddAndDeleteOneBookTest.feature:11)
]]></failure>
  </testcase>
  <testcase name="" classname="Scenario: Add one book to the User`s Profile" time="0.008">
    <failure message="List size mismatch: expected: = 0, actual: 2, collection: [class =&apos;rt-tr-group&apos;].filter(not empty: attribute value=&quot;&quot; and exact text &quot;&quot;)&#10;Screenshot: file:/C:/Users/alexd/Projetos/BookStore_Cucumber/build/reports/tests/1702573756951.0.png&#10;Page source: file:/C:/Users/alexd/Projetos/BookStore_Cucumber/build/reports/tests/1702573756951.0.html&#10;Timeout: 4 s." type="List size mismatch"><![CDATA[List size mismatch: expected: = 0, actual: 2, collection: [class ='rt-tr-group'].filter(not empty: attribute value="" and exact text "")
Screenshot: file:/C:/Users/alexd/Projetos/BookStore_Cucumber/build/reports/tests/1702573756951.0.png
Page source: file:/C:/Users/alexd/Projetos/BookStore_Cucumber/build/reports/tests/1702573756951.0.html
Timeout: 4 s.
	at com.codeborne.selenide.collections.CollectionSizeCondition.fail(CollectionSizeCondition.java:40)
	at com.codeborne.selenide.collections.ListSize.fail(ListSize.java:6)
	at com.codeborne.selenide.ElementsCollection.waitUntil(ElementsCollection.java:200)
	at com.codeborne.selenide.ElementsCollection.should(ElementsCollection.java:145)
	at com.codeborne.selenide.ElementsCollection.shouldHave(ElementsCollection.java:119)
	at steps.ProfileSteps.iSeeTheProfileBookCatalogEmpty(ProfileSteps.java:19)
	at ✽.And I see the Profile Book Catalog empty(AddAndDeleteAllBooks.feature:11)
]]></failure>
  </testcase>
  <testcase name="" classname="Scenario: Add one book to the User`s Profile" time="0.003">
    <failure message="List size mismatch: expected: = 0, actual: 2, collection: [class =&apos;rt-tr-group&apos;].filter(not empty: attribute value=&quot;&quot; and exact text &quot;&quot;)&#10;Screenshot: file:/C:/Users/alexd/Projetos/BookStore_Cucumber/build/reports/tests/1702573784832.1.png&#10;Page source: file:/C:/Users/alexd/Projetos/BookStore_Cucumber/build/reports/tests/1702573784832.1.html&#10;Timeout: 4 s." type="List size mismatch"><![CDATA[List size mismatch: expected: = 0, actual: 2, collection: [class ='rt-tr-group'].filter(not empty: attribute value="" and exact text "")
Screenshot: file:/C:/Users/alexd/Projetos/BookStore_Cucumber/build/reports/tests/1702573784832.1.png
Page source: file:/C:/Users/alexd/Projetos/BookStore_Cucumber/build/reports/tests/1702573784832.1.html
Timeout: 4 s.
	at com.codeborne.selenide.collections.CollectionSizeCondition.fail(CollectionSizeCondition.java:40)
	at com.codeborne.selenide.collections.ListSize.fail(ListSize.java:6)
	at com.codeborne.selenide.ElementsCollection.waitUntil(ElementsCollection.java:200)
	at com.codeborne.selenide.ElementsCollection.should(ElementsCollection.java:145)
	at com.codeborne.selenide.ElementsCollection.shouldHave(ElementsCollection.java:119)
	at steps.ProfileSteps.iSeeTheProfileBookCatalogEmpty(ProfileSteps.java:19)
	at ✽.And I see the Profile Book Catalog empty(AddAndDeleteOneBookTest.feature:11)
]]></failure>
  </testcase>
  <testcase name="When I follow the Book Store Link" classname="Scenario: Add one book to the User`s Profile" time="0">
    <skipped/>
  </testcase>
  <testcase name="When I follow the Book Store Link" classname="Scenario: Add one book to the User`s Profile" time="0">
    <skipped/>
  </testcase>
  <testcase name="Then I am on the Book Store Page" classname="Scenario: Add one book to the User`s Profile" time="0">
    <skipped/>
  </testcase>
  <testcase name="Then I am on the Book Store Page" classname="Scenario: Add one book to the User`s Profile" time="0">
    <skipped/>
  </testcase>
  <testcase name="Then I am on the Book Store Page" classname="Scenario: Add one book to the User`s Profile" time="0">
    <skipped/>
  </testcase>
  <testcase name="When I click the &quot;Git Pocket Guide&quot; Title Link" classname="Scenario: Add one book to the User`s Profile" time="0">
    <skipped/>
  </testcase>
  <testcase name="Then I am on the Profile Book Detailed Information Page" classname="Scenario: Add one book to the User`s Profile" time="0">
    <skipped/>
  </testcase>
  <testcase name="Then I am on the Profile Book Detailed Information Page" classname="Scenario: Add one book to the User`s Profile" time="0">
    <skipped/>
  </testcase>
  <testcase name="Then I am on the Profile Book Detailed Information Page" classname="Scenario: Add one book to the User`s Profile" time="0">
    <skipped/>
  </testcase>
  <testcase name="And I see the detailed information about &quot;Git Pocket Guide&quot; book" classname="Scenario: Add one book to the User`s Profile" time="0">
    <skipped/>
  </testcase>
  <testcase name="When I click the Add To Your Collection button" classname="Scenario: Add one book to the User`s Profile" time="0">
    <skipped/>
  </testcase>
  <testcase name="When I click the Add To Your Collection button" classname="Scenario: Add one book to the User`s Profile" time="0">
    <skipped/>
  </testcase>
  <testcase name="When I click the Add To Your Collection button" classname="Scenario: Add one book to the User`s Profile" time="0">
    <skipped/>
  </testcase>
  <testcase name="And I confirm the alert message" classname="Scenario: Add one book to the User`s Profile" time="0">
    <skipped/>
  </testcase>
  <testcase name="And I confirm the alert message" classname="Scenario: Add one book to the User`s Profile" time="0">
    <skipped/>
  </testcase>
  <testcase name="And I confirm the alert message" classname="Scenario: Add one book to the User`s Profile" time="0">
    <skipped/>
  </testcase>
  <testcase name="And I click Back To Book Store button" classname="Scenario: Add one book to the User`s Profile" time="0">
    <skipped/>
  </testcase>
  <testcase name="When I click the &quot;Designing Evolvable Web APIs with ASP.NET&quot; Title Link" classname="Scenario: Add one book to the User`s Profile" time="0">
    <skipped/>
  </testcase>
  <testcase name="And I see the detailed information about &quot;Designing Evolvable Web APIs with ASP.NET&quot; book" classname="Scenario: Add one book to the User`s Profile" time="0">
    <skipped/>
  </testcase>
  <testcase name="And I follow the Profile link on the Sidebar" classname="Scenario: Add one book to the User`s Profile" time="0">
    <skipped/>
  </testcase>
  <testcase name="And I follow the Profile link on the Sidebar" classname="Scenario: Add one book to the User`s Profile" time="0">
    <skipped/>
  </testcase>
  <testcase name="Then I see the &quot;Git Pocket Guide&quot; book in User`s collection" classname="Scenario: Add one book to the User`s Profile" time="0">
    <skipped/>
  </testcase>
  <testcase name="And I see the &quot;Designing Evolvable Web APIs with ASP.NET&quot; book in User`s collection" classname="Scenario: Add one book to the User`s Profile" time="0">
    <skipped/>
  </testcase>
  <testcase name="And I see that there are only two books in User`s collection" classname="Scenario: Add one book to the User`s Profile" time="0">
    <skipped/>
  </testcase>
  <testcase name="When I click Delete All Books button" classname="Scenario: Add one book to the User`s Profile" time="0">
    <skipped/>
  </testcase>
  <testcase name="And I confirm the alert delete message" classname="Scenario: Add one book to the User`s Profile" time="0">
    <skipped/>
  </testcase>
  <testcase name="And I confirm the alert delete message" classname="Scenario: Add one book to the User`s Profile" time="0">
    <skipped/>
  </testcase>
  <testcase name="Then I see the Profile Book Catalog empty" classname="Scenario: Add one book to the User`s Profile" time="0">
    <skipped/>
  </testcase>
  <testcase name="Then I see the Profile Book Catalog empty" classname="Scenario: Add one book to the User`s Profile" time="0">
    <skipped/>
  </testcase>
  <testcase name="When I click the &quot;Learning JavaScript Design Patterns&quot; Title Link" classname="Scenario: Add one book to the User`s Profile" time="0">
    <skipped/>
  </testcase>
  <testcase name="And I see the detailed information about &quot;Learning JavaScript Design Patterns&quot; book" classname="Scenario: Add one book to the User`s Profile" time="0">
    <skipped/>
  </testcase>
  <testcase name="Then I see the &quot;Learning JavaScript Design Patterns&quot; book in User`s collection" classname="Scenario: Add one book to the User`s Profile" time="0">
    <skipped/>
  </testcase>
  <testcase name="And I see that the book is only one in User`s collection" classname="Scenario: Add one book to the User`s Profile" time="0">
    <skipped/>
  </testcase>
  <testcase name="When I click delete book icon" classname="Scenario: Add one book to the User`s Profile" time="0">
    <skipped/>
  </testcase>
  <testcase name="Given I open Book Store" classname="Scenario: Search book by title" time="0.001">
    <system-err><![CDATA[[main] INFO com.codeborne.selenide.impl.FileHelper - Deleted empty folder: C:\Users\alexd\Projetos\BookStore_Cucumber\build\downloads\1702573758842_29552_1
[main] INFO com.codeborne.selenide.drivercommands.CloseDriverCommand - Close webdriver: 1 -> ChromeDriver: chrome on windows (1dc216d36bc604b8f21357ab6115da20)...
[main] INFO com.codeborne.selenide.drivercommands.CloseDriverCommand - Closed webdriver 1 in 633 ms
[main] INFO com.codeborne.selenide.drivercommands.DisposablesRegistry - Unregister WebDriverInstance[config=StaticConfig,webDriver=ChromeDriver: chrome on windows (null),proxy=null,downloadsFolder=C:\Users\alexd\Projetos\BookStore_Cucumber\build\downloads\1702573758842_29552_1] in 1 [size=0]
[main] INFO com.codeborne.selenide.impl.WebDriverThreadLocalContainer - No webdriver is bound to current thread: 1 - let's create a new webdriver
[main] INFO com.codeborne.selenide.impl.FileHelper - Creating folder: C:\Users\alexd\Projetos\BookStore_Cucumber\build\downloads\1702573786221_29552_1
[main] INFO com.codeborne.selenide.webdriver.SelenideNettyClientFactory - Changed readTimeout from PT3M to PT1M30S
[main] INFO com.codeborne.selenide.webdriver.SelenideNettyClientFactory - Changed readTimeout from PT3M to PT1M30S
Dec 14, 2023 6:09:49 PM org.openqa.selenium.devtools.CdpVersionFinder findNearestMatch
WARNING: Unable to find CDP implementation matching 120
Dec 14, 2023 6:09:49 PM org.openqa.selenium.chromium.ChromiumDriver lambda$new$5
WARNING: Unable to find version of CDP to use for 120.0.6099.71. You may need to include a dependency on a specific version of the CDP using something similar to `org.seleniumhq.selenium:selenium-devtools-v86:4.11.0` where the version ("v86") matches the version of the chromium-based browser you're using and the version number of the artifact is the same as Selenium's.
[main] INFO com.codeborne.selenide.webdriver.WebDriverFactory - BrowserName=chrome Version=120.0.6099.71 Platform=windows
[main] INFO com.codeborne.selenide.webdriver.WebDriverFactory - Selenide v. 6.17.0
[main] INFO com.codeborne.selenide.webdriver.WebDriverFactory - Selenium WebDriver v. 4.11.0 build revision: 040bc5406b
[main] INFO com.codeborne.selenide.drivercommands.CreateDriverCommand - Created webdriver in thread 1: ChromeDriver -> ChromeDriver: chrome on windows (d5be3bdf60c158d6f6761e5fa49675bb)
[main] INFO com.codeborne.selenide.drivercommands.DisposablesRegistry - Register WebDriverInstance[config=StaticConfig,webDriver=ChromeDriver: chrome on windows (d5be3bdf60c158d6f6761e5fa49675bb),proxy=null,downloadsFolder=C:\Users\alexd\Projetos\BookStore_Cucumber\build\downloads\1702573786221_29552_1] in 1 [size=1]
]]></system-err>
  </testcase>
  <testcase name="Given I open Book Store" classname="Scenario: Search book by title" time="0">
    <system-err><![CDATA[[main] INFO com.codeborne.selenide.impl.WebDriverThreadLocalContainer - No webdriver is bound to current thread: 1 - let's create a new webdriver
[main] INFO com.codeborne.selenide.impl.FileHelper - Creating folder: C:\Users\alexd\Projetos\BookStore_Cucumber\build\downloads\1702574167311_29552_1
[main] INFO com.codeborne.selenide.webdriver.SelenideNettyClientFactory - Changed readTimeout from PT3M to PT1M30S
[main] INFO com.codeborne.selenide.webdriver.SelenideNettyClientFactory - Changed readTimeout from PT3M to PT1M30S
Dec 14, 2023 6:16:09 PM org.openqa.selenium.devtools.CdpVersionFinder findNearestMatch
WARNING: Unable to find CDP implementation matching 120
Dec 14, 2023 6:16:09 PM org.openqa.selenium.chromium.ChromiumDriver lambda$new$5
WARNING: Unable to find version of CDP to use for 120.0.6099.71. You may need to include a dependency on a specific version of the CDP using something similar to `org.seleniumhq.selenium:selenium-devtools-v86:4.11.0` where the version ("v86") matches the version of the chromium-based browser you're using and the version number of the artifact is the same as Selenium's.
[main] INFO com.codeborne.selenide.webdriver.WebDriverFactory - BrowserName=chrome Version=120.0.6099.71 Platform=windows
[main] INFO com.codeborne.selenide.webdriver.WebDriverFactory - Selenide v. 6.17.0
[main] INFO com.codeborne.selenide.webdriver.WebDriverFactory - Selenium WebDriver v. 4.11.0 build revision: 040bc5406b
[main] INFO com.codeborne.selenide.drivercommands.CreateDriverCommand - Created webdriver in thread 1: ChromeDriver -> ChromeDriver: chrome on windows (5b90979d6be18dd2ece80c36b0d89d6f)
[main] INFO com.codeborne.selenide.drivercommands.DisposablesRegistry - Register WebDriverInstance[config=StaticConfig,webDriver=ChromeDriver: chrome on windows (5b90979d6be18dd2ece80c36b0d89d6f),proxy=null,downloadsFolder=C:\Users\alexd\Projetos\BookStore_Cucumber\build\downloads\1702574167311_29552_1] in 1 [size=1]
]]></system-err>
  </testcase>
  <testcase name="When I input the title &quot;Speaking JavaScript&quot; in the search input field" classname="Scenario: Search book by title" time="0.001"/>
  <testcase name="Then I see the book &quot;Speaking JavaScript&quot; in Book Store Catalog" classname="Scenario: Search book by title" time="0"/>
  <testcase name="Then I see the book &quot;Speaking JavaScript&quot; in Book Store Catalog" classname="Scenario: Search book by title" time="0"/>
  <testcase name="And I see that the Book Store Catalog has only one book." classname="Scenario: Search book by title" time="0"/>
  <testcase name="And I see that the Book Store Catalog has only one book." classname="Scenario: Search book by title" time="0"/>
  <testcase name="" classname="Scenario: Search book by title" time="0.715">
    <system-err><![CDATA[[main] INFO com.codeborne.selenide.impl.FileHelper - Deleted empty folder: C:\Users\alexd\Projetos\BookStore_Cucumber\build\downloads\1702573786221_29552_1
[main] INFO com.codeborne.selenide.drivercommands.CloseDriverCommand - Close webdriver: 1 -> ChromeDriver: chrome on windows (d5be3bdf60c158d6f6761e5fa49675bb)...
[main] INFO com.codeborne.selenide.drivercommands.CloseDriverCommand - Closed webdriver 1 in 711 ms
[main] INFO com.codeborne.selenide.drivercommands.DisposablesRegistry - Unregister WebDriverInstance[config=StaticConfig,webDriver=ChromeDriver: chrome on windows (null),proxy=null,downloadsFolder=C:\Users\alexd\Projetos\BookStore_Cucumber\build\downloads\1702573786221_29552_1] in 1 [size=0]
]]></system-err>
  </testcase>
  <testcase name="" classname="Scenario: Search book by title" time="0.645">
    <system-err><![CDATA[[main] INFO com.codeborne.selenide.impl.FileHelper - Deleted empty folder: C:\Users\alexd\Projetos\BookStore_Cucumber\build\downloads\1702574167311_29552_1
[main] INFO com.codeborne.selenide.drivercommands.CloseDriverCommand - Close webdriver: 1 -> ChromeDriver: chrome on windows (5b90979d6be18dd2ece80c36b0d89d6f)...
[main] INFO com.codeborne.selenide.drivercommands.CloseDriverCommand - Closed webdriver 1 in 637 ms
[main] INFO com.codeborne.selenide.drivercommands.DisposablesRegistry - Unregister WebDriverInstance[config=StaticConfig,webDriver=ChromeDriver: chrome on windows (null),proxy=null,downloadsFolder=C:\Users\alexd\Projetos\BookStore_Cucumber\build\downloads\1702574167311_29552_1] in 1 [size=0]
]]></system-err>
  </testcase>
  <testcase name="When I follow Login Link" classname="Scenario: Search book by title" time="0"/>
  <testcase name="And I input &quot;Ronny&quot; to userName field" classname="Scenario: Search book by title" time="0"/>
  <testcase name="And I input &quot;123Ron321&amp;&quot; to password field" classname="Scenario: Search book by title" time="0"/>
  <testcase name="And I click the Login button" classname="Scenario: Search book by title" time="0"/>
  <testcase name="Then I am on the Profile page" classname="Scenario: Search book by title" time="0"/>
  <testcase name="When I follow the Book Store Link" classname="Scenario: Search book by title" time="0"/>
  <testcase name="And I input the title &quot;Speaking JavaScript&quot; in the search input field" classname="Scenario: Search book by title" time="0.001"/>
  <testcase name="Given I open Book Store" classname="Scenario: Search book by author" time="0">
    <system-err><![CDATA[[main] INFO com.codeborne.selenide.impl.WebDriverThreadLocalContainer - No webdriver is bound to current thread: 1 - let's create a new webdriver
[main] INFO com.codeborne.selenide.impl.FileHelper - Creating folder: C:\Users\alexd\Projetos\BookStore_Cucumber\build\downloads\1702573816392_29552_1
[main] INFO com.codeborne.selenide.webdriver.SelenideNettyClientFactory - Changed readTimeout from PT3M to PT1M30S
[main] INFO com.codeborne.selenide.webdriver.SelenideNettyClientFactory - Changed readTimeout from PT3M to PT1M30S
Dec 14, 2023 6:10:19 PM org.openqa.selenium.devtools.CdpVersionFinder findNearestMatch
WARNING: Unable to find CDP implementation matching 120
Dec 14, 2023 6:10:19 PM org.openqa.selenium.chromium.ChromiumDriver lambda$new$5
WARNING: Unable to find version of CDP to use for 120.0.6099.71. You may need to include a dependency on a specific version of the CDP using something similar to `org.seleniumhq.selenium:selenium-devtools-v86:4.11.0` where the version ("v86") matches the version of the chromium-based browser you're using and the version number of the artifact is the same as Selenium's.
[main] INFO com.codeborne.selenide.webdriver.WebDriverFactory - BrowserName=chrome Version=120.0.6099.71 Platform=windows
[main] INFO com.codeborne.selenide.webdriver.WebDriverFactory - Selenide v. 6.17.0
[main] INFO com.codeborne.selenide.webdriver.WebDriverFactory - Selenium WebDriver v. 4.11.0 build revision: 040bc5406b
[main] INFO com.codeborne.selenide.drivercommands.CreateDriverCommand - Created webdriver in thread 1: ChromeDriver -> ChromeDriver: chrome on windows (88e1926a8b4157fef924d76093af3975)
[main] INFO com.codeborne.selenide.drivercommands.DisposablesRegistry - Register WebDriverInstance[config=StaticConfig,webDriver=ChromeDriver: chrome on windows (88e1926a8b4157fef924d76093af3975),proxy=null,downloadsFolder=C:\Users\alexd\Projetos\BookStore_Cucumber\build\downloads\1702573816392_29552_1] in 1 [size=1]
]]></system-err>
  </testcase>
  <testcase name="Given I open Book Store" classname="Scenario: Search book by author" time="0">
    <system-err><![CDATA[[main] INFO com.codeborne.selenide.impl.WebDriverThreadLocalContainer - No webdriver is bound to current thread: 1 - let's create a new webdriver
[main] INFO com.codeborne.selenide.impl.FileHelper - Creating folder: C:\Users\alexd\Projetos\BookStore_Cucumber\build\downloads\1702574191927_29552_1
[main] INFO com.codeborne.selenide.webdriver.SelenideNettyClientFactory - Changed readTimeout from PT3M to PT1M30S
[main] INFO com.codeborne.selenide.webdriver.SelenideNettyClientFactory - Changed readTimeout from PT3M to PT1M30S
Dec 14, 2023 6:16:34 PM org.openqa.selenium.devtools.CdpVersionFinder findNearestMatch
WARNING: Unable to find CDP implementation matching 120
Dec 14, 2023 6:16:34 PM org.openqa.selenium.chromium.ChromiumDriver lambda$new$5
WARNING: Unable to find version of CDP to use for 120.0.6099.71. You may need to include a dependency on a specific version of the CDP using something similar to `org.seleniumhq.selenium:selenium-devtools-v86:4.11.0` where the version ("v86") matches the version of the chromium-based browser you're using and the version number of the artifact is the same as Selenium's.
[main] INFO com.codeborne.selenide.webdriver.WebDriverFactory - BrowserName=chrome Version=120.0.6099.71 Platform=windows
[main] INFO com.codeborne.selenide.webdriver.WebDriverFactory - Selenide v. 6.17.0
[main] INFO com.codeborne.selenide.webdriver.WebDriverFactory - Selenium WebDriver v. 4.11.0 build revision: 040bc5406b
[main] INFO com.codeborne.selenide.drivercommands.CreateDriverCommand - Created webdriver in thread 1: ChromeDriver -> ChromeDriver: chrome on windows (0c75abfdbfabf8592be8c4ebbef90f3c)
[main] INFO com.codeborne.selenide.drivercommands.DisposablesRegistry - Register WebDriverInstance[config=StaticConfig,webDriver=ChromeDriver: chrome on windows (0c75abfdbfabf8592be8c4ebbef90f3c),proxy=null,downloadsFolder=C:\Users\alexd\Projetos\BookStore_Cucumber\build\downloads\1702574191927_29552_1] in 1 [size=1]
]]></system-err>
  </testcase>
  <testcase name="When I input the author &quot;Kyle Simpson&quot; in the search input field" classname="Scenario: Search book by author" time="0"/>
  <testcase name="Then I see only the books by author &quot;Kyle Simpson&quot; in Book Store Catalog" classname="Scenario: Search book by author" time="0.001"/>
  <testcase name="Then I see only the books by author &quot;Kyle Simpson&quot; in Book Store Catalog" classname="Scenario: Search book by author" time="0"/>
  <testcase name="" classname="Scenario: Search book by author" time="0.639">
    <system-err><![CDATA[[main] INFO com.codeborne.selenide.impl.FileHelper - Deleted empty folder: C:\Users\alexd\Projetos\BookStore_Cucumber\build\downloads\1702573816392_29552_1
[main] INFO com.codeborne.selenide.drivercommands.CloseDriverCommand - Close webdriver: 1 -> ChromeDriver: chrome on windows (88e1926a8b4157fef924d76093af3975)...
[main] INFO com.codeborne.selenide.drivercommands.CloseDriverCommand - Closed webdriver 1 in 631 ms
[main] INFO com.codeborne.selenide.drivercommands.DisposablesRegistry - Unregister WebDriverInstance[config=StaticConfig,webDriver=ChromeDriver: chrome on windows (null),proxy=null,downloadsFolder=C:\Users\alexd\Projetos\BookStore_Cucumber\build\downloads\1702573816392_29552_1] in 1 [size=0]
]]></system-err>
  </testcase>
  <testcase name="" classname="Scenario: Search book by author" time="0.564">
    <system-err><![CDATA[[main] INFO com.codeborne.selenide.impl.FileHelper - Deleted empty folder: C:\Users\alexd\Projetos\BookStore_Cucumber\build\downloads\1702574191927_29552_1
[main] INFO com.codeborne.selenide.drivercommands.CloseDriverCommand - Close webdriver: 1 -> ChromeDriver: chrome on windows (0c75abfdbfabf8592be8c4ebbef90f3c)...
[main] INFO com.codeborne.selenide.drivercommands.CloseDriverCommand - Closed webdriver 1 in 560 ms
[main] INFO com.codeborne.selenide.drivercommands.DisposablesRegistry - Unregister WebDriverInstance[config=StaticConfig,webDriver=ChromeDriver: chrome on windows (null),proxy=null,downloadsFolder=C:\Users\alexd\Projetos\BookStore_Cucumber\build\downloads\1702574191927_29552_1] in 1 [size=0]
]]></system-err>
  </testcase>
  <testcase name="When I follow Login Link" classname="Scenario: Search book by author" time="0"/>
  <testcase name="And I input &quot;Ronny&quot; to userName field" classname="Scenario: Search book by author" time="0"/>
  <testcase name="And I input &quot;123Ron321&amp;&quot; to password field" classname="Scenario: Search book by author" time="0"/>
  <testcase name="And I click the Login button" classname="Scenario: Search book by author" time="0"/>
  <testcase name="Then I am on the Profile page" classname="Scenario: Search book by author" time="0"/>
  <testcase name="When I follow the Book Store Link" classname="Scenario: Search book by author" time="0"/>
  <testcase name="And I input the author &quot;Kyle Simpson&quot; in the search input field" classname="Scenario: Search book by author" time="0"/>
  <testcase name="Given I open Book Store" classname="Scenario: Search book by publisher" time="0">
    <system-err><![CDATA[[main] INFO com.codeborne.selenide.impl.WebDriverThreadLocalContainer - No webdriver is bound to current thread: 1 - let's create a new webdriver
[main] INFO com.codeborne.selenide.impl.FileHelper - Creating folder: C:\Users\alexd\Projetos\BookStore_Cucumber\build\downloads\1702573839187_29552_1
[main] INFO com.codeborne.selenide.webdriver.SelenideNettyClientFactory - Changed readTimeout from PT3M to PT1M30S
[main] INFO com.codeborne.selenide.webdriver.SelenideNettyClientFactory - Changed readTimeout from PT3M to PT1M30S
Dec 14, 2023 6:10:42 PM org.openqa.selenium.devtools.CdpVersionFinder findNearestMatch
WARNING: Unable to find CDP implementation matching 120
Dec 14, 2023 6:10:42 PM org.openqa.selenium.chromium.ChromiumDriver lambda$new$5
WARNING: Unable to find version of CDP to use for 120.0.6099.71. You may need to include a dependency on a specific version of the CDP using something similar to `org.seleniumhq.selenium:selenium-devtools-v86:4.11.0` where the version ("v86") matches the version of the chromium-based browser you're using and the version number of the artifact is the same as Selenium's.
[main] INFO com.codeborne.selenide.webdriver.WebDriverFactory - BrowserName=chrome Version=120.0.6099.71 Platform=windows
[main] INFO com.codeborne.selenide.webdriver.WebDriverFactory - Selenide v. 6.17.0
[main] INFO com.codeborne.selenide.webdriver.WebDriverFactory - Selenium WebDriver v. 4.11.0 build revision: 040bc5406b
[main] INFO com.codeborne.selenide.drivercommands.CreateDriverCommand - Created webdriver in thread 1: ChromeDriver -> ChromeDriver: chrome on windows (8a1debd03d312b2ba17e2609b59e26e4)
[main] INFO com.codeborne.selenide.drivercommands.DisposablesRegistry - Register WebDriverInstance[config=StaticConfig,webDriver=ChromeDriver: chrome on windows (8a1debd03d312b2ba17e2609b59e26e4),proxy=null,downloadsFolder=C:\Users\alexd\Projetos\BookStore_Cucumber\build\downloads\1702573839187_29552_1] in 1 [size=1]
]]></system-err>
  </testcase>
  <testcase name="Given I open Book Store" classname="Scenario: Search book by publisher" time="0">
    <system-err><![CDATA[[main] INFO com.codeborne.selenide.impl.WebDriverThreadLocalContainer - No webdriver is bound to current thread: 1 - let's create a new webdriver
[main] INFO com.codeborne.selenide.impl.FileHelper - Creating folder: C:\Users\alexd\Projetos\BookStore_Cucumber\build\downloads\1702574210137_29552_1
[main] INFO com.codeborne.selenide.webdriver.SelenideNettyClientFactory - Changed readTimeout from PT3M to PT1M30S
[main] INFO com.codeborne.selenide.webdriver.SelenideNettyClientFactory - Changed readTimeout from PT3M to PT1M30S
Dec 14, 2023 6:16:52 PM org.openqa.selenium.devtools.CdpVersionFinder findNearestMatch
WARNING: Unable to find CDP implementation matching 120
Dec 14, 2023 6:16:52 PM org.openqa.selenium.chromium.ChromiumDriver lambda$new$5
WARNING: Unable to find version of CDP to use for 120.0.6099.71. You may need to include a dependency on a specific version of the CDP using something similar to `org.seleniumhq.selenium:selenium-devtools-v86:4.11.0` where the version ("v86") matches the version of the chromium-based browser you're using and the version number of the artifact is the same as Selenium's.
[main] INFO com.codeborne.selenide.webdriver.WebDriverFactory - BrowserName=chrome Version=120.0.6099.71 Platform=windows
[main] INFO com.codeborne.selenide.webdriver.WebDriverFactory - Selenide v. 6.17.0
[main] INFO com.codeborne.selenide.webdriver.WebDriverFactory - Selenium WebDriver v. 4.11.0 build revision: 040bc5406b
[main] INFO com.codeborne.selenide.drivercommands.CreateDriverCommand - Created webdriver in thread 1: ChromeDriver -> ChromeDriver: chrome on windows (ebb42b01490fbc9c116df616d81891a8)
[main] INFO com.codeborne.selenide.drivercommands.DisposablesRegistry - Register WebDriverInstance[config=StaticConfig,webDriver=ChromeDriver: chrome on windows (ebb42b01490fbc9c116df616d81891a8),proxy=null,downloadsFolder=C:\Users\alexd\Projetos\BookStore_Cucumber\build\downloads\1702574210137_29552_1] in 1 [size=1]
]]></system-err>
  </testcase>
  <testcase name="When I input the publisher &quot;No Starch Press&quot; in the search input field" classname="Scenario: Search book by publisher" time="0.001"/>
  <testcase name="Then I see only the books by publisher &quot;No Starch Press&quot; in Book Store Catalog" classname="Scenario: Search book by publisher" time="0"/>
  <testcase name="Then I see only the books by publisher &quot;No Starch Press&quot; in Book Store Catalog" classname="Scenario: Search book by publisher" time="0"/>
  <testcase name="" classname="Scenario: Search book by publisher" time="0.658">
    <system-err><![CDATA[[main] INFO com.codeborne.selenide.impl.FileHelper - Deleted empty folder: C:\Users\alexd\Projetos\BookStore_Cucumber\build\downloads\1702573839187_29552_1
[main] INFO com.codeborne.selenide.drivercommands.CloseDriverCommand - Close webdriver: 1 -> ChromeDriver: chrome on windows (8a1debd03d312b2ba17e2609b59e26e4)...
[main] INFO com.codeborne.selenide.drivercommands.CloseDriverCommand - Closed webdriver 1 in 648 ms
[main] INFO com.codeborne.selenide.drivercommands.DisposablesRegistry - Unregister WebDriverInstance[config=StaticConfig,webDriver=ChromeDriver: chrome on windows (null),proxy=null,downloadsFolder=C:\Users\alexd\Projetos\BookStore_Cucumber\build\downloads\1702573839187_29552_1] in 1 [size=0]
]]></system-err>
  </testcase>
  <testcase name="" classname="Scenario: Search book by publisher" time="0.498">
    <system-err><![CDATA[[main] INFO com.codeborne.selenide.impl.FileHelper - Deleted empty folder: C:\Users\alexd\Projetos\BookStore_Cucumber\build\downloads\1702574210137_29552_1
[main] INFO com.codeborne.selenide.drivercommands.CloseDriverCommand - Close webdriver: 1 -> ChromeDriver: chrome on windows (ebb42b01490fbc9c116df616d81891a8)...
[main] INFO com.codeborne.selenide.drivercommands.CloseDriverCommand - Closed webdriver 1 in 492 ms
[main] INFO com.codeborne.selenide.drivercommands.DisposablesRegistry - Unregister WebDriverInstance[config=StaticConfig,webDriver=ChromeDriver: chrome on windows (null),proxy=null,downloadsFolder=C:\Users\alexd\Projetos\BookStore_Cucumber\build\downloads\1702574210137_29552_1] in 1 [size=0]
]]></system-err>
  </testcase>
  <testcase name="When I follow Login Link" classname="Scenario: Search book by publisher" time="0"/>
  <testcase name="And I input &quot;Ronny&quot; to userName field" classname="Scenario: Search book by publisher" time="0"/>
  <testcase name="And I input &quot;123Ron321&amp;&quot; to password field" classname="Scenario: Search book by publisher" time="0"/>
  <testcase name="And I click the Login button" classname="Scenario: Search book by publisher" time="0"/>
  <testcase name="Then I am on the Profile page" classname="Scenario: Search book by publisher" time="0"/>
  <testcase name="When I follow the Book Store Link" classname="Scenario: Search book by publisher" time="0"/>
  <testcase name="And I input the publisher &quot;No Starch Press&quot; in the search input field" classname="Scenario: Search book by publisher" time="0"/>
  <testcase name="Given I open Book Store" classname="Scenario: Sort books by title A_Z" time="0">
    <system-err><![CDATA[[main] INFO com.codeborne.selenide.impl.WebDriverThreadLocalContainer - No webdriver is bound to current thread: 1 - let's create a new webdriver
[main] INFO com.codeborne.selenide.impl.FileHelper - Creating folder: C:\Users\alexd\Projetos\BookStore_Cucumber\build\downloads\1702573863361_29552_1
[main] INFO com.codeborne.selenide.webdriver.SelenideNettyClientFactory - Changed readTimeout from PT3M to PT1M30S
[main] INFO com.codeborne.selenide.webdriver.SelenideNettyClientFactory - Changed readTimeout from PT3M to PT1M30S
Dec 14, 2023 6:11:06 PM org.openqa.selenium.devtools.CdpVersionFinder findNearestMatch
WARNING: Unable to find CDP implementation matching 120
Dec 14, 2023 6:11:06 PM org.openqa.selenium.chromium.ChromiumDriver lambda$new$5
WARNING: Unable to find version of CDP to use for 120.0.6099.71. You may need to include a dependency on a specific version of the CDP using something similar to `org.seleniumhq.selenium:selenium-devtools-v86:4.11.0` where the version ("v86") matches the version of the chromium-based browser you're using and the version number of the artifact is the same as Selenium's.
[main] INFO com.codeborne.selenide.webdriver.WebDriverFactory - BrowserName=chrome Version=120.0.6099.71 Platform=windows
[main] INFO com.codeborne.selenide.webdriver.WebDriverFactory - Selenide v. 6.17.0
[main] INFO com.codeborne.selenide.webdriver.WebDriverFactory - Selenium WebDriver v. 4.11.0 build revision: 040bc5406b
[main] INFO com.codeborne.selenide.drivercommands.CreateDriverCommand - Created webdriver in thread 1: ChromeDriver -> ChromeDriver: chrome on windows (17bec817b71f4be9246ca08485cb59a0)
[main] INFO com.codeborne.selenide.drivercommands.DisposablesRegistry - Register WebDriverInstance[config=StaticConfig,webDriver=ChromeDriver: chrome on windows (17bec817b71f4be9246ca08485cb59a0),proxy=null,downloadsFolder=C:\Users\alexd\Projetos\BookStore_Cucumber\build\downloads\1702573863361_29552_1] in 1 [size=1]
]]></system-err>
  </testcase>
  <testcase name="Given I open Book Store" classname="Scenario: Sort books by title A_Z" time="0">
    <system-err><![CDATA[[main] INFO com.codeborne.selenide.impl.FileHelper - Deleted empty folder: C:\Users\alexd\Projetos\BookStore_Cucumber\build\downloads\1702574231322_29552_1
[main] INFO com.codeborne.selenide.drivercommands.CloseDriverCommand - Close webdriver: 1 -> ChromeDriver: chrome on windows (162296046d448c2f01f37bec35dad7a1)...
[main] INFO com.codeborne.selenide.drivercommands.CloseDriverCommand - Closed webdriver 1 in 431 ms
[main] INFO com.codeborne.selenide.drivercommands.DisposablesRegistry - Unregister WebDriverInstance[config=StaticConfig,webDriver=ChromeDriver: chrome on windows (null),proxy=null,downloadsFolder=C:\Users\alexd\Projetos\BookStore_Cucumber\build\downloads\1702574231322_29552_1] in 1 [size=0]
[main] INFO com.codeborne.selenide.impl.WebDriverThreadLocalContainer - No webdriver is bound to current thread: 1 - let's create a new webdriver
[main] INFO com.codeborne.selenide.impl.FileHelper - Creating folder: C:\Users\alexd\Projetos\BookStore_Cucumber\build\downloads\1702574253059_29552_1
[main] INFO com.codeborne.selenide.webdriver.SelenideNettyClientFactory - Changed readTimeout from PT3M to PT1M30S
[main] INFO com.codeborne.selenide.webdriver.SelenideNettyClientFactory - Changed readTimeout from PT3M to PT1M30S
Dec 14, 2023 6:17:35 PM org.openqa.selenium.devtools.CdpVersionFinder findNearestMatch
WARNING: Unable to find CDP implementation matching 120
Dec 14, 2023 6:17:35 PM org.openqa.selenium.chromium.ChromiumDriver lambda$new$5
WARNING: Unable to find version of CDP to use for 120.0.6099.71. You may need to include a dependency on a specific version of the CDP using something similar to `org.seleniumhq.selenium:selenium-devtools-v86:4.11.0` where the version ("v86") matches the version of the chromium-based browser you're using and the version number of the artifact is the same as Selenium's.
[main] INFO com.codeborne.selenide.webdriver.WebDriverFactory - BrowserName=chrome Version=120.0.6099.71 Platform=windows
[main] INFO com.codeborne.selenide.webdriver.WebDriverFactory - Selenide v. 6.17.0
[main] INFO com.codeborne.selenide.webdriver.WebDriverFactory - Selenium WebDriver v. 4.11.0 build revision: 040bc5406b
[main] INFO com.codeborne.selenide.drivercommands.CreateDriverCommand - Created webdriver in thread 1: ChromeDriver -> ChromeDriver: chrome on windows (a5b5b0fdc853f1ad0d92dcecdcdb53d9)
[main] INFO com.codeborne.selenide.drivercommands.DisposablesRegistry - Register WebDriverInstance[config=StaticConfig,webDriver=ChromeDriver: chrome on windows (a5b5b0fdc853f1ad0d92dcecdcdb53d9),proxy=null,downloadsFolder=C:\Users\alexd\Projetos\BookStore_Cucumber\build\downloads\1702574253059_29552_1] in 1 [size=1]
]]></system-err>
  </testcase>
  <testcase name="When I click the Title Header" classname="Scenario: Sort books by title A_Z" time="0"/>
  <testcase name="When I click the Title Header" classname="Scenario: Sort books by title A_Z" time="0"/>
  <testcase name="Then I see the books sorted in A_Z order" classname="Scenario: Sort books by title A_Z" time="0">
    <failure message="expected:&lt;[Designing Evolvable Web APIs with ASP.NET, Eloquent JavaScript, Second Edition, Git Pocket Guide, Learning JavaScript Design Patterns, Programming JavaScript Applications, Speaking JavaScript, Understanding ECMAScript 6, You Don&apos;t Know JS]&gt; but was:&lt;[Git Pocket Guide, Learning JavaScript Design Patterns, Designing Evolvable Web APIs with ASP.NET, Speaking JavaScript, You Don&apos;t Know JS, Programming JavaScript Applications, Eloquent JavaScript, Second Edition, Understanding ECMAScript 6]&gt;" type="java.lang.AssertionError"><![CDATA[java.lang.AssertionError: expected:<[Designing Evolvable Web APIs with ASP.NET, Eloquent JavaScript, Second Edition, Git Pocket Guide, Learning JavaScript Design Patterns, Programming JavaScript Applications, Speaking JavaScript, Understanding ECMAScript 6, You Don't Know JS]> but was:<[Git Pocket Guide, Learning JavaScript Design Patterns, Designing Evolvable Web APIs with ASP.NET, Speaking JavaScript, You Don't Know JS, Programming JavaScript Applications, Eloquent JavaScript, Second Edition, Understanding ECMAScript 6]>
	at org.junit.Assert.fail(Assert.java:88)
	at org.junit.Assert.failNotEquals(Assert.java:834)
	at org.junit.Assert.assertEquals(Assert.java:118)
	at org.junit.Assert.assertEquals(Assert.java:144)
	at steps.BookStoreSteps.iSeeTheBooksSortedInA_ZOrder(BookStoreSteps.java:83)
	at ✽.Then I see the books sorted in A_Z order(BookStoreSortTest.feature:10)
]]></failure>
  </testcase>
  <testcase name="Then I see the books sorted in A_Z order" classname="Scenario: Sort books by title A_Z" time="0.001">
    <failure message="expected:&lt;[Designing Evolvable Web APIs with ASP.NET, Eloquent JavaScript, Second Edition, Git Pocket Guide, Learning JavaScript Design Patterns, Programming JavaScript Applications, Speaking JavaScript, Understanding ECMAScript 6, You Don&apos;t Know JS]&gt; but was:&lt;[Git Pocket Guide, Learning JavaScript Design Patterns, Designing Evolvable Web APIs with ASP.NET, Speaking JavaScript, You Don&apos;t Know JS, Programming JavaScript Applications, Eloquent JavaScript, Second Edition, Understanding ECMAScript 6]&gt;" type="java.lang.AssertionError"><![CDATA[java.lang.AssertionError: expected:<[Designing Evolvable Web APIs with ASP.NET, Eloquent JavaScript, Second Edition, Git Pocket Guide, Learning JavaScript Design Patterns, Programming JavaScript Applications, Speaking JavaScript, Understanding ECMAScript 6, You Don't Know JS]> but was:<[Git Pocket Guide, Learning JavaScript Design Patterns, Designing Evolvable Web APIs with ASP.NET, Speaking JavaScript, You Don't Know JS, Programming JavaScript Applications, Eloquent JavaScript, Second Edition, Understanding ECMAScript 6]>
	at org.junit.Assert.fail(Assert.java:88)
	at org.junit.Assert.failNotEquals(Assert.java:834)
	at org.junit.Assert.assertEquals(Assert.java:118)
	at org.junit.Assert.assertEquals(Assert.java:144)
	at steps.BookStoreSteps.iSeeTheBooksSortedInA_ZOrder(BookStoreSteps.java:83)
	at ✽.Then I see the books sorted in A_Z order(RegisteredUserSort.feature:16)
]]></failure>
  </testcase>
  <testcase name="" classname="Scenario: Sort books by title A_Z" time="0.002">
    <failure message="expected:&lt;[Designing Evolvable Web APIs with ASP.NET, Eloquent JavaScript, Second Edition, Git Pocket Guide, Learning JavaScript Design Patterns, Programming JavaScript Applications, Speaking JavaScript, Understanding ECMAScript 6, You Don&apos;t Know JS]&gt; but was:&lt;[Git Pocket Guide, Learning JavaScript Design Patterns, Designing Evolvable Web APIs with ASP.NET, Speaking JavaScript, You Don&apos;t Know JS, Programming JavaScript Applications, Eloquent JavaScript, Second Edition, Understanding ECMAScript 6]&gt;" type="java.lang.AssertionError"><![CDATA[java.lang.AssertionError: expected:<[Designing Evolvable Web APIs with ASP.NET, Eloquent JavaScript, Second Edition, Git Pocket Guide, Learning JavaScript Design Patterns, Programming JavaScript Applications, Speaking JavaScript, Understanding ECMAScript 6, You Don't Know JS]> but was:<[Git Pocket Guide, Learning JavaScript Design Patterns, Designing Evolvable Web APIs with ASP.NET, Speaking JavaScript, You Don't Know JS, Programming JavaScript Applications, Eloquent JavaScript, Second Edition, Understanding ECMAScript 6]>
	at org.junit.Assert.fail(Assert.java:88)
	at org.junit.Assert.failNotEquals(Assert.java:834)
	at org.junit.Assert.assertEquals(Assert.java:118)
	at org.junit.Assert.assertEquals(Assert.java:144)
	at steps.BookStoreSteps.iSeeTheBooksSortedInA_ZOrder(BookStoreSteps.java:83)
	at ✽.Then I see the books sorted in A_Z order(BookStoreSortTest.feature:10)
]]></failure>
  </testcase>
  <testcase name="" classname="Scenario: Sort books by title A_Z" time="0.002">
    <failure message="expected:&lt;[Designing Evolvable Web APIs with ASP.NET, Eloquent JavaScript, Second Edition, Git Pocket Guide, Learning JavaScript Design Patterns, Programming JavaScript Applications, Speaking JavaScript, Understanding ECMAScript 6, You Don&apos;t Know JS]&gt; but was:&lt;[Git Pocket Guide, Learning JavaScript Design Patterns, Designing Evolvable Web APIs with ASP.NET, Speaking JavaScript, You Don&apos;t Know JS, Programming JavaScript Applications, Eloquent JavaScript, Second Edition, Understanding ECMAScript 6]&gt;" type="java.lang.AssertionError"><![CDATA[java.lang.AssertionError: expected:<[Designing Evolvable Web APIs with ASP.NET, Eloquent JavaScript, Second Edition, Git Pocket Guide, Learning JavaScript Design Patterns, Programming JavaScript Applications, Speaking JavaScript, Understanding ECMAScript 6, You Don't Know JS]> but was:<[Git Pocket Guide, Learning JavaScript Design Patterns, Designing Evolvable Web APIs with ASP.NET, Speaking JavaScript, You Don't Know JS, Programming JavaScript Applications, Eloquent JavaScript, Second Edition, Understanding ECMAScript 6]>
	at org.junit.Assert.fail(Assert.java:88)
	at org.junit.Assert.failNotEquals(Assert.java:834)
	at org.junit.Assert.assertEquals(Assert.java:118)
	at org.junit.Assert.assertEquals(Assert.java:144)
	at steps.BookStoreSteps.iSeeTheBooksSortedInA_ZOrder(BookStoreSteps.java:83)
	at ✽.Then I see the books sorted in A_Z order(RegisteredUserSort.feature:16)
]]></failure>
  </testcase>
  <testcase name="When I follow Login Link" classname="Scenario: Sort books by title A_Z" time="0"/>
  <testcase name="And I input &quot;Ronny&quot; to userName field" classname="Scenario: Sort books by title A_Z" time="0"/>
  <testcase name="And I input &quot;123Ron321&amp;&quot; to password field" classname="Scenario: Sort books by title A_Z" time="0"/>
  <testcase name="And I click the Login button" classname="Scenario: Sort books by title A_Z" time="0"/>
  <testcase name="Then I am on the Profile page" classname="Scenario: Sort books by title A_Z" time="0"/>
  <testcase name="When I follow the Book Store Link" classname="Scenario: Sort books by title A_Z" time="0"/>
  <testcase name="Then I am on the Book Store Page" classname="Scenario: Sort books by title A_Z" time="0"/>
  <testcase name="Given I open Book Store" classname="Scenario: Sort books by title Z_A" time="0">
    <system-err><![CDATA[[main] INFO com.codeborne.selenide.impl.FileHelper - Deleted empty folder: C:\Users\alexd\Projetos\BookStore_Cucumber\build\downloads\1702573863361_29552_1
[main] INFO com.codeborne.selenide.drivercommands.CloseDriverCommand - Close webdriver: 1 -> ChromeDriver: chrome on windows (17bec817b71f4be9246ca08485cb59a0)...
[main] INFO com.codeborne.selenide.drivercommands.CloseDriverCommand - Closed webdriver 1 in 657 ms
[main] INFO com.codeborne.selenide.drivercommands.DisposablesRegistry - Unregister WebDriverInstance[config=StaticConfig,webDriver=ChromeDriver: chrome on windows (null),proxy=null,downloadsFolder=C:\Users\alexd\Projetos\BookStore_Cucumber\build\downloads\1702573863361_29552_1] in 1 [size=0]
[main] INFO com.codeborne.selenide.impl.WebDriverThreadLocalContainer - No webdriver is bound to current thread: 1 - let's create a new webdriver
[main] INFO com.codeborne.selenide.impl.FileHelper - Creating folder: C:\Users\alexd\Projetos\BookStore_Cucumber\build\downloads\1702573882658_29552_1
[main] INFO com.codeborne.selenide.webdriver.SelenideNettyClientFactory - Changed readTimeout from PT3M to PT1M30S
[main] INFO com.codeborne.selenide.webdriver.SelenideNettyClientFactory - Changed readTimeout from PT3M to PT1M30S
Dec 14, 2023 6:11:25 PM org.openqa.selenium.devtools.CdpVersionFinder findNearestMatch
WARNING: Unable to find CDP implementation matching 120
Dec 14, 2023 6:11:25 PM org.openqa.selenium.chromium.ChromiumDriver lambda$new$5
WARNING: Unable to find version of CDP to use for 120.0.6099.71. You may need to include a dependency on a specific version of the CDP using something similar to `org.seleniumhq.selenium:selenium-devtools-v86:4.11.0` where the version ("v86") matches the version of the chromium-based browser you're using and the version number of the artifact is the same as Selenium's.
[main] INFO com.codeborne.selenide.webdriver.WebDriverFactory - BrowserName=chrome Version=120.0.6099.71 Platform=windows
[main] INFO com.codeborne.selenide.webdriver.WebDriverFactory - Selenide v. 6.17.0
[main] INFO com.codeborne.selenide.webdriver.WebDriverFactory - Selenium WebDriver v. 4.11.0 build revision: 040bc5406b
[main] INFO com.codeborne.selenide.drivercommands.CreateDriverCommand - Created webdriver in thread 1: ChromeDriver -> ChromeDriver: chrome on windows (786f8ceb6552ae58db4501df8119bcb4)
[main] INFO com.codeborne.selenide.drivercommands.DisposablesRegistry - Register WebDriverInstance[config=StaticConfig,webDriver=ChromeDriver: chrome on windows (786f8ceb6552ae58db4501df8119bcb4),proxy=null,downloadsFolder=C:\Users\alexd\Projetos\BookStore_Cucumber\build\downloads\1702573882658_29552_1] in 1 [size=1]
]]></system-err>
  </testcase>
  <testcase name="Given I open Book Store" classname="Scenario: Sort books by title Z_A" time="0">
    <system-err><![CDATA[[main] INFO com.codeborne.selenide.impl.FileHelper - Deleted empty folder: C:\Users\alexd\Projetos\BookStore_Cucumber\build\downloads\1702574253059_29552_1
[main] INFO com.codeborne.selenide.drivercommands.CloseDriverCommand - Close webdriver: 1 -> ChromeDriver: chrome on windows (a5b5b0fdc853f1ad0d92dcecdcdb53d9)...
[main] INFO com.codeborne.selenide.drivercommands.CloseDriverCommand - Closed webdriver 1 in 551 ms
[main] INFO com.codeborne.selenide.drivercommands.DisposablesRegistry - Unregister WebDriverInstance[config=StaticConfig,webDriver=ChromeDriver: chrome on windows (null),proxy=null,downloadsFolder=C:\Users\alexd\Projetos\BookStore_Cucumber\build\downloads\1702574253059_29552_1] in 1 [size=0]
[main] INFO com.codeborne.selenide.impl.WebDriverThreadLocalContainer - No webdriver is bound to current thread: 1 - let's create a new webdriver
[main] INFO com.codeborne.selenide.impl.FileHelper - Creating folder: C:\Users\alexd\Projetos\BookStore_Cucumber\build\downloads\1702574276276_29552_1
[main] INFO com.codeborne.selenide.webdriver.SelenideNettyClientFactory - Changed readTimeout from PT3M to PT1M30S
[main] INFO com.codeborne.selenide.webdriver.SelenideNettyClientFactory - Changed readTimeout from PT3M to PT1M30S
Dec 14, 2023 6:17:58 PM org.openqa.selenium.devtools.CdpVersionFinder findNearestMatch
WARNING: Unable to find CDP implementation matching 120
Dec 14, 2023 6:17:58 PM org.openqa.selenium.chromium.ChromiumDriver lambda$new$5
WARNING: Unable to find version of CDP to use for 120.0.6099.71. You may need to include a dependency on a specific version of the CDP using something similar to `org.seleniumhq.selenium:selenium-devtools-v86:4.11.0` where the version ("v86") matches the version of the chromium-based browser you're using and the version number of the artifact is the same as Selenium's.
[main] INFO com.codeborne.selenide.webdriver.WebDriverFactory - BrowserName=chrome Version=120.0.6099.71 Platform=windows
[main] INFO com.codeborne.selenide.webdriver.WebDriverFactory - Selenide v. 6.17.0
[main] INFO com.codeborne.selenide.webdriver.WebDriverFactory - Selenium WebDriver v. 4.11.0 build revision: 040bc5406b
[main] INFO com.codeborne.selenide.drivercommands.CreateDriverCommand - Created webdriver in thread 1: ChromeDriver -> ChromeDriver: chrome on windows (976599204acbb99144744ca87ffea2e2)
[main] INFO com.codeborne.selenide.drivercommands.DisposablesRegistry - Register WebDriverInstance[config=StaticConfig,webDriver=ChromeDriver: chrome on windows (976599204acbb99144744ca87ffea2e2),proxy=null,downloadsFolder=C:\Users\alexd\Projetos\BookStore_Cucumber\build\downloads\1702574276276_29552_1] in 1 [size=1]
]]></system-err>
  </testcase>
  <testcase name="When I double click the Title Header" classname="Scenario: Sort books by title Z_A" time="0"/>
  <testcase name="When I double click the Title Header" classname="Scenario: Sort books by title Z_A" time="0"/>
  <testcase name="Then I see the books sorted in Z_A order" classname="Scenario: Sort books by title Z_A" time="0.003">
    <failure message="expected:&lt;[You Don&apos;t Know JS, Understanding ECMAScript 6, Speaking JavaScript, Programming JavaScript Applications, Learning JavaScript Design Patterns, Git Pocket Guide, Eloquent JavaScript, Second Edition, Designing Evolvable Web APIs with ASP.NET]&gt; but was:&lt;[Understanding ECMAScript 6, Eloquent JavaScript, Second Edition, Programming JavaScript Applications, You Don&apos;t Know JS, Speaking JavaScript, Designing Evolvable Web APIs with ASP.NET, Learning JavaScript Design Patterns, Git Pocket Guide]&gt;" type="java.lang.AssertionError"><![CDATA[java.lang.AssertionError: expected:<[You Don't Know JS, Understanding ECMAScript 6, Speaking JavaScript, Programming JavaScript Applications, Learning JavaScript Design Patterns, Git Pocket Guide, Eloquent JavaScript, Second Edition, Designing Evolvable Web APIs with ASP.NET]> but was:<[Understanding ECMAScript 6, Eloquent JavaScript, Second Edition, Programming JavaScript Applications, You Don't Know JS, Speaking JavaScript, Designing Evolvable Web APIs with ASP.NET, Learning JavaScript Design Patterns, Git Pocket Guide]>
	at org.junit.Assert.fail(Assert.java:88)
	at org.junit.Assert.failNotEquals(Assert.java:834)
	at org.junit.Assert.assertEquals(Assert.java:118)
	at org.junit.Assert.assertEquals(Assert.java:144)
	at steps.BookStoreSteps.iSeeTheBooksSortedInZ_AOrder(BookStoreSteps.java:96)
	at ✽.Then I see the books sorted in Z_A order(BookStoreSortTest.feature:15)
]]></failure>
  </testcase>
  <testcase name="Then I see the books sorted in Z_A order" classname="Scenario: Sort books by title Z_A" time="0.001">
    <failure message="expected:&lt;[You Don&apos;t Know JS, Understanding ECMAScript 6, Speaking JavaScript, Programming JavaScript Applications, Learning JavaScript Design Patterns, Git Pocket Guide, Eloquent JavaScript, Second Edition, Designing Evolvable Web APIs with ASP.NET]&gt; but was:&lt;[Understanding ECMAScript 6, Eloquent JavaScript, Second Edition, Programming JavaScript Applications, You Don&apos;t Know JS, Speaking JavaScript, Designing Evolvable Web APIs with ASP.NET, Learning JavaScript Design Patterns, Git Pocket Guide]&gt;" type="java.lang.AssertionError"><![CDATA[java.lang.AssertionError: expected:<[You Don't Know JS, Understanding ECMAScript 6, Speaking JavaScript, Programming JavaScript Applications, Learning JavaScript Design Patterns, Git Pocket Guide, Eloquent JavaScript, Second Edition, Designing Evolvable Web APIs with ASP.NET]> but was:<[Understanding ECMAScript 6, Eloquent JavaScript, Second Edition, Programming JavaScript Applications, You Don't Know JS, Speaking JavaScript, Designing Evolvable Web APIs with ASP.NET, Learning JavaScript Design Patterns, Git Pocket Guide]>
	at org.junit.Assert.fail(Assert.java:88)
	at org.junit.Assert.failNotEquals(Assert.java:834)
	at org.junit.Assert.assertEquals(Assert.java:118)
	at org.junit.Assert.assertEquals(Assert.java:144)
	at steps.BookStoreSteps.iSeeTheBooksSortedInZ_AOrder(BookStoreSteps.java:96)
	at ✽.Then I see the books sorted in Z_A order(RegisteredUserSort.feature:23)
]]></failure>
  </testcase>
  <testcase name="" classname="Scenario: Sort books by title Z_A" time="0.006">
    <failure message="expected:&lt;[You Don&apos;t Know JS, Understanding ECMAScript 6, Speaking JavaScript, Programming JavaScript Applications, Learning JavaScript Design Patterns, Git Pocket Guide, Eloquent JavaScript, Second Edition, Designing Evolvable Web APIs with ASP.NET]&gt; but was:&lt;[Understanding ECMAScript 6, Eloquent JavaScript, Second Edition, Programming JavaScript Applications, You Don&apos;t Know JS, Speaking JavaScript, Designing Evolvable Web APIs with ASP.NET, Learning JavaScript Design Patterns, Git Pocket Guide]&gt;" type="java.lang.AssertionError"><![CDATA[java.lang.AssertionError: expected:<[You Don't Know JS, Understanding ECMAScript 6, Speaking JavaScript, Programming JavaScript Applications, Learning JavaScript Design Patterns, Git Pocket Guide, Eloquent JavaScript, Second Edition, Designing Evolvable Web APIs with ASP.NET]> but was:<[Understanding ECMAScript 6, Eloquent JavaScript, Second Edition, Programming JavaScript Applications, You Don't Know JS, Speaking JavaScript, Designing Evolvable Web APIs with ASP.NET, Learning JavaScript Design Patterns, Git Pocket Guide]>
	at org.junit.Assert.fail(Assert.java:88)
	at org.junit.Assert.failNotEquals(Assert.java:834)
	at org.junit.Assert.assertEquals(Assert.java:118)
	at org.junit.Assert.assertEquals(Assert.java:144)
	at steps.BookStoreSteps.iSeeTheBooksSortedInZ_AOrder(BookStoreSteps.java:96)
	at ✽.Then I see the books sorted in Z_A order(BookStoreSortTest.feature:15)
]]></failure>
  </testcase>
  <testcase name="" classname="Scenario: Sort books by title Z_A" time="0.001">
    <failure message="expected:&lt;[You Don&apos;t Know JS, Understanding ECMAScript 6, Speaking JavaScript, Programming JavaScript Applications, Learning JavaScript Design Patterns, Git Pocket Guide, Eloquent JavaScript, Second Edition, Designing Evolvable Web APIs with ASP.NET]&gt; but was:&lt;[Understanding ECMAScript 6, Eloquent JavaScript, Second Edition, Programming JavaScript Applications, You Don&apos;t Know JS, Speaking JavaScript, Designing Evolvable Web APIs with ASP.NET, Learning JavaScript Design Patterns, Git Pocket Guide]&gt;" type="java.lang.AssertionError"><![CDATA[java.lang.AssertionError: expected:<[You Don't Know JS, Understanding ECMAScript 6, Speaking JavaScript, Programming JavaScript Applications, Learning JavaScript Design Patterns, Git Pocket Guide, Eloquent JavaScript, Second Edition, Designing Evolvable Web APIs with ASP.NET]> but was:<[Understanding ECMAScript 6, Eloquent JavaScript, Second Edition, Programming JavaScript Applications, You Don't Know JS, Speaking JavaScript, Designing Evolvable Web APIs with ASP.NET, Learning JavaScript Design Patterns, Git Pocket Guide]>
	at org.junit.Assert.fail(Assert.java:88)
	at org.junit.Assert.failNotEquals(Assert.java:834)
	at org.junit.Assert.assertEquals(Assert.java:118)
	at org.junit.Assert.assertEquals(Assert.java:144)
	at steps.BookStoreSteps.iSeeTheBooksSortedInZ_AOrder(BookStoreSteps.java:96)
	at ✽.Then I see the books sorted in Z_A order(RegisteredUserSort.feature:23)
]]></failure>
  </testcase>
  <testcase name="When I follow Login Link" classname="Scenario: Sort books by title Z_A" time="0"/>
  <testcase name="And I input &quot;Ronny&quot; to userName field" classname="Scenario: Sort books by title Z_A" time="0"/>
  <testcase name="And I input &quot;123Ron321&amp;&quot; to password field" classname="Scenario: Sort books by title Z_A" time="0"/>
  <testcase name="And I click the Login button" classname="Scenario: Sort books by title Z_A" time="0"/>
  <testcase name="Then I am on the Profile page" classname="Scenario: Sort books by title Z_A" time="0"/>
  <testcase name="When I follow the Book Store Link" classname="Scenario: Sort books by title Z_A" time="0"/>
  <testcase name="Then I am on the Book Store Page" classname="Scenario: Sort books by title Z_A" time="0"/>
  <testcase name="Given I open Book Store" classname="Scenario: Sort books by author A_Z" time="0">
    <system-err><![CDATA[[main] INFO com.codeborne.selenide.impl.FileHelper - Deleted empty folder: C:\Users\alexd\Projetos\BookStore_Cucumber\build\downloads\1702573882658_29552_1
[main] INFO com.codeborne.selenide.drivercommands.CloseDriverCommand - Close webdriver: 1 -> ChromeDriver: chrome on windows (786f8ceb6552ae58db4501df8119bcb4)...
[main] INFO com.codeborne.selenide.drivercommands.CloseDriverCommand - Closed webdriver 1 in 781 ms
[main] INFO com.codeborne.selenide.drivercommands.DisposablesRegistry - Unregister WebDriverInstance[config=StaticConfig,webDriver=ChromeDriver: chrome on windows (null),proxy=null,downloadsFolder=C:\Users\alexd\Projetos\BookStore_Cucumber\build\downloads\1702573882658_29552_1] in 1 [size=0]
[main] INFO com.codeborne.selenide.impl.WebDriverThreadLocalContainer - No webdriver is bound to current thread: 1 - let's create a new webdriver
[main] INFO com.codeborne.selenide.impl.FileHelper - Creating folder: C:\Users\alexd\Projetos\BookStore_Cucumber\build\downloads\1702573903020_29552_1
[main] INFO com.codeborne.selenide.webdriver.SelenideNettyClientFactory - Changed readTimeout from PT3M to PT1M30S
[main] INFO com.codeborne.selenide.webdriver.SelenideNettyClientFactory - Changed readTimeout from PT3M to PT1M30S
Dec 14, 2023 6:11:46 PM org.openqa.selenium.devtools.CdpVersionFinder findNearestMatch
WARNING: Unable to find CDP implementation matching 120
Dec 14, 2023 6:11:46 PM org.openqa.selenium.chromium.ChromiumDriver lambda$new$5
WARNING: Unable to find version of CDP to use for 120.0.6099.71. You may need to include a dependency on a specific version of the CDP using something similar to `org.seleniumhq.selenium:selenium-devtools-v86:4.11.0` where the version ("v86") matches the version of the chromium-based browser you're using and the version number of the artifact is the same as Selenium's.
[main] INFO com.codeborne.selenide.webdriver.WebDriverFactory - BrowserName=chrome Version=120.0.6099.71 Platform=windows
[main] INFO com.codeborne.selenide.webdriver.WebDriverFactory - Selenide v. 6.17.0
[main] INFO com.codeborne.selenide.webdriver.WebDriverFactory - Selenium WebDriver v. 4.11.0 build revision: 040bc5406b
[main] INFO com.codeborne.selenide.drivercommands.CreateDriverCommand - Created webdriver in thread 1: ChromeDriver -> ChromeDriver: chrome on windows (f623df0b89ffdb0b75d9a91f16e976fe)
[main] INFO com.codeborne.selenide.drivercommands.DisposablesRegistry - Register WebDriverInstance[config=StaticConfig,webDriver=ChromeDriver: chrome on windows (f623df0b89ffdb0b75d9a91f16e976fe),proxy=null,downloadsFolder=C:\Users\alexd\Projetos\BookStore_Cucumber\build\downloads\1702573903020_29552_1] in 1 [size=1]
]]></system-err>
  </testcase>
  <testcase name="Given I open Book Store" classname="Scenario: Sort books by author A_Z" time="0.001">
    <system-err><![CDATA[[main] INFO com.codeborne.selenide.impl.FileHelper - Deleted empty folder: C:\Users\alexd\Projetos\BookStore_Cucumber\build\downloads\1702574276276_29552_1
[main] INFO com.codeborne.selenide.drivercommands.CloseDriverCommand - Close webdriver: 1 -> ChromeDriver: chrome on windows (976599204acbb99144744ca87ffea2e2)...
[main] INFO com.codeborne.selenide.drivercommands.CloseDriverCommand - Closed webdriver 1 in 552 ms
[main] INFO com.codeborne.selenide.drivercommands.DisposablesRegistry - Unregister WebDriverInstance[config=StaticConfig,webDriver=ChromeDriver: chrome on windows (null),proxy=null,downloadsFolder=C:\Users\alexd\Projetos\BookStore_Cucumber\build\downloads\1702574276276_29552_1] in 1 [size=0]
[main] INFO com.codeborne.selenide.impl.WebDriverThreadLocalContainer - No webdriver is bound to current thread: 1 - let's create a new webdriver
[main] INFO com.codeborne.selenide.impl.FileHelper - Creating folder: C:\Users\alexd\Projetos\BookStore_Cucumber\build\downloads\1702574299198_29552_1
[main] INFO com.codeborne.selenide.webdriver.SelenideNettyClientFactory - Changed readTimeout from PT3M to PT1M30S
[main] INFO com.codeborne.selenide.webdriver.SelenideNettyClientFactory - Changed readTimeout from PT3M to PT1M30S
Dec 14, 2023 6:18:21 PM org.openqa.selenium.devtools.CdpVersionFinder findNearestMatch
WARNING: Unable to find CDP implementation matching 120
Dec 14, 2023 6:18:21 PM org.openqa.selenium.chromium.ChromiumDriver lambda$new$5
WARNING: Unable to find version of CDP to use for 120.0.6099.71. You may need to include a dependency on a specific version of the CDP using something similar to `org.seleniumhq.selenium:selenium-devtools-v86:4.11.0` where the version ("v86") matches the version of the chromium-based browser you're using and the version number of the artifact is the same as Selenium's.
[main] INFO com.codeborne.selenide.webdriver.WebDriverFactory - BrowserName=chrome Version=120.0.6099.71 Platform=windows
[main] INFO com.codeborne.selenide.webdriver.WebDriverFactory - Selenide v. 6.17.0
[main] INFO com.codeborne.selenide.webdriver.WebDriverFactory - Selenium WebDriver v. 4.11.0 build revision: 040bc5406b
[main] INFO com.codeborne.selenide.drivercommands.CreateDriverCommand - Created webdriver in thread 1: ChromeDriver -> ChromeDriver: chrome on windows (46b0d5aaea8eb1011d8a0e3bc5576959)
[main] INFO com.codeborne.selenide.drivercommands.DisposablesRegistry - Register WebDriverInstance[config=StaticConfig,webDriver=ChromeDriver: chrome on windows (46b0d5aaea8eb1011d8a0e3bc5576959),proxy=null,downloadsFolder=C:\Users\alexd\Projetos\BookStore_Cucumber\build\downloads\1702574299198_29552_1] in 1 [size=1]
]]></system-err>
  </testcase>
  <testcase name="When I click the Author Header" classname="Scenario: Sort books by author A_Z" time="0"/>
  <testcase name="When I click the Author Header" classname="Scenario: Sort books by author A_Z" time="0"/>
  <testcase name="Then I see the books sorted by author in A_Z order" classname="Scenario: Sort books by author A_Z" time="0"/>
  <testcase name="Then I see the books sorted by author in A_Z order" classname="Scenario: Sort books by author A_Z" time="0"/>
  <testcase name="" classname="Scenario: Sort books by author A_Z" time="0.623">
    <system-err><![CDATA[[main] INFO com.codeborne.selenide.impl.FileHelper - Deleted empty folder: C:\Users\alexd\Projetos\BookStore_Cucumber\build\downloads\1702573903020_29552_1
[main] INFO com.codeborne.selenide.drivercommands.CloseDriverCommand - Close webdriver: 1 -> ChromeDriver: chrome on windows (f623df0b89ffdb0b75d9a91f16e976fe)...
[main] INFO com.codeborne.selenide.drivercommands.CloseDriverCommand - Closed webdriver 1 in 619 ms
[main] INFO com.codeborne.selenide.drivercommands.DisposablesRegistry - Unregister WebDriverInstance[config=StaticConfig,webDriver=ChromeDriver: chrome on windows (null),proxy=null,downloadsFolder=C:\Users\alexd\Projetos\BookStore_Cucumber\build\downloads\1702573903020_29552_1] in 1 [size=0]
]]></system-err>
  </testcase>
  <testcase name="" classname="Scenario: Sort books by author A_Z" time="0.558">
    <system-err><![CDATA[[main] INFO com.codeborne.selenide.impl.FileHelper - Deleted empty folder: C:\Users\alexd\Projetos\BookStore_Cucumber\build\downloads\1702574299198_29552_1
[main] INFO com.codeborne.selenide.drivercommands.CloseDriverCommand - Close webdriver: 1 -> ChromeDriver: chrome on windows (46b0d5aaea8eb1011d8a0e3bc5576959)...
[main] INFO com.codeborne.selenide.drivercommands.CloseDriverCommand - Closed webdriver 1 in 554 ms
[main] INFO com.codeborne.selenide.drivercommands.DisposablesRegistry - Unregister WebDriverInstance[config=StaticConfig,webDriver=ChromeDriver: chrome on windows (null),proxy=null,downloadsFolder=C:\Users\alexd\Projetos\BookStore_Cucumber\build\downloads\1702574299198_29552_1] in 1 [size=0]
]]></system-err>
  </testcase>
  <testcase name="When I follow Login Link" classname="Scenario: Sort books by author A_Z" time="0"/>
  <testcase name="And I input &quot;Ronny&quot; to userName field" classname="Scenario: Sort books by author A_Z" time="0"/>
  <testcase name="And I input &quot;123Ron321&amp;&quot; to password field" classname="Scenario: Sort books by author A_Z" time="0"/>
  <testcase name="And I click the Login button" classname="Scenario: Sort books by author A_Z" time="0"/>
  <testcase name="Then I am on the Profile page" classname="Scenario: Sort books by author A_Z" time="0"/>
  <testcase name="When I follow the Book Store Link" classname="Scenario: Sort books by author A_Z" time="0"/>
  <testcase name="Then I am on the Book Store Page" classname="Scenario: Sort books by author A_Z" time="0"/>
  <testcase name="Given I open Book Store" classname="Scenario: Sort books by author Z_A" time="0.001">
    <system-err><![CDATA[[main] INFO com.codeborne.selenide.impl.WebDriverThreadLocalContainer - No webdriver is bound to current thread: 1 - let's create a new webdriver
[main] INFO com.codeborne.selenide.impl.FileHelper - Creating folder: C:\Users\alexd\Projetos\BookStore_Cucumber\build\downloads\1702573922957_29552_1
[main] INFO com.codeborne.selenide.webdriver.SelenideNettyClientFactory - Changed readTimeout from PT3M to PT1M30S
[main] INFO com.codeborne.selenide.webdriver.SelenideNettyClientFactory - Changed readTimeout from PT3M to PT1M30S
Dec 14, 2023 6:12:06 PM org.openqa.selenium.devtools.CdpVersionFinder findNearestMatch
WARNING: Unable to find CDP implementation matching 120
Dec 14, 2023 6:12:06 PM org.openqa.selenium.chromium.ChromiumDriver lambda$new$5
WARNING: Unable to find version of CDP to use for 120.0.6099.71. You may need to include a dependency on a specific version of the CDP using something similar to `org.seleniumhq.selenium:selenium-devtools-v86:4.11.0` where the version ("v86") matches the version of the chromium-based browser you're using and the version number of the artifact is the same as Selenium's.
[main] INFO com.codeborne.selenide.webdriver.WebDriverFactory - BrowserName=chrome Version=120.0.6099.71 Platform=windows
[main] INFO com.codeborne.selenide.webdriver.WebDriverFactory - Selenide v. 6.17.0
[main] INFO com.codeborne.selenide.webdriver.WebDriverFactory - Selenium WebDriver v. 4.11.0 build revision: 040bc5406b
[main] INFO com.codeborne.selenide.drivercommands.CreateDriverCommand - Created webdriver in thread 1: ChromeDriver -> ChromeDriver: chrome on windows (7ec30d881dc2733584933f018681b4cf)
[main] INFO com.codeborne.selenide.drivercommands.DisposablesRegistry - Register WebDriverInstance[config=StaticConfig,webDriver=ChromeDriver: chrome on windows (7ec30d881dc2733584933f018681b4cf),proxy=null,downloadsFolder=C:\Users\alexd\Projetos\BookStore_Cucumber\build\downloads\1702573922957_29552_1] in 1 [size=1]
]]></system-err>
  </testcase>
  <testcase name="Given I open Book Store" classname="Scenario: Sort books by author Z_A" time="0">
    <system-err><![CDATA[[main] INFO com.codeborne.selenide.impl.WebDriverThreadLocalContainer - No webdriver is bound to current thread: 1 - let's create a new webdriver
[main] INFO com.codeborne.selenide.impl.FileHelper - Creating folder: C:\Users\alexd\Projetos\BookStore_Cucumber\build\downloads\1702574325327_29552_1
[main] INFO com.codeborne.selenide.webdriver.SelenideNettyClientFactory - Changed readTimeout from PT3M to PT1M30S
[main] INFO com.codeborne.selenide.webdriver.SelenideNettyClientFactory - Changed readTimeout from PT3M to PT1M30S
Dec 14, 2023 6:18:47 PM org.openqa.selenium.devtools.CdpVersionFinder findNearestMatch
WARNING: Unable to find CDP implementation matching 120
Dec 14, 2023 6:18:47 PM org.openqa.selenium.chromium.ChromiumDriver lambda$new$5
WARNING: Unable to find version of CDP to use for 120.0.6099.71. You may need to include a dependency on a specific version of the CDP using something similar to `org.seleniumhq.selenium:selenium-devtools-v86:4.11.0` where the version ("v86") matches the version of the chromium-based browser you're using and the version number of the artifact is the same as Selenium's.
[main] INFO com.codeborne.selenide.webdriver.WebDriverFactory - BrowserName=chrome Version=120.0.6099.71 Platform=windows
[main] INFO com.codeborne.selenide.webdriver.WebDriverFactory - Selenide v. 6.17.0
[main] INFO com.codeborne.selenide.webdriver.WebDriverFactory - Selenium WebDriver v. 4.11.0 build revision: 040bc5406b
[main] INFO com.codeborne.selenide.drivercommands.CreateDriverCommand - Created webdriver in thread 1: ChromeDriver -> ChromeDriver: chrome on windows (cf0666a85e7b1d60269bc5fe6dbf8f7c)
[main] INFO com.codeborne.selenide.drivercommands.DisposablesRegistry - Register WebDriverInstance[config=StaticConfig,webDriver=ChromeDriver: chrome on windows (cf0666a85e7b1d60269bc5fe6dbf8f7c),proxy=null,downloadsFolder=C:\Users\alexd\Projetos\BookStore_Cucumber\build\downloads\1702574325327_29552_1] in 1 [size=1]
]]></system-err>
  </testcase>
  <testcase name="When I double click the Author Header" classname="Scenario: Sort books by author Z_A" time="0"/>
  <testcase name="When I double click the Author Header" classname="Scenario: Sort books by author Z_A" time="0"/>
  <testcase name="Then I see the books sorted by author in Z_A order" classname="Scenario: Sort books by author Z_A" time="0"/>
  <testcase name="Then I see the books sorted by author in Z_A order" classname="Scenario: Sort books by author Z_A" time="0"/>
  <testcase name="" classname="Scenario: Sort books by author Z_A" time="0.91">
    <system-err><![CDATA[[main] INFO com.codeborne.selenide.impl.FileHelper - Deleted empty folder: C:\Users\alexd\Projetos\BookStore_Cucumber\build\downloads\1702573922957_29552_1
[main] INFO com.codeborne.selenide.drivercommands.CloseDriverCommand - Close webdriver: 1 -> ChromeDriver: chrome on windows (7ec30d881dc2733584933f018681b4cf)...
[main] INFO com.codeborne.selenide.drivercommands.CloseDriverCommand - Closed webdriver 1 in 901 ms
[main] INFO com.codeborne.selenide.drivercommands.DisposablesRegistry - Unregister WebDriverInstance[config=StaticConfig,webDriver=ChromeDriver: chrome on windows (null),proxy=null,downloadsFolder=C:\Users\alexd\Projetos\BookStore_Cucumber\build\downloads\1702573922957_29552_1] in 1 [size=0]
]]></system-err>
  </testcase>
  <testcase name="" classname="Scenario: Sort books by author Z_A" time="0.528">
    <system-err><![CDATA[[main] INFO com.codeborne.selenide.impl.FileHelper - Deleted empty folder: C:\Users\alexd\Projetos\BookStore_Cucumber\build\downloads\1702574325327_29552_1
[main] INFO com.codeborne.selenide.drivercommands.CloseDriverCommand - Close webdriver: 1 -> ChromeDriver: chrome on windows (cf0666a85e7b1d60269bc5fe6dbf8f7c)...
[main] INFO com.codeborne.selenide.drivercommands.CloseDriverCommand - Closed webdriver 1 in 525 ms
[main] INFO com.codeborne.selenide.drivercommands.DisposablesRegistry - Unregister WebDriverInstance[config=StaticConfig,webDriver=ChromeDriver: chrome on windows (null),proxy=null,downloadsFolder=C:\Users\alexd\Projetos\BookStore_Cucumber\build\downloads\1702574325327_29552_1] in 1 [size=0]
]]></system-err>
  </testcase>
  <testcase name="When I follow Login Link" classname="Scenario: Sort books by author Z_A" time="0.001"/>
  <testcase name="And I input &quot;Ronny&quot; to userName field" classname="Scenario: Sort books by author Z_A" time="0.001"/>
  <testcase name="And I input &quot;123Ron321&amp;&quot; to password field" classname="Scenario: Sort books by author Z_A" time="0.001"/>
  <testcase name="And I click the Login button" classname="Scenario: Sort books by author Z_A" time="0"/>
  <testcase name="Then I am on the Profile page" classname="Scenario: Sort books by author Z_A" time="0"/>
  <testcase name="When I follow the Book Store Link" classname="Scenario: Sort books by author Z_A" time="0"/>
  <testcase name="Then I am on the Book Store Page" classname="Scenario: Sort books by author Z_A" time="0"/>
  <testcase name="Given I open Book Store" classname="Scenario: Sort books by publisher A_Z" time="0.003">
    <system-err><![CDATA[[main] INFO com.codeborne.selenide.impl.WebDriverThreadLocalContainer - No webdriver is bound to current thread: 1 - let's create a new webdriver
[main] INFO com.codeborne.selenide.impl.FileHelper - Creating folder: C:\Users\alexd\Projetos\BookStore_Cucumber\build\downloads\1702573946734_29552_1
[main] INFO com.codeborne.selenide.webdriver.SelenideNettyClientFactory - Changed readTimeout from PT3M to PT1M30S
[main] INFO com.codeborne.selenide.webdriver.SelenideNettyClientFactory - Changed readTimeout from PT3M to PT1M30S
Dec 14, 2023 6:12:30 PM org.openqa.selenium.devtools.CdpVersionFinder findNearestMatch
WARNING: Unable to find CDP implementation matching 120
Dec 14, 2023 6:12:30 PM org.openqa.selenium.chromium.ChromiumDriver lambda$new$5
WARNING: Unable to find version of CDP to use for 120.0.6099.71. You may need to include a dependency on a specific version of the CDP using something similar to `org.seleniumhq.selenium:selenium-devtools-v86:4.11.0` where the version ("v86") matches the version of the chromium-based browser you're using and the version number of the artifact is the same as Selenium's.
[main] INFO com.codeborne.selenide.webdriver.WebDriverFactory - BrowserName=chrome Version=120.0.6099.71 Platform=windows
[main] INFO com.codeborne.selenide.webdriver.WebDriverFactory - Selenide v. 6.17.0
[main] INFO com.codeborne.selenide.webdriver.WebDriverFactory - Selenium WebDriver v. 4.11.0 build revision: 040bc5406b
[main] INFO com.codeborne.selenide.drivercommands.CreateDriverCommand - Created webdriver in thread 1: ChromeDriver -> ChromeDriver: chrome on windows (d200c749014d6742f3eb9ff084edc28e)
[main] INFO com.codeborne.selenide.drivercommands.DisposablesRegistry - Register WebDriverInstance[config=StaticConfig,webDriver=ChromeDriver: chrome on windows (d200c749014d6742f3eb9ff084edc28e),proxy=null,downloadsFolder=C:\Users\alexd\Projetos\BookStore_Cucumber\build\downloads\1702573946734_29552_1] in 1 [size=1]
]]></system-err>
  </testcase>
  <testcase name="Given I open Book Store" classname="Scenario: Sort books by publisher A_Z" time="0">
    <system-err><![CDATA[[main] INFO com.codeborne.selenide.impl.WebDriverThreadLocalContainer - No webdriver is bound to current thread: 1 - let's create a new webdriver
[main] INFO com.codeborne.selenide.impl.FileHelper - Creating folder: C:\Users\alexd\Projetos\BookStore_Cucumber\build\downloads\1702574347969_29552_1
[main] INFO com.codeborne.selenide.webdriver.SelenideNettyClientFactory - Changed readTimeout from PT3M to PT1M30S
[main] INFO com.codeborne.selenide.webdriver.SelenideNettyClientFactory - Changed readTimeout from PT3M to PT1M30S
Dec 14, 2023 6:19:10 PM org.openqa.selenium.devtools.CdpVersionFinder findNearestMatch
WARNING: Unable to find CDP implementation matching 120
Dec 14, 2023 6:19:10 PM org.openqa.selenium.chromium.ChromiumDriver lambda$new$5
WARNING: Unable to find version of CDP to use for 120.0.6099.71. You may need to include a dependency on a specific version of the CDP using something similar to `org.seleniumhq.selenium:selenium-devtools-v86:4.11.0` where the version ("v86") matches the version of the chromium-based browser you're using and the version number of the artifact is the same as Selenium's.
[main] INFO com.codeborne.selenide.webdriver.WebDriverFactory - BrowserName=chrome Version=120.0.6099.71 Platform=windows
[main] INFO com.codeborne.selenide.webdriver.WebDriverFactory - Selenide v. 6.17.0
[main] INFO com.codeborne.selenide.webdriver.WebDriverFactory - Selenium WebDriver v. 4.11.0 build revision: 040bc5406b
[main] INFO com.codeborne.selenide.drivercommands.CreateDriverCommand - Created webdriver in thread 1: ChromeDriver -> ChromeDriver: chrome on windows (4ebb121464fa002ef69ffdaa46d9238b)
[main] INFO com.codeborne.selenide.drivercommands.DisposablesRegistry - Register WebDriverInstance[config=StaticConfig,webDriver=ChromeDriver: chrome on windows (4ebb121464fa002ef69ffdaa46d9238b),proxy=null,downloadsFolder=C:\Users\alexd\Projetos\BookStore_Cucumber\build\downloads\1702574347969_29552_1] in 1 [size=1]
]]></system-err>
  </testcase>
  <testcase name="When I click the Publisher Header" classname="Scenario: Sort books by publisher A_Z" time="0"/>
  <testcase name="When I click the Publisher Header" classname="Scenario: Sort books by publisher A_Z" time="0.001"/>
  <testcase name="Then I see the books sorted by publisher in A_Z order" classname="Scenario: Sort books by publisher A_Z" time="0"/>
  <testcase name="Then I see the books sorted by publisher in A_Z order" classname="Scenario: Sort books by publisher A_Z" time="0"/>
  <testcase name="" classname="Scenario: Sort books by publisher A_Z" time="0.73">
    <system-err><![CDATA[[main] INFO com.codeborne.selenide.impl.FileHelper - Deleted empty folder: C:\Users\alexd\Projetos\BookStore_Cucumber\build\downloads\1702573946734_29552_1
[main] INFO com.codeborne.selenide.drivercommands.CloseDriverCommand - Close webdriver: 1 -> ChromeDriver: chrome on windows (d200c749014d6742f3eb9ff084edc28e)...
[main] INFO com.codeborne.selenide.drivercommands.CloseDriverCommand - Closed webdriver 1 in 726 ms
[main] INFO com.codeborne.selenide.drivercommands.DisposablesRegistry - Unregister WebDriverInstance[config=StaticConfig,webDriver=ChromeDriver: chrome on windows (null),proxy=null,downloadsFolder=C:\Users\alexd\Projetos\BookStore_Cucumber\build\downloads\1702573946734_29552_1] in 1 [size=0]
]]></system-err>
  </testcase>
  <testcase name="" classname="Scenario: Sort books by publisher A_Z" time="0.532">
    <system-err><![CDATA[[main] INFO com.codeborne.selenide.impl.FileHelper - Deleted empty folder: C:\Users\alexd\Projetos\BookStore_Cucumber\build\downloads\1702574347969_29552_1
[main] INFO com.codeborne.selenide.drivercommands.CloseDriverCommand - Close webdriver: 1 -> ChromeDriver: chrome on windows (4ebb121464fa002ef69ffdaa46d9238b)...
[main] INFO com.codeborne.selenide.drivercommands.CloseDriverCommand - Closed webdriver 1 in 526 ms
[main] INFO com.codeborne.selenide.drivercommands.DisposablesRegistry - Unregister WebDriverInstance[config=StaticConfig,webDriver=ChromeDriver: chrome on windows (null),proxy=null,downloadsFolder=C:\Users\alexd\Projetos\BookStore_Cucumber\build\downloads\1702574347969_29552_1] in 1 [size=0]
]]></system-err>
  </testcase>
  <testcase name="When I follow Login Link" classname="Scenario: Sort books by publisher A_Z" time="0"/>
  <testcase name="And I input &quot;Ronny&quot; to userName field" classname="Scenario: Sort books by publisher A_Z" time="0"/>
  <testcase name="And I input &quot;123Ron321&amp;&quot; to password field" classname="Scenario: Sort books by publisher A_Z" time="0"/>
  <testcase name="And I click the Login button" classname="Scenario: Sort books by publisher A_Z" time="0"/>
  <testcase name="Then I am on the Profile page" classname="Scenario: Sort books by publisher A_Z" time="0"/>
  <testcase name="When I follow the Book Store Link" classname="Scenario: Sort books by publisher A_Z" time="0"/>
  <testcase name="Then I am on the Book Store Page" classname="Scenario: Sort books by publisher A_Z" time="0.007"/>
  <testcase name="Given I open Book Store" classname="Scenario: Sort books by publisher Z_A" time="0">
    <system-err><![CDATA[[main] INFO com.codeborne.selenide.impl.WebDriverThreadLocalContainer - No webdriver is bound to current thread: 1 - let's create a new webdriver
[main] INFO com.codeborne.selenide.impl.FileHelper - Creating folder: C:\Users\alexd\Projetos\BookStore_Cucumber\build\downloads\1702573969927_29552_1
[main] INFO com.codeborne.selenide.webdriver.SelenideNettyClientFactory - Changed readTimeout from PT3M to PT1M30S
[main] INFO com.codeborne.selenide.webdriver.SelenideNettyClientFactory - Changed readTimeout from PT3M to PT1M30S
Dec 14, 2023 6:12:53 PM org.openqa.selenium.devtools.CdpVersionFinder findNearestMatch
WARNING: Unable to find CDP implementation matching 120
Dec 14, 2023 6:12:53 PM org.openqa.selenium.chromium.ChromiumDriver lambda$new$5
WARNING: Unable to find version of CDP to use for 120.0.6099.71. You may need to include a dependency on a specific version of the CDP using something similar to `org.seleniumhq.selenium:selenium-devtools-v86:4.11.0` where the version ("v86") matches the version of the chromium-based browser you're using and the version number of the artifact is the same as Selenium's.
[main] INFO com.codeborne.selenide.webdriver.WebDriverFactory - BrowserName=chrome Version=120.0.6099.71 Platform=windows
[main] INFO com.codeborne.selenide.webdriver.WebDriverFactory - Selenide v. 6.17.0
[main] INFO com.codeborne.selenide.webdriver.WebDriverFactory - Selenium WebDriver v. 4.11.0 build revision: 040bc5406b
[main] INFO com.codeborne.selenide.drivercommands.CreateDriverCommand - Created webdriver in thread 1: ChromeDriver -> ChromeDriver: chrome on windows (1f4ed4ab363008f76fbe730c80b21f98)
[main] INFO com.codeborne.selenide.drivercommands.DisposablesRegistry - Register WebDriverInstance[config=StaticConfig,webDriver=ChromeDriver: chrome on windows (1f4ed4ab363008f76fbe730c80b21f98),proxy=null,downloadsFolder=C:\Users\alexd\Projetos\BookStore_Cucumber\build\downloads\1702573969927_29552_1] in 1 [size=1]
]]></system-err>
  </testcase>
  <testcase name="Given I open Book Store" classname="Scenario: Sort books by publisher Z_A" time="0">
    <system-err><![CDATA[[main] INFO com.codeborne.selenide.impl.WebDriverThreadLocalContainer - No webdriver is bound to current thread: 1 - let's create a new webdriver
[main] INFO com.codeborne.selenide.impl.FileHelper - Creating folder: C:\Users\alexd\Projetos\BookStore_Cucumber\build\downloads\1702574377047_29552_1
[main] INFO com.codeborne.selenide.webdriver.SelenideNettyClientFactory - Changed readTimeout from PT3M to PT1M30S
[main] INFO com.codeborne.selenide.webdriver.SelenideNettyClientFactory - Changed readTimeout from PT3M to PT1M30S
Dec 14, 2023 6:19:39 PM org.openqa.selenium.devtools.CdpVersionFinder findNearestMatch
WARNING: Unable to find CDP implementation matching 120
Dec 14, 2023 6:19:39 PM org.openqa.selenium.chromium.ChromiumDriver lambda$new$5
WARNING: Unable to find version of CDP to use for 120.0.6099.71. You may need to include a dependency on a specific version of the CDP using something similar to `org.seleniumhq.selenium:selenium-devtools-v86:4.11.0` where the version ("v86") matches the version of the chromium-based browser you're using and the version number of the artifact is the same as Selenium's.
[main] INFO com.codeborne.selenide.webdriver.WebDriverFactory - BrowserName=chrome Version=120.0.6099.71 Platform=windows
[main] INFO com.codeborne.selenide.webdriver.WebDriverFactory - Selenide v. 6.17.0
[main] INFO com.codeborne.selenide.webdriver.WebDriverFactory - Selenium WebDriver v. 4.11.0 build revision: 040bc5406b
[main] INFO com.codeborne.selenide.drivercommands.CreateDriverCommand - Created webdriver in thread 1: ChromeDriver -> ChromeDriver: chrome on windows (deed1f25963862296dc107d88ce81cfb)
[main] INFO com.codeborne.selenide.drivercommands.DisposablesRegistry - Register WebDriverInstance[config=StaticConfig,webDriver=ChromeDriver: chrome on windows (deed1f25963862296dc107d88ce81cfb),proxy=null,downloadsFolder=C:\Users\alexd\Projetos\BookStore_Cucumber\build\downloads\1702574377047_29552_1] in 1 [size=1]
]]></system-err>
  </testcase>
  <testcase name="When I double click the Publisher Header" classname="Scenario: Sort books by publisher Z_A" time="0"/>
  <testcase name="When I double click the Publisher Header" classname="Scenario: Sort books by publisher Z_A" time="0"/>
  <testcase name="Then I see the books sorted by publisher in Z_A order" classname="Scenario: Sort books by publisher Z_A" time="0"/>
  <testcase name="Then I see the books sorted by publisher in Z_A order" classname="Scenario: Sort books by publisher Z_A" time="0"/>
  <testcase name="" classname="Scenario: Sort books by publisher Z_A" time="0.375">
    <system-err><![CDATA[[main] INFO com.codeborne.selenide.impl.FileHelper - Deleted empty folder: C:\Users\alexd\Projetos\BookStore_Cucumber\build\downloads\1702573969927_29552_1
[main] INFO com.codeborne.selenide.drivercommands.CloseDriverCommand - Close webdriver: 1 -> ChromeDriver: chrome on windows (1f4ed4ab363008f76fbe730c80b21f98)...
[main] INFO com.codeborne.selenide.drivercommands.CloseDriverCommand - Closed webdriver 1 in 371 ms
[main] INFO com.codeborne.selenide.drivercommands.DisposablesRegistry - Unregister WebDriverInstance[config=StaticConfig,webDriver=ChromeDriver: chrome on windows (null),proxy=null,downloadsFolder=C:\Users\alexd\Projetos\BookStore_Cucumber\build\downloads\1702573969927_29552_1] in 1 [size=0]
]]></system-err>
  </testcase>
  <testcase name="" classname="Scenario: Sort books by publisher Z_A" time="0.504">
    <system-err><![CDATA[[main] INFO com.codeborne.selenide.impl.FileHelper - Deleted empty folder: C:\Users\alexd\Projetos\BookStore_Cucumber\build\downloads\1702574377047_29552_1
[main] INFO com.codeborne.selenide.drivercommands.CloseDriverCommand - Close webdriver: 1 -> ChromeDriver: chrome on windows (deed1f25963862296dc107d88ce81cfb)...
[main] INFO com.codeborne.selenide.drivercommands.CloseDriverCommand - Closed webdriver 1 in 502 ms
[main] INFO com.codeborne.selenide.drivercommands.DisposablesRegistry - Unregister WebDriverInstance[config=StaticConfig,webDriver=ChromeDriver: chrome on windows (null),proxy=null,downloadsFolder=C:\Users\alexd\Projetos\BookStore_Cucumber\build\downloads\1702574377047_29552_1] in 1 [size=0]
]]></system-err>
  </testcase>
  <testcase name="When I follow Login Link" classname="Scenario: Sort books by publisher Z_A" time="0"/>
  <testcase name="And I input &quot;Ronny&quot; to userName field" classname="Scenario: Sort books by publisher Z_A" time="0"/>
  <testcase name="And I input &quot;123Ron321&amp;&quot; to password field" classname="Scenario: Sort books by publisher Z_A" time="0"/>
  <testcase name="And I click the Login button" classname="Scenario: Sort books by publisher Z_A" time="0"/>
  <testcase name="Then I am on the Profile page" classname="Scenario: Sort books by publisher Z_A" time="0"/>
  <testcase name="When I follow the Book Store Link" classname="Scenario: Sort books by publisher Z_A" time="0"/>
  <testcase name="Then I am on the Book Store Page" classname="Scenario: Sort books by publisher Z_A" time="0"/>
  <testcase name="Given I open Book Store" classname="Scenario: Delete Account" time="0">
    <system-err><![CDATA[[main] INFO com.codeborne.selenide.impl.WebDriverThreadLocalContainer - No webdriver is bound to current thread: 1 - let's create a new webdriver
[main] INFO com.codeborne.selenide.impl.FileHelper - Creating folder: C:\Users\alexd\Projetos\BookStore_Cucumber\build\downloads\1702573991620_29552_1
[main] INFO com.codeborne.selenide.webdriver.SelenideNettyClientFactory - Changed readTimeout from PT3M to PT1M30S
[main] INFO com.codeborne.selenide.webdriver.SelenideNettyClientFactory - Changed readTimeout from PT3M to PT1M30S
Dec 14, 2023 6:13:14 PM org.openqa.selenium.devtools.CdpVersionFinder findNearestMatch
WARNING: Unable to find CDP implementation matching 120
Dec 14, 2023 6:13:14 PM org.openqa.selenium.chromium.ChromiumDriver lambda$new$5
WARNING: Unable to find version of CDP to use for 120.0.6099.71. You may need to include a dependency on a specific version of the CDP using something similar to `org.seleniumhq.selenium:selenium-devtools-v86:4.11.0` where the version ("v86") matches the version of the chromium-based browser you're using and the version number of the artifact is the same as Selenium's.
[main] INFO com.codeborne.selenide.webdriver.WebDriverFactory - BrowserName=chrome Version=120.0.6099.71 Platform=windows
[main] INFO com.codeborne.selenide.webdriver.WebDriverFactory - Selenide v. 6.17.0
[main] INFO com.codeborne.selenide.webdriver.WebDriverFactory - Selenium WebDriver v. 4.11.0 build revision: 040bc5406b
[main] INFO com.codeborne.selenide.drivercommands.CreateDriverCommand - Created webdriver in thread 1: ChromeDriver -> ChromeDriver: chrome on windows (6c2855c1cacd4fe51a469b53f885c197)
[main] INFO com.codeborne.selenide.drivercommands.DisposablesRegistry - Register WebDriverInstance[config=StaticConfig,webDriver=ChromeDriver: chrome on windows (6c2855c1cacd4fe51a469b53f885c197),proxy=null,downloadsFolder=C:\Users\alexd\Projetos\BookStore_Cucumber\build\downloads\1702573991620_29552_1] in 1 [size=1]
]]></system-err>
  </testcase>
  <testcase name="When I follow Login Link" classname="Scenario: Delete Account" time="0"/>
  <testcase name="And I input &quot;Neil&quot; to userName field" classname="Scenario: Delete Account" time="0"/>
  <testcase name="And I input &quot;123Neil321&amp;&quot; to password field" classname="Scenario: Delete Account" time="0"/>
  <testcase name="And I input &quot;123Neil321&amp;&quot; to password field" classname="Scenario: Delete Account" time="0"/>
  <testcase name="And I click the Login button" classname="Scenario: Delete Account" time="0"/>
  <testcase name="And I click the Login button" classname="Scenario: Delete Account" time="0"/>
  <testcase name="Then I am on the Profile page" classname="Scenario: Delete Account" time="0"/>
  <testcase name="When I click Delete Account button" classname="Scenario: Delete Account" time="0"/>
  <testcase name="And I confirm the alert delete message" classname="Scenario: Delete Account" time="0"/>
  <testcase name="Then I am on the Login page" classname="Scenario: Delete Account" time="0"/>
  <testcase name="When I input &quot;Neil&quot; to userName field" classname="Scenario: Delete Account" time="0"/>
  <testcase name="Then I see &quot;Invalid username or password!&quot; message" classname="Scenario: Delete Account" time="0"/>
  <testcase name="" classname="Scenario: Delete Account" time="0.613">
    <system-err><![CDATA[[main] INFO com.codeborne.selenide.impl.FileHelper - Deleted empty folder: C:\Users\alexd\Projetos\BookStore_Cucumber\build\downloads\1702573991620_29552_1
[main] INFO com.codeborne.selenide.drivercommands.CloseDriverCommand - Close webdriver: 1 -> ChromeDriver: chrome on windows (6c2855c1cacd4fe51a469b53f885c197)...
[main] INFO com.codeborne.selenide.drivercommands.CloseDriverCommand - Closed webdriver 1 in 601 ms
[main] INFO com.codeborne.selenide.drivercommands.DisposablesRegistry - Unregister WebDriverInstance[config=StaticConfig,webDriver=ChromeDriver: chrome on windows (null),proxy=null,downloadsFolder=C:\Users\alexd\Projetos\BookStore_Cucumber\build\downloads\1702573991620_29552_1] in 1 [size=0]
]]></system-err>
  </testcase>
  <testcase name="Given I open Book Store" classname="Scenario: Success login with valid data" time="0">
    <system-err><![CDATA[[main] INFO com.codeborne.selenide.impl.WebDriverThreadLocalContainer - No webdriver is bound to current thread: 1 - let's create a new webdriver
[main] INFO com.codeborne.selenide.impl.FileHelper - Creating folder: C:\Users\alexd\Projetos\BookStore_Cucumber\build\downloads\1702574018054_29552_1
[main] INFO com.codeborne.selenide.webdriver.SelenideNettyClientFactory - Changed readTimeout from PT3M to PT1M30S
[main] INFO com.codeborne.selenide.webdriver.SelenideNettyClientFactory - Changed readTimeout from PT3M to PT1M30S
Dec 14, 2023 6:13:41 PM org.openqa.selenium.devtools.CdpVersionFinder findNearestMatch
WARNING: Unable to find CDP implementation matching 120
Dec 14, 2023 6:13:41 PM org.openqa.selenium.chromium.ChromiumDriver lambda$new$5
WARNING: Unable to find version of CDP to use for 120.0.6099.71. You may need to include a dependency on a specific version of the CDP using something similar to `org.seleniumhq.selenium:selenium-devtools-v86:4.11.0` where the version ("v86") matches the version of the chromium-based browser you're using and the version number of the artifact is the same as Selenium's.
[main] INFO com.codeborne.selenide.webdriver.WebDriverFactory - BrowserName=chrome Version=120.0.6099.71 Platform=windows
[main] INFO com.codeborne.selenide.webdriver.WebDriverFactory - Selenide v. 6.17.0
[main] INFO com.codeborne.selenide.webdriver.WebDriverFactory - Selenium WebDriver v. 4.11.0 build revision: 040bc5406b
[main] INFO com.codeborne.selenide.drivercommands.CreateDriverCommand - Created webdriver in thread 1: ChromeDriver -> ChromeDriver: chrome on windows (701c7d9cebbddfba9dd663969a8b47dc)
[main] INFO com.codeborne.selenide.drivercommands.DisposablesRegistry - Register WebDriverInstance[config=StaticConfig,webDriver=ChromeDriver: chrome on windows (701c7d9cebbddfba9dd663969a8b47dc),proxy=null,downloadsFolder=C:\Users\alexd\Projetos\BookStore_Cucumber\build\downloads\1702574018054_29552_1] in 1 [size=1]
]]></system-err>
  </testcase>
  <testcase name="When I follow Login Link" classname="Scenario: Success login with valid data" time="0.001"/>
  <testcase name="And I input &quot;Ronny&quot; to userName field" classname="Scenario: Success login with valid data" time="0"/>
  <testcase name="And I input &quot;123Ron321&amp;&quot; to password field" classname="Scenario: Success login with valid data" time="0"/>
  <testcase name="When I click the Login button" classname="Scenario: Success login with valid data" time="0"/>
  <testcase name="Then I am on the Profile page" classname="Scenario: Success login with valid data" time="0"/>
  <testcase name="" classname="Scenario: Success login with valid data" time="0.568">
    <system-err><![CDATA[[main] INFO com.codeborne.selenide.impl.FileHelper - Deleted empty folder: C:\Users\alexd\Projetos\BookStore_Cucumber\build\downloads\1702574018054_29552_1
[main] INFO com.codeborne.selenide.drivercommands.CloseDriverCommand - Close webdriver: 1 -> ChromeDriver: chrome on windows (701c7d9cebbddfba9dd663969a8b47dc)...
[main] INFO com.codeborne.selenide.drivercommands.CloseDriverCommand - Closed webdriver 1 in 557 ms
[main] INFO com.codeborne.selenide.drivercommands.DisposablesRegistry - Unregister WebDriverInstance[config=StaticConfig,webDriver=ChromeDriver: chrome on windows (null),proxy=null,downloadsFolder=C:\Users\alexd\Projetos\BookStore_Cucumber\build\downloads\1702574018054_29552_1] in 1 [size=0]
]]></system-err>
  </testcase>
  <testcase name="Given I open Book Store" classname="| Ronn | 123Ron321&amp; | Invalid username or password! |" time="0">
    <system-err><![CDATA[[main] INFO com.codeborne.selenide.impl.WebDriverThreadLocalContainer - No webdriver is bound to current thread: 1 - let's create a new webdriver
[main] INFO com.codeborne.selenide.impl.FileHelper - Creating folder: C:\Users\alexd\Projetos\BookStore_Cucumber\build\downloads\1702574039301_29552_1
[main] INFO com.codeborne.selenide.webdriver.SelenideNettyClientFactory - Changed readTimeout from PT3M to PT1M30S
[main] INFO com.codeborne.selenide.webdriver.SelenideNettyClientFactory - Changed readTimeout from PT3M to PT1M30S
Dec 14, 2023 6:14:02 PM org.openqa.selenium.devtools.CdpVersionFinder findNearestMatch
WARNING: Unable to find CDP implementation matching 120
Dec 14, 2023 6:14:02 PM org.openqa.selenium.chromium.ChromiumDriver lambda$new$5
WARNING: Unable to find version of CDP to use for 120.0.6099.71. You may need to include a dependency on a specific version of the CDP using something similar to `org.seleniumhq.selenium:selenium-devtools-v86:4.11.0` where the version ("v86") matches the version of the chromium-based browser you're using and the version number of the artifact is the same as Selenium's.
[main] INFO com.codeborne.selenide.webdriver.WebDriverFactory - BrowserName=chrome Version=120.0.6099.71 Platform=windows
[main] INFO com.codeborne.selenide.webdriver.WebDriverFactory - Selenide v. 6.17.0
[main] INFO com.codeborne.selenide.webdriver.WebDriverFactory - Selenium WebDriver v. 4.11.0 build revision: 040bc5406b
[main] INFO com.codeborne.selenide.drivercommands.CreateDriverCommand - Created webdriver in thread 1: ChromeDriver -> ChromeDriver: chrome on windows (e738893bbd4ed7c3e20bb89a4a8c13bc)
[main] INFO com.codeborne.selenide.drivercommands.DisposablesRegistry - Register WebDriverInstance[config=StaticConfig,webDriver=ChromeDriver: chrome on windows (e738893bbd4ed7c3e20bb89a4a8c13bc),proxy=null,downloadsFolder=C:\Users\alexd\Projetos\BookStore_Cucumber\build\downloads\1702574039301_29552_1] in 1 [size=1]
]]></system-err>
  </testcase>
  <testcase name="When I follow Login Link" classname="| Ronn | 123Ron321&amp; | Invalid username or password! |" time="0"/>
  <testcase name="And I input &quot;Ronn&quot; to userName field" classname="| Ronn | 123Ron321&amp; | Invalid username or password! |" time="0"/>
  <testcase name="And I input &quot;123Ron321&amp;&quot; to password field" classname="| Ronn | 123Ron321&amp; | Invalid username or password! |" time="0.001"/>
  <testcase name="When I click the Login button" classname="| Ronn | 123Ron321&amp; | Invalid username or password! |" time="0"/>
  <testcase name="Then I see the message &quot;Invalid username or password!&quot; is displayed" classname="| Ronn | 123Ron321&amp; | Invalid username or password! |" time="0"/>
  <testcase name="" classname="| Ronn | 123Ron321&amp; | Invalid username or password! |" time="1.536">
    <system-err><![CDATA[[main] INFO com.codeborne.selenide.impl.FileHelper - Deleted empty folder: C:\Users\alexd\Projetos\BookStore_Cucumber\build\downloads\1702574039301_29552_1
[main] INFO com.codeborne.selenide.drivercommands.CloseDriverCommand - Close webdriver: 1 -> ChromeDriver: chrome on windows (e738893bbd4ed7c3e20bb89a4a8c13bc)...
[main] INFO com.codeborne.selenide.drivercommands.CloseDriverCommand - Closed webdriver 1 in 1527 ms
[main] INFO com.codeborne.selenide.drivercommands.DisposablesRegistry - Unregister WebDriverInstance[config=StaticConfig,webDriver=ChromeDriver: chrome on windows (null),proxy=null,downloadsFolder=C:\Users\alexd\Projetos\BookStore_Cucumber\build\downloads\1702574039301_29552_1] in 1 [size=0]
]]></system-err>
  </testcase>
  <testcase name="Given I open Book Store" classname="| Ronny | 123Ron321 | Invalid username or password! |" time="0">
    <system-err><![CDATA[[main] INFO com.codeborne.selenide.impl.WebDriverThreadLocalContainer - No webdriver is bound to current thread: 1 - let's create a new webdriver
[main] INFO com.codeborne.selenide.impl.FileHelper - Creating folder: C:\Users\alexd\Projetos\BookStore_Cucumber\build\downloads\1702574066893_29552_1
[main] INFO com.codeborne.selenide.webdriver.SelenideNettyClientFactory - Changed readTimeout from PT3M to PT1M30S
[main] INFO com.codeborne.selenide.webdriver.SelenideNettyClientFactory - Changed readTimeout from PT3M to PT1M30S
Dec 14, 2023 6:14:29 PM org.openqa.selenium.devtools.CdpVersionFinder findNearestMatch
WARNING: Unable to find CDP implementation matching 120
Dec 14, 2023 6:14:29 PM org.openqa.selenium.chromium.ChromiumDriver lambda$new$5
WARNING: Unable to find version of CDP to use for 120.0.6099.71. You may need to include a dependency on a specific version of the CDP using something similar to `org.seleniumhq.selenium:selenium-devtools-v86:4.11.0` where the version ("v86") matches the version of the chromium-based browser you're using and the version number of the artifact is the same as Selenium's.
[main] INFO com.codeborne.selenide.webdriver.WebDriverFactory - BrowserName=chrome Version=120.0.6099.71 Platform=windows
[main] INFO com.codeborne.selenide.webdriver.WebDriverFactory - Selenide v. 6.17.0
[main] INFO com.codeborne.selenide.webdriver.WebDriverFactory - Selenium WebDriver v. 4.11.0 build revision: 040bc5406b
[main] INFO com.codeborne.selenide.drivercommands.CreateDriverCommand - Created webdriver in thread 1: ChromeDriver -> ChromeDriver: chrome on windows (06545e6c5864f0a4951fb5e405298fed)
[main] INFO com.codeborne.selenide.drivercommands.DisposablesRegistry - Register WebDriverInstance[config=StaticConfig,webDriver=ChromeDriver: chrome on windows (06545e6c5864f0a4951fb5e405298fed),proxy=null,downloadsFolder=C:\Users\alexd\Projetos\BookStore_Cucumber\build\downloads\1702574066893_29552_1] in 1 [size=1]
]]></system-err>
  </testcase>
  <testcase name="When I follow Login Link" classname="| Ronny | 123Ron321 | Invalid username or password! |" time="0.001"/>
  <testcase name="And I input &quot;Ronny&quot; to userName field" classname="| Ronny | 123Ron321 | Invalid username or password! |" time="0"/>
  <testcase name="And I input &quot;123Ron321&quot; to password field" classname="| Ronny | 123Ron321 | Invalid username or password! |" time="0"/>
  <testcase name="When I click the Login button" classname="| Ronny | 123Ron321 | Invalid username or password! |" time="0"/>
  <testcase name="Then I see the message &quot;Invalid username or password!&quot; is displayed" classname="| Ronny | 123Ron321 | Invalid username or password! |" time="0"/>
  <testcase name="" classname="| Ronny | 123Ron321 | Invalid username or password! |" time="0.461">
    <system-err><![CDATA[[main] INFO com.codeborne.selenide.impl.FileHelper - Deleted empty folder: C:\Users\alexd\Projetos\BookStore_Cucumber\build\downloads\1702574066893_29552_1
[main] INFO com.codeborne.selenide.drivercommands.CloseDriverCommand - Close webdriver: 1 -> ChromeDriver: chrome on windows (06545e6c5864f0a4951fb5e405298fed)...
[main] INFO com.codeborne.selenide.drivercommands.CloseDriverCommand - Closed webdriver 1 in 456 ms
[main] INFO com.codeborne.selenide.drivercommands.DisposablesRegistry - Unregister WebDriverInstance[config=StaticConfig,webDriver=ChromeDriver: chrome on windows (null),proxy=null,downloadsFolder=C:\Users\alexd\Projetos\BookStore_Cucumber\build\downloads\1702574066893_29552_1] in 1 [size=0]
]]></system-err>
  </testcase>
  <testcase name="Given I open Book Store" classname="|  | 123Ron321&amp; | Please fill out this field. |" time="0">
    <system-err><![CDATA[[main] INFO com.codeborne.selenide.impl.WebDriverThreadLocalContainer - No webdriver is bound to current thread: 1 - let's create a new webdriver
[main] INFO com.codeborne.selenide.impl.FileHelper - Creating folder: C:\Users\alexd\Projetos\BookStore_Cucumber\build\downloads\1702574086693_29552_1
[main] INFO com.codeborne.selenide.webdriver.SelenideNettyClientFactory - Changed readTimeout from PT3M to PT1M30S
[main] INFO com.codeborne.selenide.webdriver.SelenideNettyClientFactory - Changed readTimeout from PT3M to PT1M30S
Dec 14, 2023 6:14:49 PM org.openqa.selenium.devtools.CdpVersionFinder findNearestMatch
WARNING: Unable to find CDP implementation matching 120
Dec 14, 2023 6:14:49 PM org.openqa.selenium.chromium.ChromiumDriver lambda$new$5
WARNING: Unable to find version of CDP to use for 120.0.6099.71. You may need to include a dependency on a specific version of the CDP using something similar to `org.seleniumhq.selenium:selenium-devtools-v86:4.11.0` where the version ("v86") matches the version of the chromium-based browser you're using and the version number of the artifact is the same as Selenium's.
[main] INFO com.codeborne.selenide.webdriver.WebDriverFactory - BrowserName=chrome Version=120.0.6099.71 Platform=windows
[main] INFO com.codeborne.selenide.webdriver.WebDriverFactory - Selenide v. 6.17.0
[main] INFO com.codeborne.selenide.webdriver.WebDriverFactory - Selenium WebDriver v. 4.11.0 build revision: 040bc5406b
[main] INFO com.codeborne.selenide.drivercommands.CreateDriverCommand - Created webdriver in thread 1: ChromeDriver -> ChromeDriver: chrome on windows (4d36db3e9558ec3fb10f9ecd1436264b)
[main] INFO com.codeborne.selenide.drivercommands.DisposablesRegistry - Register WebDriverInstance[config=StaticConfig,webDriver=ChromeDriver: chrome on windows (4d36db3e9558ec3fb10f9ecd1436264b),proxy=null,downloadsFolder=C:\Users\alexd\Projetos\BookStore_Cucumber\build\downloads\1702574086693_29552_1] in 1 [size=1]
]]></system-err>
  </testcase>
  <testcase name="When I follow Login Link" classname="|  | 123Ron321&amp; | Please fill out this field. |" time="0.002"/>
  <testcase name="And I input &quot;&quot; to userName field" classname="|  | 123Ron321&amp; | Please fill out this field. |" time="0"/>
  <testcase name="And I input &quot;123Ron321&amp;&quot; to password field" classname="|  | 123Ron321&amp; | Please fill out this field. |" time="0"/>
  <testcase name="When I click the Login button" classname="|  | 123Ron321&amp; | Please fill out this field. |" time="0"/>
  <testcase name="Then I see the following message &quot;Please fill out this field.&quot; is displayed" classname="|  | 123Ron321&amp; | Please fill out this field. |" time="0"/>
  <testcase name="" classname="|  | 123Ron321&amp; | Please fill out this field. |" time="0.445">
    <system-err><![CDATA[[main] INFO com.codeborne.selenide.impl.FileHelper - Deleted empty folder: C:\Users\alexd\Projetos\BookStore_Cucumber\build\downloads\1702574086693_29552_1
[main] INFO com.codeborne.selenide.drivercommands.CloseDriverCommand - Close webdriver: 1 -> ChromeDriver: chrome on windows (4d36db3e9558ec3fb10f9ecd1436264b)...
[main] INFO com.codeborne.selenide.drivercommands.CloseDriverCommand - Closed webdriver 1 in 437 ms
[main] INFO com.codeborne.selenide.drivercommands.DisposablesRegistry - Unregister WebDriverInstance[config=StaticConfig,webDriver=ChromeDriver: chrome on windows (null),proxy=null,downloadsFolder=C:\Users\alexd\Projetos\BookStore_Cucumber\build\downloads\1702574086693_29552_1] in 1 [size=0]
]]></system-err>
  </testcase>
  <testcase name="Given I open Book Store" classname="| Ronny |  | Please fill out this field. |" time="0">
    <system-err><![CDATA[[main] INFO com.codeborne.selenide.impl.WebDriverThreadLocalContainer - No webdriver is bound to current thread: 1 - let's create a new webdriver
[main] INFO com.codeborne.selenide.impl.FileHelper - Creating folder: C:\Users\alexd\Projetos\BookStore_Cucumber\build\downloads\1702574107845_29552_1
[main] INFO com.codeborne.selenide.webdriver.SelenideNettyClientFactory - Changed readTimeout from PT3M to PT1M30S
[main] INFO com.codeborne.selenide.webdriver.SelenideNettyClientFactory - Changed readTimeout from PT3M to PT1M30S
Dec 14, 2023 6:15:10 PM org.openqa.selenium.devtools.CdpVersionFinder findNearestMatch
WARNING: Unable to find CDP implementation matching 120
Dec 14, 2023 6:15:10 PM org.openqa.selenium.chromium.ChromiumDriver lambda$new$5
WARNING: Unable to find version of CDP to use for 120.0.6099.71. You may need to include a dependency on a specific version of the CDP using something similar to `org.seleniumhq.selenium:selenium-devtools-v86:4.11.0` where the version ("v86") matches the version of the chromium-based browser you're using and the version number of the artifact is the same as Selenium's.
[main] INFO com.codeborne.selenide.webdriver.WebDriverFactory - BrowserName=chrome Version=120.0.6099.71 Platform=windows
[main] INFO com.codeborne.selenide.webdriver.WebDriverFactory - Selenide v. 6.17.0
[main] INFO com.codeborne.selenide.webdriver.WebDriverFactory - Selenium WebDriver v. 4.11.0 build revision: 040bc5406b
[main] INFO com.codeborne.selenide.drivercommands.CreateDriverCommand - Created webdriver in thread 1: ChromeDriver -> ChromeDriver: chrome on windows (ee773c29a4b10c517377d4a070373b28)
[main] INFO com.codeborne.selenide.drivercommands.DisposablesRegistry - Register WebDriverInstance[config=StaticConfig,webDriver=ChromeDriver: chrome on windows (ee773c29a4b10c517377d4a070373b28),proxy=null,downloadsFolder=C:\Users\alexd\Projetos\BookStore_Cucumber\build\downloads\1702574107845_29552_1] in 1 [size=1]
]]></system-err>
  </testcase>
  <testcase name="When I follow Login Link" classname="| Ronny |  | Please fill out this field. |" time="0"/>
  <testcase name="And I input &quot;Ronny&quot; to userName field" classname="| Ronny |  | Please fill out this field. |" time="0"/>
  <testcase name="And I input &quot;&quot; to password field" classname="| Ronny |  | Please fill out this field. |" time="0"/>
  <testcase name="When I click the Login button" classname="| Ronny |  | Please fill out this field. |" time="0"/>
  <testcase name="Then I see the following message &quot;Please fill out this field.&quot; is displayed" classname="| Ronny |  | Please fill out this field. |" time="0"/>
  <testcase name="" classname="| Ronny |  | Please fill out this field. |" time="0.525">
    <system-err><![CDATA[[main] INFO com.codeborne.selenide.impl.FileHelper - Deleted empty folder: C:\Users\alexd\Projetos\BookStore_Cucumber\build\downloads\1702574107845_29552_1
[main] INFO com.codeborne.selenide.drivercommands.CloseDriverCommand - Close webdriver: 1 -> ChromeDriver: chrome on windows (ee773c29a4b10c517377d4a070373b28)...
[main] INFO com.codeborne.selenide.drivercommands.CloseDriverCommand - Closed webdriver 1 in 517 ms
[main] INFO com.codeborne.selenide.drivercommands.DisposablesRegistry - Unregister WebDriverInstance[config=StaticConfig,webDriver=ChromeDriver: chrome on windows (null),proxy=null,downloadsFolder=C:\Users\alexd\Projetos\BookStore_Cucumber\build\downloads\1702574107845_29552_1] in 1 [size=0]
]]></system-err>
  </testcase>
  <testcase name="Given I open Book Store" classname="|  |  | Please fill out this field. |" time="0">
    <system-err><![CDATA[[main] INFO com.codeborne.selenide.impl.WebDriverThreadLocalContainer - No webdriver is bound to current thread: 1 - let's create a new webdriver
[main] INFO com.codeborne.selenide.impl.FileHelper - Creating folder: C:\Users\alexd\Projetos\BookStore_Cucumber\build\downloads\1702574127250_29552_1
[main] INFO com.codeborne.selenide.webdriver.SelenideNettyClientFactory - Changed readTimeout from PT3M to PT1M30S
[main] INFO com.codeborne.selenide.webdriver.SelenideNettyClientFactory - Changed readTimeout from PT3M to PT1M30S
Dec 14, 2023 6:15:29 PM org.openqa.selenium.devtools.CdpVersionFinder findNearestMatch
WARNING: Unable to find CDP implementation matching 120
Dec 14, 2023 6:15:29 PM org.openqa.selenium.chromium.ChromiumDriver lambda$new$5
WARNING: Unable to find version of CDP to use for 120.0.6099.71. You may need to include a dependency on a specific version of the CDP using something similar to `org.seleniumhq.selenium:selenium-devtools-v86:4.11.0` where the version ("v86") matches the version of the chromium-based browser you're using and the version number of the artifact is the same as Selenium's.
[main] INFO com.codeborne.selenide.webdriver.WebDriverFactory - BrowserName=chrome Version=120.0.6099.71 Platform=windows
[main] INFO com.codeborne.selenide.webdriver.WebDriverFactory - Selenide v. 6.17.0
[main] INFO com.codeborne.selenide.webdriver.WebDriverFactory - Selenium WebDriver v. 4.11.0 build revision: 040bc5406b
[main] INFO com.codeborne.selenide.drivercommands.CreateDriverCommand - Created webdriver in thread 1: ChromeDriver -> ChromeDriver: chrome on windows (df1f3d3cc9360d73978778b0461caf5a)
[main] INFO com.codeborne.selenide.drivercommands.DisposablesRegistry - Register WebDriverInstance[config=StaticConfig,webDriver=ChromeDriver: chrome on windows (df1f3d3cc9360d73978778b0461caf5a),proxy=null,downloadsFolder=C:\Users\alexd\Projetos\BookStore_Cucumber\build\downloads\1702574127250_29552_1] in 1 [size=1]
]]></system-err>
  </testcase>
  <testcase name="When I follow Login Link" classname="|  |  | Please fill out this field. |" time="0"/>
  <testcase name="And I input &quot;&quot; to userName field" classname="|  |  | Please fill out this field. |" time="0"/>
  <testcase name="And I input &quot;&quot; to password field" classname="|  |  | Please fill out this field. |" time="0"/>
  <testcase name="When I click the Login button" classname="|  |  | Please fill out this field. |" time="0"/>
  <testcase name="Then I see the following message &quot;Please fill out this field.&quot; is displayed" classname="|  |  | Please fill out this field. |" time="0"/>
  <testcase name="" classname="|  |  | Please fill out this field. |" time="0.617">
    <system-err><![CDATA[[main] INFO com.codeborne.selenide.impl.FileHelper - Deleted empty folder: C:\Users\alexd\Projetos\BookStore_Cucumber\build\downloads\1702574127250_29552_1
[main] INFO com.codeborne.selenide.drivercommands.CloseDriverCommand - Close webdriver: 1 -> ChromeDriver: chrome on windows (df1f3d3cc9360d73978778b0461caf5a)...
[main] INFO com.codeborne.selenide.drivercommands.CloseDriverCommand - Closed webdriver 1 in 605 ms
[main] INFO com.codeborne.selenide.drivercommands.DisposablesRegistry - Unregister WebDriverInstance[config=StaticConfig,webDriver=ChromeDriver: chrome on windows (null),proxy=null,downloadsFolder=C:\Users\alexd\Projetos\BookStore_Cucumber\build\downloads\1702574127250_29552_1] in 1 [size=0]
]]></system-err>
  </testcase>
  <testcase name="Given I open Book Store" classname="Scenario: Successful logout" time="0">
    <system-err><![CDATA[[main] INFO com.codeborne.selenide.impl.WebDriverThreadLocalContainer - No webdriver is bound to current thread: 1 - let's create a new webdriver
[main] INFO com.codeborne.selenide.impl.FileHelper - Creating folder: C:\Users\alexd\Projetos\BookStore_Cucumber\build\downloads\1702574145853_29552_1
[main] INFO com.codeborne.selenide.webdriver.SelenideNettyClientFactory - Changed readTimeout from PT3M to PT1M30S
[main] INFO com.codeborne.selenide.webdriver.SelenideNettyClientFactory - Changed readTimeout from PT3M to PT1M30S
Dec 14, 2023 6:15:48 PM org.openqa.selenium.devtools.CdpVersionFinder findNearestMatch
WARNING: Unable to find CDP implementation matching 120
Dec 14, 2023 6:15:48 PM org.openqa.selenium.chromium.ChromiumDriver lambda$new$5
WARNING: Unable to find version of CDP to use for 120.0.6099.71. You may need to include a dependency on a specific version of the CDP using something similar to `org.seleniumhq.selenium:selenium-devtools-v86:4.11.0` where the version ("v86") matches the version of the chromium-based browser you're using and the version number of the artifact is the same as Selenium's.
[main] INFO com.codeborne.selenide.webdriver.WebDriverFactory - BrowserName=chrome Version=120.0.6099.71 Platform=windows
[main] INFO com.codeborne.selenide.webdriver.WebDriverFactory - Selenide v. 6.17.0
[main] INFO com.codeborne.selenide.webdriver.WebDriverFactory - Selenium WebDriver v. 4.11.0 build revision: 040bc5406b
[main] INFO com.codeborne.selenide.drivercommands.CreateDriverCommand - Created webdriver in thread 1: ChromeDriver -> ChromeDriver: chrome on windows (6f1231f3fbff2bc74842684acb0af533)
[main] INFO com.codeborne.selenide.drivercommands.DisposablesRegistry - Register WebDriverInstance[config=StaticConfig,webDriver=ChromeDriver: chrome on windows (6f1231f3fbff2bc74842684acb0af533),proxy=null,downloadsFolder=C:\Users\alexd\Projetos\BookStore_Cucumber\build\downloads\1702574145853_29552_1] in 1 [size=1]
]]></system-err>
  </testcase>
  <testcase name="When I follow Login Link" classname="Scenario: Successful logout" time="0"/>
  <testcase name="And I input &quot;Ronny&quot; to userName field" classname="Scenario: Successful logout" time="0"/>
  <testcase name="And I input &quot;123Ron321&amp;&quot; to password field" classname="Scenario: Successful logout" time="0"/>
  <testcase name="When I click the Login button" classname="Scenario: Successful logout" time="0"/>
  <testcase name="Then I am on the Profile page" classname="Scenario: Successful logout" time="0"/>
  <testcase name="When I click Log Out button" classname="Scenario: Successful logout" time="0"/>
  <testcase name="Then I am on the Login page" classname="Scenario: Successful logout" time="0.001"/>
  <testcase name="When I follow the Profile link on the Sidebar" classname="Scenario: Successful logout" time="0"/>
  <testcase name="Then I see the the message &quot;Currently you are not logged into the Book Store application,&quot;" classname="Scenario: Successful logout" time="0"/>
  <testcase name="" classname="Scenario: Successful logout" time="0.595">
    <system-err><![CDATA[[main] INFO com.codeborne.selenide.impl.FileHelper - Deleted empty folder: C:\Users\alexd\Projetos\BookStore_Cucumber\build\downloads\1702574145853_29552_1
[main] INFO com.codeborne.selenide.drivercommands.CloseDriverCommand - Close webdriver: 1 -> ChromeDriver: chrome on windows (6f1231f3fbff2bc74842684acb0af533)...
[main] INFO com.codeborne.selenide.drivercommands.CloseDriverCommand - Closed webdriver 1 in 582 ms
[main] INFO com.codeborne.selenide.drivercommands.DisposablesRegistry - Unregister WebDriverInstance[config=StaticConfig,webDriver=ChromeDriver: chrome on windows (null),proxy=null,downloadsFolder=C:\Users\alexd\Projetos\BookStore_Cucumber\build\downloads\1702574145853_29552_1] in 1 [size=0]
]]></system-err>
  </testcase>
  <testcase name="Given I open Book Store" classname="Scenario: Open book website link" time="0">
    <system-err><![CDATA[[main] INFO com.codeborne.selenide.impl.WebDriverThreadLocalContainer - No webdriver is bound to current thread: 1 - let's create a new webdriver
[main] INFO com.codeborne.selenide.impl.FileHelper - Creating folder: C:\Users\alexd\Projetos\BookStore_Cucumber\build\downloads\1702574231322_29552_1
[main] INFO com.codeborne.selenide.webdriver.SelenideNettyClientFactory - Changed readTimeout from PT3M to PT1M30S
[main] INFO com.codeborne.selenide.webdriver.SelenideNettyClientFactory - Changed readTimeout from PT3M to PT1M30S
Dec 14, 2023 6:17:13 PM org.openqa.selenium.devtools.CdpVersionFinder findNearestMatch
WARNING: Unable to find CDP implementation matching 120
Dec 14, 2023 6:17:13 PM org.openqa.selenium.chromium.ChromiumDriver lambda$new$5
WARNING: Unable to find version of CDP to use for 120.0.6099.71. You may need to include a dependency on a specific version of the CDP using something similar to `org.seleniumhq.selenium:selenium-devtools-v86:4.11.0` where the version ("v86") matches the version of the chromium-based browser you're using and the version number of the artifact is the same as Selenium's.
[main] INFO com.codeborne.selenide.webdriver.WebDriverFactory - BrowserName=chrome Version=120.0.6099.71 Platform=windows
[main] INFO com.codeborne.selenide.webdriver.WebDriverFactory - Selenide v. 6.17.0
[main] INFO com.codeborne.selenide.webdriver.WebDriverFactory - Selenium WebDriver v. 4.11.0 build revision: 040bc5406b
[main] INFO com.codeborne.selenide.drivercommands.CreateDriverCommand - Created webdriver in thread 1: ChromeDriver -> ChromeDriver: chrome on windows (162296046d448c2f01f37bec35dad7a1)
[main] INFO com.codeborne.selenide.drivercommands.DisposablesRegistry - Register WebDriverInstance[config=StaticConfig,webDriver=ChromeDriver: chrome on windows (162296046d448c2f01f37bec35dad7a1),proxy=null,downloadsFolder=C:\Users\alexd\Projetos\BookStore_Cucumber\build\downloads\1702574231322_29552_1] in 1 [size=1]
]]></system-err>
  </testcase>
  <testcase name="When I follow &quot;3&quot; book link" classname="Scenario: Open book website link" time="0"/>
  <testcase name="Then I am on the Book Detailed Information page" classname="Scenario: Open book website link" time="0"/>
  <testcase name="When I follow book website link" classname="Scenario: Open book website link" time="0"/>
  <testcase name="Then I am on the &quot;Learning JavaScript Design Patterns&quot; book page" classname="Scenario: Open book website link" time="0.012">
    <failure message="Element not found {By.xpath: //*[text()=&apos;Learning JavaScript Design Patterns&apos;]}&#10;Expected: exist&#10;Screenshot: file:/C:/Users/alexd/Projetos/BookStore_Cucumber/build/reports/tests/1702574251626.2.png&#10;Page source: file:/C:/Users/alexd/Projetos/BookStore_Cucumber/build/reports/tests/1702574251626.2.html&#10;Timeout: 4 s.&#10;Caused by: NoSuchElementException: no such element: Unable to locate element: {&quot;method&quot;:&quot;xpath&quot;,&quot;selector&quot;:&quot;//*[text()=&apos;Learning JavaScript Design Patterns&apos;]&quot;}" type="Element not found {By.xpath"><![CDATA[Element not found {By.xpath: //*[text()='Learning JavaScript Design Patterns']}
Expected: exist
Screenshot: file:/C:/Users/alexd/Projetos/BookStore_Cucumber/build/reports/tests/1702574251626.2.png
Page source: file:/C:/Users/alexd/Projetos/BookStore_Cucumber/build/reports/tests/1702574251626.2.html
Timeout: 4 s.
Caused by: NoSuchElementException: no such element: Unable to locate element: {"method":"xpath","selector":"//*[text()='Learning JavaScript Design Patterns']"}
	at com.codeborne.selenide.impl.WebElementSource.createElementNotFoundError(WebElementSource.java:91)
	at com.codeborne.selenide.impl.ElementFinder.createElementNotFoundError(ElementFinder.java:142)
	at com.codeborne.selenide.impl.ExceptionWrapper.wrap(ExceptionWrapper.java:32)
	at com.codeborne.selenide.impl.SelenideElementProxy.dispatchAndRetry(SelenideElementProxy.java:154)
	at com.codeborne.selenide.impl.SelenideElementProxy.invoke(SelenideElementProxy.java:84)
	at jdk.proxy2/jdk.proxy2.$Proxy22.scrollIntoView(Unknown Source)
	at steps.DetailedInformation.iAmOnTheBookPage(DetailedInformation.java:39)
	at ✽.Then I am on the "Learning JavaScript Design Patterns" book page(RegisteredUserReadBook.feature:13)
Caused by: org.openqa.selenium.NoSuchElementException: no such element: Unable to locate element: {"method":"xpath","selector":"//*[text()='Learning JavaScript Design Patterns']"}
  (Session info: chrome=120.0.6099.71)
For documentation on this error, please visit: https://www.selenium.dev/documentation/webdriver/troubleshooting/errors#no-such-element-exception
Build info: version: '4.11.0', revision: '040bc5406b'
System info: os.name: 'Windows 11', os.arch: 'amd64', os.version: '10.0', java.version: '19.0.2'
Driver info: org.openqa.selenium.chrome.ChromeDriver
Command: [162296046d448c2f01f37bec35dad7a1, findElement {using=xpath, value=//*[text()='Learning JavaScript Design Patterns']}]
Capabilities {acceptInsecureCerts: true, browserName: chrome, browserVersion: 120.0.6099.71, chrome: {chromedriverVersion: 120.0.6099.71 (9729082fe617..., userDataDir: C:\Users\alexd\AppData\Loca...}, fedcm:accounts: true, goog:chromeOptions: {debuggerAddress: localhost:64168}, networkConnectionEnabled: false, pageLoadStrategy: normal, platformName: windows, proxy: Proxy(), se:cdp: ws://localhost:64168/devtoo..., se:cdpVersion: 120.0.6099.71, setWindowRect: true, strictFileInteractability: false, timeouts: {implicit: 0, pageLoad: 300000, script: 30000}, unhandledPromptBehavior: accept, webauthn:extension:credBlob: true, webauthn:extension:largeBlob: true, webauthn:extension:minPinLength: true, webauthn:extension:prf: true, webauthn:virtualAuthenticators: true}
Session ID: 162296046d448c2f01f37bec35dad7a1
	at java.base/jdk.internal.reflect.DirectConstructorHandleAccessor.newInstance(DirectConstructorHandleAccessor.java:67)
	at java.base/java.lang.reflect.Constructor.newInstanceWithCaller(Constructor.java:500)
	at java.base/java.lang.reflect.Constructor.newInstance(Constructor.java:484)
	at org.openqa.selenium.remote.codec.w3c.W3CHttpResponseCodec.createException(W3CHttpResponseCodec.java:200)
	at org.openqa.selenium.remote.codec.w3c.W3CHttpResponseCodec.decode(W3CHttpResponseCodec.java:133)
	at org.openqa.selenium.remote.codec.w3c.W3CHttpResponseCodec.decode(W3CHttpResponseCodec.java:52)
	at org.openqa.selenium.remote.HttpCommandExecutor.execute(HttpCommandExecutor.java:191)
	at org.openqa.selenium.remote.service.DriverCommandExecutor.invokeExecute(DriverCommandExecutor.java:196)
	at org.openqa.selenium.remote.service.DriverCommandExecutor.execute(DriverCommandExecutor.java:171)
	at org.openqa.selenium.remote.RemoteWebDriver.execute(RemoteWebDriver.java:518)
	at org.openqa.selenium.remote.ElementLocation$ElementFinder$2.findElement(ElementLocation.java:165)
	at org.openqa.selenium.remote.ElementLocation.findElement(ElementLocation.java:59)
	at org.openqa.selenium.remote.RemoteWebDriver.findElement(RemoteWebDriver.java:355)
	at org.openqa.selenium.remote.RemoteWebDriver.findElement(RemoteWebDriver.java:349)
	at com.codeborne.selenide.impl.WebElementSelector.findElement(WebElementSelector.java:70)
	at com.codeborne.selenide.impl.WebElementSelector.findElement(WebElementSelector.java:44)
	at com.codeborne.selenide.impl.WebElementSelector.findElement(WebElementSelector.java:33)
	at com.codeborne.selenide.impl.ElementFinder.getWebElement(ElementFinder.java:122)
	at com.codeborne.selenide.commands.ScrollIntoView.execute(ScrollIntoView.java:20)
	at com.codeborne.selenide.commands.ScrollIntoView.execute(ScrollIntoView.java:14)
	at com.codeborne.selenide.commands.Commands.execute(Commands.java:163)
	at com.codeborne.selenide.impl.SelenideElementProxy.dispatchAndRetry(SelenideElementProxy.java:132)
	at com.codeborne.selenide.impl.SelenideElementProxy.invoke(SelenideElementProxy.java:84)
	at jdk.proxy2/jdk.proxy2.$Proxy22.scrollIntoView(Unknown Source)
	at steps.DetailedInformation.iAmOnTheBookPage(DetailedInformation.java:39)
	at java.base/jdk.internal.reflect.DirectMethodHandleAccessor.invoke(DirectMethodHandleAccessor.java:104)
	at java.base/java.lang.reflect.Method.invoke(Method.java:578)
	at cucumber.runtime.Utils$1.call(Utils.java:40)
	at cucumber.runtime.Timeout.timeout(Timeout.java:16)
	at cucumber.runtime.Utils.invoke(Utils.java:34)
	at cucumber.runtime.java.JavaStepDefinition.execute(JavaStepDefinition.java:38)
	at cucumber.runtime.StepDefinitionMatch.runStep(StepDefinitionMatch.java:37)
	at cucumber.runtime.Runtime.runStep(Runtime.java:300)
	at cucumber.runtime.model.StepContainer.runStep(StepContainer.java:44)
	at cucumber.runtime.model.StepContainer.runSteps(StepContainer.java:39)
	at cucumber.runtime.model.CucumberScenario.run(CucumberScenario.java:44)
	at cucumber.runtime.junit.ExecutionUnitRunner.run(ExecutionUnitRunner.java:102)
	at cucumber.runtime.junit.FeatureRunner.runChild(FeatureRunner.java:63)
	at cucumber.runtime.junit.FeatureRunner.runChild(FeatureRunner.java:18)
	at org.junit.runners.ParentRunner$3.run(ParentRunner.java:290)
	at org.junit.runners.ParentRunner$1.schedule(ParentRunner.java:71)
	at org.junit.runners.ParentRunner.runChildren(ParentRunner.java:288)
	at org.junit.runners.ParentRunner.access$000(ParentRunner.java:58)
	at org.junit.runners.ParentRunner$2.evaluate(ParentRunner.java:268)
	at org.junit.runners.ParentRunner.run(ParentRunner.java:363)
	at cucumber.runtime.junit.FeatureRunner.run(FeatureRunner.java:70)
	at cucumber.api.junit.Cucumber.runChild(Cucumber.java:95)
	at cucumber.api.junit.Cucumber.runChild(Cucumber.java:38)
	at org.junit.runners.ParentRunner$3.run(ParentRunner.java:290)
	at org.junit.runners.ParentRunner$1.schedule(ParentRunner.java:71)
	at org.junit.runners.ParentRunner.runChildren(ParentRunner.java:288)
	at org.junit.runners.ParentRunner.access$000(ParentRunner.java:58)
	at org.junit.runners.ParentRunner$2.evaluate(ParentRunner.java:268)
	at org.junit.runners.ParentRunner.run(ParentRunner.java:363)
	at cucumber.api.junit.Cucumber.run(Cucumber.java:100)
	at org.apache.maven.surefire.junit4.JUnit4Provider.execute(JUnit4Provider.java:377)
	at org.apache.maven.surefire.junit4.JUnit4Provider.executeWithRerun(JUnit4Provider.java:284)
	at org.apache.maven.surefire.junit4.JUnit4Provider.executeTestSet(JUnit4Provider.java:248)
	at org.apache.maven.surefire.junit4.JUnit4Provider.invoke(JUnit4Provider.java:167)
	at org.apache.maven.surefire.booter.ForkedBooter.runSuitesInProcess(ForkedBooter.java:456)
	at org.apache.maven.surefire.booter.ForkedBooter.execute(ForkedBooter.java:169)
	at org.apache.maven.surefire.booter.ForkedBooter.run(ForkedBooter.java:595)
	at org.apache.maven.surefire.booter.ForkedBooter.main(ForkedBooter.java:581)
]]></failure>
  </testcase>
  <testcase name="" classname="Scenario: Open book website link" time="0.012">
    <failure message="Element not found {By.xpath: //*[text()=&apos;Learning JavaScript Design Patterns&apos;]}&#10;Expected: exist&#10;Screenshot: file:/C:/Users/alexd/Projetos/BookStore_Cucumber/build/reports/tests/1702574251626.2.png&#10;Page source: file:/C:/Users/alexd/Projetos/BookStore_Cucumber/build/reports/tests/1702574251626.2.html&#10;Timeout: 4 s.&#10;Caused by: NoSuchElementException: no such element: Unable to locate element: {&quot;method&quot;:&quot;xpath&quot;,&quot;selector&quot;:&quot;//*[text()=&apos;Learning JavaScript Design Patterns&apos;]&quot;}" type="Element not found {By.xpath"><![CDATA[Element not found {By.xpath: //*[text()='Learning JavaScript Design Patterns']}
Expected: exist
Screenshot: file:/C:/Users/alexd/Projetos/BookStore_Cucumber/build/reports/tests/1702574251626.2.png
Page source: file:/C:/Users/alexd/Projetos/BookStore_Cucumber/build/reports/tests/1702574251626.2.html
Timeout: 4 s.
Caused by: NoSuchElementException: no such element: Unable to locate element: {"method":"xpath","selector":"//*[text()='Learning JavaScript Design Patterns']"}
	at com.codeborne.selenide.impl.WebElementSource.createElementNotFoundError(WebElementSource.java:91)
	at com.codeborne.selenide.impl.ElementFinder.createElementNotFoundError(ElementFinder.java:142)
	at com.codeborne.selenide.impl.ExceptionWrapper.wrap(ExceptionWrapper.java:32)
	at com.codeborne.selenide.impl.SelenideElementProxy.dispatchAndRetry(SelenideElementProxy.java:154)
	at com.codeborne.selenide.impl.SelenideElementProxy.invoke(SelenideElementProxy.java:84)
	at jdk.proxy2/jdk.proxy2.$Proxy22.scrollIntoView(Unknown Source)
	at steps.DetailedInformation.iAmOnTheBookPage(DetailedInformation.java:39)
	at ✽.Then I am on the "Learning JavaScript Design Patterns" book page(RegisteredUserReadBook.feature:13)
Caused by: org.openqa.selenium.NoSuchElementException: no such element: Unable to locate element: {"method":"xpath","selector":"//*[text()='Learning JavaScript Design Patterns']"}
  (Session info: chrome=120.0.6099.71)
For documentation on this error, please visit: https://www.selenium.dev/documentation/webdriver/troubleshooting/errors#no-such-element-exception
Build info: version: '4.11.0', revision: '040bc5406b'
System info: os.name: 'Windows 11', os.arch: 'amd64', os.version: '10.0', java.version: '19.0.2'
Driver info: org.openqa.selenium.chrome.ChromeDriver
Command: [162296046d448c2f01f37bec35dad7a1, findElement {using=xpath, value=//*[text()='Learning JavaScript Design Patterns']}]
Capabilities {acceptInsecureCerts: true, browserName: chrome, browserVersion: 120.0.6099.71, chrome: {chromedriverVersion: 120.0.6099.71 (9729082fe617..., userDataDir: C:\Users\alexd\AppData\Loca...}, fedcm:accounts: true, goog:chromeOptions: {debuggerAddress: localhost:64168}, networkConnectionEnabled: false, pageLoadStrategy: normal, platformName: windows, proxy: Proxy(), se:cdp: ws://localhost:64168/devtoo..., se:cdpVersion: 120.0.6099.71, setWindowRect: true, strictFileInteractability: false, timeouts: {implicit: 0, pageLoad: 300000, script: 30000}, unhandledPromptBehavior: accept, webauthn:extension:credBlob: true, webauthn:extension:largeBlob: true, webauthn:extension:minPinLength: true, webauthn:extension:prf: true, webauthn:virtualAuthenticators: true}
Session ID: 162296046d448c2f01f37bec35dad7a1
	at java.base/jdk.internal.reflect.DirectConstructorHandleAccessor.newInstance(DirectConstructorHandleAccessor.java:67)
	at java.base/java.lang.reflect.Constructor.newInstanceWithCaller(Constructor.java:500)
	at java.base/java.lang.reflect.Constructor.newInstance(Constructor.java:484)
	at org.openqa.selenium.remote.codec.w3c.W3CHttpResponseCodec.createException(W3CHttpResponseCodec.java:200)
	at org.openqa.selenium.remote.codec.w3c.W3CHttpResponseCodec.decode(W3CHttpResponseCodec.java:133)
	at org.openqa.selenium.remote.codec.w3c.W3CHttpResponseCodec.decode(W3CHttpResponseCodec.java:52)
	at org.openqa.selenium.remote.HttpCommandExecutor.execute(HttpCommandExecutor.java:191)
	at org.openqa.selenium.remote.service.DriverCommandExecutor.invokeExecute(DriverCommandExecutor.java:196)
	at org.openqa.selenium.remote.service.DriverCommandExecutor.execute(DriverCommandExecutor.java:171)
	at org.openqa.selenium.remote.RemoteWebDriver.execute(RemoteWebDriver.java:518)
	at org.openqa.selenium.remote.ElementLocation$ElementFinder$2.findElement(ElementLocation.java:165)
	at org.openqa.selenium.remote.ElementLocation.findElement(ElementLocation.java:59)
	at org.openqa.selenium.remote.RemoteWebDriver.findElement(RemoteWebDriver.java:355)
	at org.openqa.selenium.remote.RemoteWebDriver.findElement(RemoteWebDriver.java:349)
	at com.codeborne.selenide.impl.WebElementSelector.findElement(WebElementSelector.java:70)
	at com.codeborne.selenide.impl.WebElementSelector.findElement(WebElementSelector.java:44)
	at com.codeborne.selenide.impl.WebElementSelector.findElement(WebElementSelector.java:33)
	at com.codeborne.selenide.impl.ElementFinder.getWebElement(ElementFinder.java:122)
	at com.codeborne.selenide.commands.ScrollIntoView.execute(ScrollIntoView.java:20)
	at com.codeborne.selenide.commands.ScrollIntoView.execute(ScrollIntoView.java:14)
	at com.codeborne.selenide.commands.Commands.execute(Commands.java:163)
	at com.codeborne.selenide.impl.SelenideElementProxy.dispatchAndRetry(SelenideElementProxy.java:132)
	at com.codeborne.selenide.impl.SelenideElementProxy.invoke(SelenideElementProxy.java:84)
	at jdk.proxy2/jdk.proxy2.$Proxy22.scrollIntoView(Unknown Source)
	at steps.DetailedInformation.iAmOnTheBookPage(DetailedInformation.java:39)
	at java.base/jdk.internal.reflect.DirectMethodHandleAccessor.invoke(DirectMethodHandleAccessor.java:104)
	at java.base/java.lang.reflect.Method.invoke(Method.java:578)
	at cucumber.runtime.Utils$1.call(Utils.java:40)
	at cucumber.runtime.Timeout.timeout(Timeout.java:16)
	at cucumber.runtime.Utils.invoke(Utils.java:34)
	at cucumber.runtime.java.JavaStepDefinition.execute(JavaStepDefinition.java:38)
	at cucumber.runtime.StepDefinitionMatch.runStep(StepDefinitionMatch.java:37)
	at cucumber.runtime.Runtime.runStep(Runtime.java:300)
	at cucumber.runtime.model.StepContainer.runStep(StepContainer.java:44)
	at cucumber.runtime.model.StepContainer.runSteps(StepContainer.java:39)
	at cucumber.runtime.model.CucumberScenario.run(CucumberScenario.java:44)
	at cucumber.runtime.junit.ExecutionUnitRunner.run(ExecutionUnitRunner.java:102)
	at cucumber.runtime.junit.FeatureRunner.runChild(FeatureRunner.java:63)
	at cucumber.runtime.junit.FeatureRunner.runChild(FeatureRunner.java:18)
	at org.junit.runners.ParentRunner$3.run(ParentRunner.java:290)
	at org.junit.runners.ParentRunner$1.schedule(ParentRunner.java:71)
	at org.junit.runners.ParentRunner.runChildren(ParentRunner.java:288)
	at org.junit.runners.ParentRunner.access$000(ParentRunner.java:58)
	at org.junit.runners.ParentRunner$2.evaluate(ParentRunner.java:268)
	at org.junit.runners.ParentRunner.run(ParentRunner.java:363)
	at cucumber.runtime.junit.FeatureRunner.run(FeatureRunner.java:70)
	at cucumber.api.junit.Cucumber.runChild(Cucumber.java:95)
	at cucumber.api.junit.Cucumber.runChild(Cucumber.java:38)
	at org.junit.runners.ParentRunner$3.run(ParentRunner.java:290)
	at org.junit.runners.ParentRunner$1.schedule(ParentRunner.java:71)
	at org.junit.runners.ParentRunner.runChildren(ParentRunner.java:288)
	at org.junit.runners.ParentRunner.access$000(ParentRunner.java:58)
	at org.junit.runners.ParentRunner$2.evaluate(ParentRunner.java:268)
	at org.junit.runners.ParentRunner.run(ParentRunner.java:363)
	at cucumber.api.junit.Cucumber.run(Cucumber.java:100)
	at org.apache.maven.surefire.junit4.JUnit4Provider.execute(JUnit4Provider.java:377)
	at org.apache.maven.surefire.junit4.JUnit4Provider.executeWithRerun(JUnit4Provider.java:284)
	at org.apache.maven.surefire.junit4.JUnit4Provider.executeTestSet(JUnit4Provider.java:248)
	at org.apache.maven.surefire.junit4.JUnit4Provider.invoke(JUnit4Provider.java:167)
	at org.apache.maven.surefire.booter.ForkedBooter.runSuitesInProcess(ForkedBooter.java:456)
	at org.apache.maven.surefire.booter.ForkedBooter.execute(ForkedBooter.java:169)
	at org.apache.maven.surefire.booter.ForkedBooter.run(ForkedBooter.java:595)
	at org.apache.maven.surefire.booter.ForkedBooter.main(ForkedBooter.java:581)
]]></failure>
  </testcase>
  <testcase name="Given I open Book Store" classname="Scenario: Register user without ReCaptcha" time="0.003">
    <system-err><![CDATA[[main] INFO com.codeborne.selenide.impl.WebDriverThreadLocalContainer - No webdriver is bound to current thread: 1 - let's create a new webdriver
[main] INFO com.codeborne.selenide.impl.FileHelper - Creating folder: C:\Users\alexd\Projetos\BookStore_Cucumber\build\downloads\1702574402387_29552_1
[main] INFO com.codeborne.selenide.webdriver.SelenideNettyClientFactory - Changed readTimeout from PT3M to PT1M30S
[main] INFO com.codeborne.selenide.webdriver.SelenideNettyClientFactory - Changed readTimeout from PT3M to PT1M30S
Dec 14, 2023 6:20:04 PM org.openqa.selenium.devtools.CdpVersionFinder findNearestMatch
WARNING: Unable to find CDP implementation matching 120
Dec 14, 2023 6:20:04 PM org.openqa.selenium.chromium.ChromiumDriver lambda$new$5
WARNING: Unable to find version of CDP to use for 120.0.6099.71. You may need to include a dependency on a specific version of the CDP using something similar to `org.seleniumhq.selenium:selenium-devtools-v86:4.11.0` where the version ("v86") matches the version of the chromium-based browser you're using and the version number of the artifact is the same as Selenium's.
[main] INFO com.codeborne.selenide.webdriver.WebDriverFactory - BrowserName=chrome Version=120.0.6099.71 Platform=windows
[main] INFO com.codeborne.selenide.webdriver.WebDriverFactory - Selenide v. 6.17.0
[main] INFO com.codeborne.selenide.webdriver.WebDriverFactory - Selenium WebDriver v. 4.11.0 build revision: 040bc5406b
[main] INFO com.codeborne.selenide.drivercommands.CreateDriverCommand - Created webdriver in thread 1: ChromeDriver -> ChromeDriver: chrome on windows (5987836b42eab14eee42eba7c56c7723)
[main] INFO com.codeborne.selenide.drivercommands.DisposablesRegistry - Register WebDriverInstance[config=StaticConfig,webDriver=ChromeDriver: chrome on windows (5987836b42eab14eee42eba7c56c7723),proxy=null,downloadsFolder=C:\Users\alexd\Projetos\BookStore_Cucumber\build\downloads\1702574402387_29552_1] in 1 [size=1]
]]></system-err>
  </testcase>
  <testcase name="When I click the Login button on the Book Store page" classname="Scenario: Register user without ReCaptcha" time="0"/>
  <testcase name="Then I am on the Login page" classname="Scenario: Register user without ReCaptcha" time="0"/>
  <testcase name="When I click New User button" classname="Scenario: Register user without ReCaptcha" time="0"/>
  <testcase name="Then I am on the Registration page" classname="Scenario: Register user without ReCaptcha" time="0"/>
  <testcase name="When I enter the &quot;Neil&quot; in the FirstName input field" classname="Scenario: Register user without ReCaptcha" time="0"/>
  <testcase name="And I enter &quot;Armstrong&quot; in the LastName input field" classname="Scenario: Register user without ReCaptcha" time="0"/>
  <testcase name="And I enter &quot;Neil&quot; in the UserName input field" classname="Scenario: Register user without ReCaptcha" time="0"/>
  <testcase name="And I enter &quot;123Neil321&amp;&quot; password in the Password input field" classname="Scenario: Register user without ReCaptcha" time="0"/>
  <testcase name="And I click the Register button" classname="Scenario: Register user without ReCaptcha" time="0"/>
  <testcase name="Then I see on the Login page &quot;Please verify reCaptcha to register!&quot; message" classname="Scenario: Register user without ReCaptcha" time="0"/>
  <testcase name="" classname="Scenario: Register user without ReCaptcha" time="0.626">
    <system-err><![CDATA[[main] INFO com.codeborne.selenide.impl.FileHelper - Deleted empty folder: C:\Users\alexd\Projetos\BookStore_Cucumber\build\downloads\1702574402387_29552_1
[main] INFO com.codeborne.selenide.drivercommands.CloseDriverCommand - Close webdriver: 1 -> ChromeDriver: chrome on windows (5987836b42eab14eee42eba7c56c7723)...
[main] INFO com.codeborne.selenide.drivercommands.CloseDriverCommand - Closed webdriver 1 in 621 ms
[main] INFO com.codeborne.selenide.drivercommands.DisposablesRegistry - Unregister WebDriverInstance[config=StaticConfig,webDriver=ChromeDriver: chrome on windows (null),proxy=null,downloadsFolder=C:\Users\alexd\Projetos\BookStore_Cucumber\build\downloads\1702574402387_29552_1] in 1 [size=0]
]]></system-err>
  </testcase>
</testsuite>